<?xml version="1.0" encoding="UTF-8"?>
<coverage generated="1760869531319" clover="3.2.0">
  <project timestamp="1760869531319" name="All files">
    <metrics statements="934" coveredstatements="15" conditionals="722" coveredconditionals="10" methods="71" coveredmethods="2" elements="1727" coveredelements="27" complexity="0" loc="934" ncloc="934" packages="1" files="4" classes="4"/>
    <file name="index-complex.js" path="/Users/stefanpalsson/parentload copy/parentload-clean/functions/index-complex.js">
      <metrics statements="40" coveredstatements="0" conditionals="24" coveredconditionals="0" methods="4" coveredmethods="0"/>
      <line num="1" count="0" type="stmt"/>
      <line num="2" count="0" type="stmt"/>
      <line num="3" count="0" type="stmt"/>
      <line num="4" count="0" type="stmt"/>
      <line num="7" count="0" type="stmt"/>
      <line num="10" count="0" type="stmt"/>
      <line num="25" count="0" type="stmt"/>
      <line num="28" count="0" type="cond" truecount="0" falsecount="2"/>
      <line num="32" count="0" type="stmt"/>
      <line num="35" count="0" type="stmt"/>
      <line num="36" count="0" type="stmt"/>
      <line num="37" count="0" type="stmt"/>
      <line num="41" count="0" type="stmt"/>
      <line num="43" count="0" type="stmt"/>
      <line num="44" count="0" type="stmt"/>
      <line num="46" count="0" type="stmt"/>
      <line num="54" count="0" type="stmt"/>
      <line num="55" count="0" type="stmt"/>
      <line num="57" count="0" type="stmt"/>
      <line num="60" count="0" type="stmt"/>
      <line num="63" count="0" type="cond" truecount="0" falsecount="2"/>
      <line num="64" count="0" type="stmt"/>
      <line num="65" count="0" type="stmt"/>
      <line num="72" count="0" type="stmt"/>
      <line num="75" count="0" type="stmt"/>
      <line num="83" count="0" type="stmt"/>
      <line num="86" count="0" type="stmt"/>
      <line num="95" count="0" type="stmt"/>
      <line num="97" count="0" type="stmt"/>
      <line num="100" count="0" type="cond" truecount="0" falsecount="2"/>
      <line num="102" count="0" type="cond" truecount="0" falsecount="2"/>
      <line num="103" count="0" type="cond" truecount="0" falsecount="2"/>
      <line num="105" count="0" type="stmt"/>
      <line num="110" count="0" type="cond" truecount="0" falsecount="2"/>
      <line num="112" count="0" type="stmt"/>
      <line num="118" count="0" type="stmt"/>
      <line num="127" count="0" type="stmt"/>
      <line num="128" count="0" type="stmt"/>
      <line num="129" count="0" type="stmt"/>
      <line num="136" count="0" type="stmt"/>
    </file>
    <file name="index.js" path="/Users/stefanpalsson/parentload copy/parentload-clean/functions/index.js">
      <metrics statements="693" coveredstatements="0" conditionals="587" coveredconditionals="0" methods="46" coveredmethods="0"/>
      <line num="1" count="0" type="stmt"/>
      <line num="2" count="0" type="stmt"/>
      <line num="3" count="0" type="stmt"/>
      <line num="4" count="0" type="stmt"/>
      <line num="7" count="0" type="cond" truecount="0" falsecount="2"/>
      <line num="8" count="0" type="stmt"/>
      <line num="12" count="0" type="stmt"/>
      <line num="13" count="0" type="cond" truecount="0" falsecount="2"/>
      <line num="14" count="0" type="stmt"/>
      <line num="15" count="0" type="cond" truecount="0" falsecount="2"/>
      <line num="16" count="0" type="stmt"/>
      <line num="20" count="0" type="stmt"/>
      <line num="21" count="0" type="stmt"/>
      <line num="22" count="0" type="stmt"/>
      <line num="23" count="0" type="stmt"/>
      <line num="24" count="0" type="cond" truecount="0" falsecount="4"/>
      <line num="25" count="0" type="stmt"/>
      <line num="26" count="0" type="cond" truecount="0" falsecount="4"/>
      <line num="27" count="0" type="stmt"/>
      <line num="30" count="0" type="stmt"/>
      <line num="34" count="0" type="stmt"/>
      <line num="41" count="0" type="stmt"/>
      <line num="42" count="0" type="stmt"/>
      <line num="44" count="0" type="cond" truecount="0" falsecount="2"/>
      <line num="45" count="0" type="stmt"/>
      <line num="46" count="0" type="stmt"/>
      <line num="50" count="0" type="cond" truecount="0" falsecount="5"/>
      <line num="51" count="0" type="stmt"/>
      <line num="56" count="0" type="stmt"/>
      <line num="59" count="0" type="cond" truecount="0" falsecount="2"/>
      <line num="60" count="0" type="stmt"/>
      <line num="61" count="0" type="stmt"/>
      <line num="64" count="0" type="stmt"/>
      <line num="65" count="0" type="cond" truecount="0" falsecount="3"/>
      <line num="67" count="0" type="cond" truecount="0" falsecount="2"/>
      <line num="68" count="0" type="stmt"/>
      <line num="69" count="0" type="stmt"/>
      <line num="70" count="0" type="stmt"/>
      <line num="73" count="0" type="stmt"/>
      <line num="85" count="0" type="stmt"/>
      <line num="87" count="0" type="cond" truecount="0" falsecount="2"/>
      <line num="88" count="0" type="cond" truecount="0" falsecount="2"/>
      <line num="96" count="0" type="stmt"/>
      <line num="103" count="0" type="stmt"/>
      <line num="104" count="0" type="stmt"/>
      <line num="106" count="0" type="cond" truecount="0" falsecount="2"/>
      <line num="107" count="0" type="stmt"/>
      <line num="108" count="0" type="stmt"/>
      <line num="112" count="0" type="cond" truecount="0" falsecount="4"/>
      <line num="113" count="0" type="stmt"/>
      <line num="114" count="0" type="cond" truecount="0" falsecount="4"/>
      <line num="115" count="0" type="stmt"/>
      <line num="117" count="0" type="stmt"/>
      <line num="124" count="0" type="stmt"/>
      <line num="129" count="0" type="cond" truecount="0" falsecount="2"/>
      <line num="130" count="0" type="stmt"/>
      <line num="131" count="0" type="stmt"/>
      <line num="134" count="0" type="stmt"/>
      <line num="135" count="0" type="stmt"/>
      <line num="137" count="0" type="cond" truecount="0" falsecount="2"/>
      <line num="138" count="0" type="stmt"/>
      <line num="139" count="0" type="stmt"/>
      <line num="143" count="0" type="stmt"/>
      <line num="144" count="0" type="stmt"/>
      <line num="145" count="0" type="stmt"/>
      <line num="146" count="0" type="stmt"/>
      <line num="148" count="0" type="stmt"/>
      <line num="150" count="0" type="stmt"/>
      <line num="151" count="0" type="stmt"/>
      <line num="153" count="0" type="stmt"/>
      <line num="158" count="0" type="cond" truecount="0" falsecount="2"/>
      <line num="159" count="0" type="stmt"/>
      <line num="160" count="0" type="stmt"/>
      <line num="161" count="0" type="cond" truecount="0" falsecount="3"/>
      <line num="162" count="0" type="cond" truecount="0" falsecount="2"/>
      <line num="163" count="0" type="stmt"/>
      <line num="164" count="0" type="stmt"/>
      <line num="165" count="0" type="cond" truecount="0" falsecount="3"/>
      <line num="169" count="0" type="cond" truecount="0" falsecount="2"/>
      <line num="170" count="0" type="stmt"/>
      <line num="173" count="0" type="cond" truecount="0" falsecount="4"/>
      <line num="174" count="0" type="stmt"/>
      <line num="175" count="0" type="stmt"/>
      <line num="179" count="0" type="stmt"/>
      <line num="181" count="0" type="cond" truecount="0" falsecount="4"/>
      <line num="182" count="0" type="stmt"/>
      <line num="183" count="0" type="stmt"/>
      <line num="187" count="0" type="cond" truecount="0" falsecount="2"/>
      <line num="188" count="0" type="stmt"/>
      <line num="192" count="0" type="stmt"/>
      <line num="196" count="0" type="stmt"/>
      <line num="199" count="0" type="stmt"/>
      <line num="200" count="0" type="stmt"/>
      <line num="206" count="0" type="stmt"/>
      <line num="208" count="0" type="stmt"/>
      <line num="212" count="0" type="stmt"/>
      <line num="216" count="0" type="cond" truecount="0" falsecount="3"/>
      <line num="219" count="0" type="cond" truecount="0" falsecount="2"/>
      <line num="220" count="0" type="stmt"/>
      <line num="222" count="0" type="stmt"/>
      <line num="226" count="0" type="cond" truecount="0" falsecount="4"/>
      <line num="227" count="0" type="stmt"/>
      <line num="229" count="0" type="stmt"/>
      <line num="232" count="0" type="stmt"/>
      <line num="233" count="0" type="stmt"/>
      <line num="234" count="0" type="stmt"/>
      <line num="236" count="0" type="cond" truecount="0" falsecount="4"/>
      <line num="237" count="0" type="stmt"/>
      <line num="238" count="0" type="stmt"/>
      <line num="239" count="0" type="stmt"/>
      <line num="240" count="0" type="stmt"/>
      <line num="242" count="0" type="stmt"/>
      <line num="243" count="0" type="cond" truecount="0" falsecount="2"/>
      <line num="244" count="0" type="stmt"/>
      <line num="249" count="0" type="stmt"/>
      <line num="253" count="0" type="stmt"/>
      <line num="259" count="0" type="stmt"/>
      <line num="260" count="0" type="cond" truecount="0" falsecount="2"/>
      <line num="261" count="0" type="stmt"/>
      <line num="263" count="0" type="stmt"/>
      <line num="265" count="0" type="stmt"/>
      <line num="266" count="0" type="stmt"/>
      <line num="272" count="0" type="cond" truecount="0" falsecount="2"/>
      <line num="273" count="0" type="stmt"/>
      <line num="274" count="0" type="stmt"/>
      <line num="277" count="0" type="stmt"/>
      <line num="278" count="0" type="stmt"/>
      <line num="280" count="0" type="cond" truecount="0" falsecount="4"/>
      <line num="281" count="0" type="stmt"/>
      <line num="282" count="0" type="stmt"/>
      <line num="286" count="0" type="stmt"/>
      <line num="287" count="0" type="stmt"/>
      <line num="288" count="0" type="stmt"/>
      <line num="290" count="0" type="stmt"/>
      <line num="291" count="0" type="stmt"/>
      <line num="293" count="0" type="cond" truecount="0" falsecount="2"/>
      <line num="294" count="0" type="stmt"/>
      <line num="295" count="0" type="stmt"/>
      <line num="296" count="0" type="stmt"/>
      <line num="298" count="0" type="stmt"/>
      <line num="301" count="0" type="stmt"/>
      <line num="302" count="0" type="stmt"/>
      <line num="306" count="0" type="cond" truecount="0" falsecount="2"/>
      <line num="307" count="0" type="stmt"/>
      <line num="310" count="0" type="cond" truecount="0" falsecount="5"/>
      <line num="311" count="0" type="stmt"/>
      <line num="313" count="0" type="stmt"/>
      <line num="319" count="0" type="stmt"/>
      <line num="321" count="0" type="stmt"/>
      <line num="325" count="0" type="stmt"/>
      <line num="330" count="0" type="cond" truecount="0" falsecount="2"/>
      <line num="331" count="0" type="stmt"/>
      <line num="335" count="0" type="stmt"/>
      <line num="339" count="0" type="cond" truecount="0" falsecount="2"/>
      <line num="340" count="0" type="stmt"/>
      <line num="341" count="0" type="stmt"/>
      <line num="343" count="0" type="stmt"/>
      <line num="345" count="0" type="stmt"/>
      <line num="349" count="0" type="stmt"/>
      <line num="353" count="0" type="cond" truecount="0" falsecount="2"/>
      <line num="355" count="0" type="stmt"/>
      <line num="356" count="0" type="stmt"/>
      <line num="360" count="0" type="stmt"/>
      <line num="364" count="0" type="cond" truecount="0" falsecount="2"/>
      <line num="365" count="0" type="stmt"/>
      <line num="366" count="0" type="stmt"/>
      <line num="368" count="0" type="stmt"/>
      <line num="370" count="0" type="stmt"/>
      <line num="374" count="0" type="stmt"/>
      <line num="377" count="0" type="stmt"/>
      <line num="381" count="0" type="stmt"/>
      <line num="385" count="0" type="stmt"/>
      <line num="386" count="0" type="stmt"/>
      <line num="387" count="0" type="stmt"/>
      <line num="389" count="0" type="stmt"/>
      <line num="393" count="0" type="stmt"/>
      <line num="394" count="0" type="stmt"/>
      <line num="396" count="0" type="stmt"/>
      <line num="400" count="0" type="cond" truecount="0" falsecount="2"/>
      <line num="402" count="0" type="stmt"/>
      <line num="403" count="0" type="stmt"/>
      <line num="404" count="0" type="stmt"/>
      <line num="406" count="0" type="stmt"/>
      <line num="408" count="0" type="stmt"/>
      <line num="409" count="0" type="stmt"/>
      <line num="410" count="0" type="stmt"/>
      <line num="415" count="0" type="stmt"/>
      <line num="419" count="0" type="stmt"/>
      <line num="423" count="0" type="cond" truecount="0" falsecount="2"/>
      <line num="425" count="0" type="stmt"/>
      <line num="430" count="0" type="cond" truecount="0" falsecount="2"/>
      <line num="432" count="0" type="stmt"/>
      <line num="437" count="0" type="cond" truecount="0" falsecount="2"/>
      <line num="440" count="0" type="stmt"/>
      <line num="441" count="0" type="stmt"/>
      <line num="443" count="0" type="stmt"/>
      <line num="444" count="0" type="stmt"/>
      <line num="445" count="0" type="stmt"/>
      <line num="448" count="0" type="stmt"/>
      <line num="451" count="0" type="cond" truecount="0" falsecount="4"/>
      <line num="452" count="0" type="cond" truecount="0" falsecount="4"/>
      <line num="455" count="0" type="cond" truecount="0" falsecount="4"/>
      <line num="456" count="0" type="cond" truecount="0" falsecount="4"/>
      <line num="460" count="0" type="cond" truecount="0" falsecount="4"/>
      <line num="461" count="0" type="cond" truecount="0" falsecount="4"/>
      <line num="465" count="0" type="cond" truecount="0" falsecount="4"/>
      <line num="466" count="0" type="cond" truecount="0" falsecount="4"/>
      <line num="469" count="0" type="cond" truecount="0" falsecount="2"/>
      <line num="470" count="0" type="stmt"/>
      <line num="477" count="0" type="stmt"/>
      <line num="478" count="0" type="stmt"/>
      <line num="480" count="0" type="stmt"/>
      <line num="484" count="0" type="stmt"/>
      <line num="488" count="0" type="cond" truecount="0" falsecount="2"/>
      <line num="489" count="0" type="stmt"/>
      <line num="490" count="0" type="stmt"/>
      <line num="491" count="0" type="stmt"/>
      <line num="492" count="0" type="stmt"/>
      <line num="498" count="0" type="stmt"/>
      <line num="499" count="0" type="stmt"/>
      <line num="502" count="0" type="stmt"/>
      <line num="505" count="0" type="stmt"/>
      <line num="507" count="0" type="stmt"/>
      <line num="510" count="0" type="stmt"/>
      <line num="514" count="0" type="stmt"/>
      <line num="517" count="0" type="stmt"/>
      <line num="519" count="0" type="stmt"/>
      <line num="523" count="0" type="stmt"/>
      <line num="525" count="0" type="stmt"/>
      <line num="529" count="0" type="stmt"/>
      <line num="538" count="0" type="stmt"/>
      <line num="539" count="0" type="stmt"/>
      <line num="548" count="0" type="stmt"/>
      <line num="601" count="0" type="stmt"/>
      <line num="607" count="0" type="stmt"/>
      <line num="610" count="0" type="stmt"/>
      <line num="611" count="0" type="cond" truecount="0" falsecount="2"/>
      <line num="612" count="0" type="stmt"/>
      <line num="613" count="0" type="stmt"/>
      <line num="616" count="0" type="stmt"/>
      <line num="618" count="0" type="cond" truecount="0" falsecount="4"/>
      <line num="619" count="0" type="stmt"/>
      <line num="620" count="0" type="stmt"/>
      <line num="623" count="0" type="stmt"/>
      <line num="625" count="0" type="stmt"/>
      <line num="627" count="0" type="stmt"/>
      <line num="638" count="0" type="stmt"/>
      <line num="639" count="0" type="stmt"/>
      <line num="642" count="0" type="cond" truecount="0" falsecount="2"/>
      <line num="643" count="0" type="stmt"/>
      <line num="649" count="0" type="stmt"/>
      <line num="651" count="0" type="stmt"/>
      <line num="652" count="0" type="stmt"/>
      <line num="660" count="0" type="cond" truecount="0" falsecount="4"/>
      <line num="661" count="0" type="stmt"/>
      <line num="662" count="0" type="stmt"/>
      <line num="665" count="0" type="cond" truecount="0" falsecount="2"/>
      <line num="666" count="0" type="cond" truecount="0" falsecount="2"/>
      <line num="669" count="0" type="cond" truecount="0" falsecount="4"/>
      <line num="672" count="0" type="cond" truecount="0" falsecount="3"/>
      <line num="674" count="0" type="stmt"/>
      <line num="731" count="0" type="cond" truecount="0" falsecount="4"/>
      <line num="762" count="0" type="stmt"/>
      <line num="767" count="0" type="stmt"/>
      <line num="768" count="0" type="stmt"/>
      <line num="770" count="0" type="stmt"/>
      <line num="773" count="0" type="stmt"/>
      <line num="774" count="0" type="stmt"/>
      <line num="778" count="0" type="stmt"/>
      <line num="780" count="0" type="stmt"/>
      <line num="786" count="0" type="stmt"/>
      <line num="789" count="0" type="stmt"/>
      <line num="799" count="0" type="cond" truecount="0" falsecount="3"/>
      <line num="803" count="0" type="stmt"/>
      <line num="807" count="0" type="stmt"/>
      <line num="814" count="0" type="stmt"/>
      <line num="816" count="0" type="stmt"/>
      <line num="827" count="0" type="stmt"/>
      <line num="830" count="0" type="stmt"/>
      <line num="831" count="0" type="cond" truecount="0" falsecount="2"/>
      <line num="832" count="0" type="stmt"/>
      <line num="835" count="0" type="stmt"/>
      <line num="836" count="0" type="stmt"/>
      <line num="837" count="0" type="cond" truecount="0" falsecount="2"/>
      <line num="840" count="0" type="stmt"/>
      <line num="842" count="0" type="stmt"/>
      <line num="854" count="0" type="stmt"/>
      <line num="857" count="0" type="stmt"/>
      <line num="866" count="0" type="stmt"/>
      <line num="871" count="0" type="cond" truecount="0" falsecount="2"/>
      <line num="872" count="0" type="cond" truecount="0" falsecount="2"/>
      <line num="874" count="0" type="cond" truecount="0" falsecount="3"/>
      <line num="876" count="0" type="stmt"/>
      <line num="904" count="0" type="stmt"/>
      <line num="926" count="0" type="stmt"/>
      <line num="935" count="0" type="stmt"/>
      <line num="940" count="0" type="stmt"/>
      <line num="942" count="0" type="stmt"/>
      <line num="943" count="0" type="stmt"/>
      <line num="946" count="0" type="stmt"/>
      <line num="948" count="0" type="stmt"/>
      <line num="949" count="0" type="stmt"/>
      <line num="950" count="0" type="stmt"/>
      <line num="953" count="0" type="stmt"/>
      <line num="954" count="0" type="cond" truecount="0" falsecount="4"/>
      <line num="955" count="0" type="stmt"/>
      <line num="957" count="0" type="stmt"/>
      <line num="960" count="0" type="stmt"/>
      <line num="961" count="0" type="cond" truecount="0" falsecount="2"/>
      <line num="964" count="0" type="stmt"/>
      <line num="968" count="0" type="stmt"/>
      <line num="970" count="0" type="stmt"/>
      <line num="976" count="0" type="stmt"/>
      <line num="980" count="0" type="stmt"/>
      <line num="988" count="0" type="cond" truecount="0" falsecount="2"/>
      <line num="989" count="0" type="stmt"/>
      <line num="990" count="0" type="stmt"/>
      <line num="991" count="0" type="stmt"/>
      <line num="992" count="0" type="stmt"/>
      <line num="993" count="0" type="stmt"/>
      <line num="996" count="0" type="cond" truecount="0" falsecount="2"/>
      <line num="997" count="0" type="stmt"/>
      <line num="998" count="0" type="stmt"/>
      <line num="1001" count="0" type="stmt"/>
      <line num="1002" count="0" type="stmt"/>
      <line num="1003" count="0" type="stmt"/>
      <line num="1005" count="0" type="stmt"/>
      <line num="1013" count="0" type="stmt"/>
      <line num="1015" count="0" type="stmt"/>
      <line num="1018" count="0" type="stmt"/>
      <line num="1019" count="0" type="stmt"/>
      <line num="1020" count="0" type="stmt"/>
      <line num="1023" count="0" type="stmt"/>
      <line num="1024" count="0" type="cond" truecount="0" falsecount="4"/>
      <line num="1025" count="0" type="stmt"/>
      <line num="1026" count="0" type="cond" truecount="0" falsecount="2"/>
      <line num="1027" count="0" type="stmt"/>
      <line num="1032" count="0" type="stmt"/>
      <line num="1035" count="0" type="cond" truecount="0" falsecount="2"/>
      <line num="1036" count="0" type="stmt"/>
      <line num="1040" count="0" type="cond" truecount="0" falsecount="4"/>
      <line num="1041" count="0" type="stmt"/>
      <line num="1045" count="0" type="stmt"/>
      <line num="1054" count="0" type="stmt"/>
      <line num="1057" count="0" type="stmt"/>
      <line num="1058" count="0" type="stmt"/>
      <line num="1061" count="0" type="stmt"/>
      <line num="1065" count="0" type="cond" truecount="0" falsecount="2"/>
      <line num="1066" count="0" type="stmt"/>
      <line num="1067" count="0" type="stmt"/>
      <line num="1068" count="0" type="cond" truecount="0" falsecount="2"/>
      <line num="1071" count="0" type="stmt"/>
      <line num="1072" count="0" type="stmt"/>
      <line num="1073" count="0" type="stmt"/>
      <line num="1075" count="0" type="cond" truecount="0" falsecount="4"/>
      <line num="1076" count="0" type="cond" truecount="0" falsecount="2"/>
      <line num="1077" count="0" type="stmt"/>
      <line num="1078" count="0" type="stmt"/>
      <line num="1083" count="0" type="stmt"/>
      <line num="1089" count="0" type="cond" truecount="0" falsecount="2"/>
      <line num="1090" count="0" type="stmt"/>
      <line num="1092" count="0" type="stmt"/>
      <line num="1093" count="0" type="stmt"/>
      <line num="1096" count="0" type="stmt"/>
      <line num="1099" count="0" type="stmt"/>
      <line num="1100" count="0" type="stmt"/>
      <line num="1101" count="0" type="stmt"/>
      <line num="1103" count="0" type="stmt"/>
      <line num="1104" count="0" type="cond" truecount="0" falsecount="2"/>
      <line num="1105" count="0" type="stmt"/>
      <line num="1106" count="0" type="cond" truecount="0" falsecount="2"/>
      <line num="1109" count="0" type="stmt"/>
      <line num="1110" count="0" type="cond" truecount="0" falsecount="4"/>
      <line num="1111" count="0" type="cond" truecount="0" falsecount="2"/>
      <line num="1112" count="0" type="stmt"/>
      <line num="1113" count="0" type="stmt"/>
      <line num="1118" count="0" type="stmt"/>
      <line num="1122" count="0" type="cond" truecount="0" falsecount="5"/>
      <line num="1123" count="0" type="cond" truecount="0" falsecount="2"/>
      <line num="1124" count="0" type="stmt"/>
      <line num="1125" count="0" type="stmt"/>
      <line num="1130" count="0" type="stmt"/>
      <line num="1134" count="0" type="cond" truecount="0" falsecount="2"/>
      <line num="1137" count="0" type="cond" truecount="0" falsecount="5"/>
      <line num="1138" count="0" type="stmt"/>
      <line num="1139" count="0" type="stmt"/>
      <line num="1140" count="0" type="cond" truecount="0" falsecount="2"/>
      <line num="1141" count="0" type="cond" truecount="0" falsecount="2"/>
      <line num="1142" count="0" type="stmt"/>
      <line num="1147" count="0" type="stmt"/>
      <line num="1152" count="0" type="cond" truecount="0" falsecount="2"/>
      <line num="1156" count="0" type="cond" truecount="0" falsecount="5"/>
      <line num="1157" count="0" type="stmt"/>
      <line num="1158" count="0" type="cond" truecount="0" falsecount="2"/>
      <line num="1159" count="0" type="stmt"/>
      <line num="1160" count="0" type="stmt"/>
      <line num="1162" count="0" type="stmt"/>
      <line num="1163" count="0" type="cond" truecount="0" falsecount="2"/>
      <line num="1164" count="0" type="stmt"/>
      <line num="1165" count="0" type="stmt"/>
      <line num="1170" count="0" type="stmt"/>
      <line num="1175" count="0" type="cond" truecount="0" falsecount="5"/>
      <line num="1176" count="0" type="stmt"/>
      <line num="1177" count="0" type="stmt"/>
      <line num="1178" count="0" type="cond" truecount="0" falsecount="2"/>
      <line num="1179" count="0" type="stmt"/>
      <line num="1180" count="0" type="stmt"/>
      <line num="1185" count="0" type="stmt"/>
      <line num="1189" count="0" type="cond" truecount="0" falsecount="2"/>
      <line num="1193" count="0" type="cond" truecount="0" falsecount="2"/>
      <line num="1197" count="0" type="cond" truecount="0" falsecount="2"/>
      <line num="1198" count="0" type="stmt"/>
      <line num="1199" count="0" type="stmt"/>
      <line num="1202" count="0" type="stmt"/>
      <line num="1203" count="0" type="stmt"/>
      <line num="1222" count="0" type="stmt"/>
      <line num="1223" count="0" type="stmt"/>
      <line num="1226" count="0" type="stmt"/>
      <line num="1227" count="0" type="stmt"/>
      <line num="1231" count="0" type="stmt"/>
      <line num="1250" count="0" type="cond" truecount="0" falsecount="2"/>
      <line num="1251" count="0" type="stmt"/>
      <line num="1252" count="0" type="stmt"/>
      <line num="1253" count="0" type="stmt"/>
      <line num="1254" count="0" type="stmt"/>
      <line num="1255" count="0" type="cond" truecount="0" falsecount="2"/>
      <line num="1256" count="0" type="stmt"/>
      <line num="1266" count="0" type="stmt"/>
      <line num="1267" count="0" type="stmt"/>
      <line num="1270" count="0" type="stmt"/>
      <line num="1271" count="0" type="stmt"/>
      <line num="1272" count="0" type="cond" truecount="0" falsecount="3"/>
      <line num="1273" count="0" type="stmt"/>
      <line num="1280" count="0" type="cond" truecount="0" falsecount="2"/>
      <line num="1281" count="0" type="stmt"/>
      <line num="1283" count="0" type="stmt"/>
      <line num="1284" count="0" type="stmt"/>
      <line num="1285" count="0" type="stmt"/>
      <line num="1286" count="0" type="stmt"/>
      <line num="1289" count="0" type="stmt"/>
      <line num="1290" count="0" type="stmt"/>
      <line num="1291" count="0" type="stmt"/>
      <line num="1292" count="0" type="stmt"/>
      <line num="1293" count="0" type="cond" truecount="0" falsecount="4"/>
      <line num="1295" count="0" type="stmt"/>
      <line num="1296" count="0" type="stmt"/>
      <line num="1300" count="0" type="cond" truecount="0" falsecount="2"/>
      <line num="1301" count="0" type="cond" truecount="0" falsecount="2"/>
      <line num="1303" count="0" type="stmt"/>
      <line num="1305" count="0" type="stmt"/>
      <line num="1306" count="0" type="stmt"/>
      <line num="1309" count="0" type="stmt"/>
      <line num="1312" count="0" type="cond" truecount="0" falsecount="2"/>
      <line num="1316" count="0" type="stmt"/>
      <line num="1416" count="0" type="stmt"/>
      <line num="1436" count="0" type="cond" truecount="0" falsecount="2"/>
      <line num="1437" count="0" type="stmt"/>
      <line num="1438" count="0" type="stmt"/>
      <line num="1441" count="0" type="stmt"/>
      <line num="1449" count="0" type="stmt"/>
      <line num="1455" count="0" type="cond" truecount="0" falsecount="4"/>
      <line num="1456" count="0" type="cond" truecount="0" falsecount="2"/>
      <line num="1458" count="0" type="stmt"/>
      <line num="1460" count="0" type="stmt"/>
      <line num="1461" count="0" type="stmt"/>
      <line num="1463" count="0" type="cond" truecount="0" falsecount="2"/>
      <line num="1464" count="0" type="stmt"/>
      <line num="1466" count="0" type="stmt"/>
      <line num="1471" count="0" type="stmt"/>
      <line num="1479" count="0" type="stmt"/>
      <line num="1482" count="0" type="stmt"/>
      <line num="1486" count="0" type="stmt"/>
      <line num="1490" count="0" type="stmt"/>
      <line num="1493" count="0" type="stmt"/>
      <line num="1497" count="0" type="stmt"/>
      <line num="1500" count="0" type="stmt"/>
      <line num="1501" count="0" type="stmt"/>
      <line num="1506" count="0" type="stmt"/>
      <line num="1514" count="0" type="cond" truecount="0" falsecount="2"/>
      <line num="1515" count="0" type="stmt"/>
      <line num="1516" count="0" type="stmt"/>
      <line num="1517" count="0" type="stmt"/>
      <line num="1518" count="0" type="stmt"/>
      <line num="1519" count="0" type="stmt"/>
      <line num="1522" count="0" type="cond" truecount="0" falsecount="2"/>
      <line num="1523" count="0" type="stmt"/>
      <line num="1524" count="0" type="stmt"/>
      <line num="1527" count="0" type="stmt"/>
      <line num="1528" count="0" type="stmt"/>
      <line num="1529" count="0" type="stmt"/>
      <line num="1530" count="0" type="stmt"/>
      <line num="1532" count="0" type="stmt"/>
      <line num="1534" count="0" type="stmt"/>
      <line num="1537" count="0" type="cond" truecount="0" falsecount="4"/>
      <line num="1538" count="0" type="stmt"/>
      <line num="1541" count="0" type="stmt"/>
      <line num="1542" count="0" type="stmt"/>
      <line num="1543" count="0" type="stmt"/>
      <line num="1546" count="0" type="stmt"/>
      <line num="1547" count="0" type="stmt"/>
      <line num="1548" count="0" type="cond" truecount="0" falsecount="2"/>
      <line num="1549" count="0" type="stmt"/>
      <line num="1552" count="0" type="stmt"/>
      <line num="1553" count="0" type="stmt"/>
      <line num="1554" count="0" type="stmt"/>
      <line num="1557" count="0" type="stmt"/>
      <line num="1560" count="0" type="cond" truecount="0" falsecount="2"/>
      <line num="1561" count="0" type="stmt"/>
      <line num="1563" count="0" type="stmt"/>
      <line num="1567" count="0" type="stmt"/>
      <line num="1568" count="0" type="stmt"/>
      <line num="1570" count="0" type="cond" truecount="0" falsecount="2"/>
      <line num="1572" count="0" type="stmt"/>
      <line num="1573" count="0" type="stmt"/>
      <line num="1574" count="0" type="stmt"/>
      <line num="1575" count="0" type="cond" truecount="0" falsecount="2"/>
      <line num="1577" count="0" type="stmt"/>
      <line num="1578" count="0" type="stmt"/>
      <line num="1579" count="0" type="stmt"/>
      <line num="1592" count="0" type="cond" truecount="0" falsecount="3"/>
      <line num="1595" count="0" type="cond" truecount="0" falsecount="3"/>
      <line num="1596" count="0" type="cond" truecount="0" falsecount="3"/>
      <line num="1597" count="0" type="cond" truecount="0" falsecount="3"/>
      <line num="1598" count="0" type="cond" truecount="0" falsecount="3"/>
      <line num="1599" count="0" type="cond" truecount="0" falsecount="3"/>
      <line num="1600" count="0" type="cond" truecount="0" falsecount="3"/>
      <line num="1601" count="0" type="cond" truecount="0" falsecount="3"/>
      <line num="1603" count="0" type="stmt"/>
      <line num="1604" count="0" type="cond" truecount="0" falsecount="4"/>
      <line num="1605" count="0" type="cond" truecount="0" falsecount="2"/>
      <line num="1608" count="0" type="cond" truecount="0" falsecount="5"/>
      <line num="1609" count="0" type="stmt"/>
      <line num="1611" count="0" type="stmt"/>
      <line num="1612" count="0" type="cond" truecount="0" falsecount="2"/>
      <line num="1614" count="0" type="stmt"/>
      <line num="1615" count="0" type="stmt"/>
      <line num="1620" count="0" type="cond" truecount="0" falsecount="2"/>
      <line num="1621" count="0" type="stmt"/>
      <line num="1622" count="0" type="cond" truecount="0" falsecount="2"/>
      <line num="1623" count="0" type="stmt"/>
      <line num="1628" count="0" type="cond" truecount="0" falsecount="5"/>
      <line num="1629" count="0" type="stmt"/>
      <line num="1632" count="0" type="stmt"/>
      <line num="1636" count="0" type="stmt"/>
      <line num="1637" count="0" type="cond" truecount="0" falsecount="2"/>
      <line num="1638" count="0" type="stmt"/>
      <line num="1640" count="0" type="stmt"/>
      <line num="1642" count="0" type="stmt"/>
      <line num="1645" count="0" type="stmt"/>
      <line num="1646" count="0" type="stmt"/>
      <line num="1648" count="0" type="cond" truecount="0" falsecount="2"/>
      <line num="1649" count="0" type="stmt"/>
      <line num="1650" count="0" type="stmt"/>
      <line num="1653" count="0" type="stmt"/>
      <line num="1655" count="0" type="cond" truecount="0" falsecount="2"/>
      <line num="1656" count="0" type="stmt"/>
      <line num="1660" count="0" type="stmt"/>
      <line num="1664" count="0" type="stmt"/>
      <line num="1668" count="0" type="cond" truecount="0" falsecount="2"/>
      <line num="1669" count="0" type="stmt"/>
      <line num="1670" count="0" type="stmt"/>
      <line num="1672" count="0" type="stmt"/>
      <line num="1673" count="0" type="stmt"/>
      <line num="1676" count="0" type="cond" truecount="0" falsecount="3"/>
      <line num="1678" count="0" type="cond" truecount="0" falsecount="3"/>
      <line num="1681" count="0" type="stmt"/>
      <line num="1683" count="0" type="stmt"/>
      <line num="1685" count="0" type="cond" truecount="0" falsecount="4"/>
      <line num="1686" count="0" type="stmt"/>
      <line num="1687" count="0" type="stmt"/>
      <line num="1691" count="0" type="stmt"/>
      <line num="1695" count="0" type="cond" truecount="0" falsecount="6"/>
      <line num="1699" count="0" type="stmt"/>
      <line num="1700" count="0" type="stmt"/>
      <line num="1704" count="0" type="stmt"/>
      <line num="1710" count="0" type="stmt"/>
      <line num="1711" count="0" type="stmt"/>
      <line num="1713" count="0" type="cond" truecount="0" falsecount="2"/>
      <line num="1714" count="0" type="stmt"/>
      <line num="1717" count="0" type="cond" truecount="0" falsecount="2"/>
      <line num="1718" count="0" type="stmt"/>
      <line num="1719" count="0" type="cond" truecount="0" falsecount="2"/>
      <line num="1720" count="0" type="stmt"/>
      <line num="1723" count="0" type="stmt"/>
      <line num="1725" count="0" type="stmt"/>
      <line num="1730" count="0" type="stmt"/>
      <line num="1749" count="0" type="stmt"/>
      <line num="1750" count="0" type="stmt"/>
      <line num="1753" count="0" type="cond" truecount="0" falsecount="4"/>
      <line num="1754" count="0" type="stmt"/>
      <line num="1756" count="0" type="stmt"/>
      <line num="1758" count="0" type="stmt"/>
      <line num="1759" count="0" type="cond" truecount="0" falsecount="4"/>
      <line num="1760" count="0" type="stmt"/>
      <line num="1761" count="0" type="cond" truecount="0" falsecount="2"/>
      <line num="1762" count="0" type="cond" truecount="0" falsecount="2"/>
      <line num="1764" count="0" type="stmt"/>
      <line num="1767" count="0" type="stmt"/>
      <line num="1813" count="0" type="cond" truecount="0" falsecount="3"/>
      <line num="1815" count="0" type="cond" truecount="0" falsecount="2"/>
      <line num="1816" count="0" type="stmt"/>
      <line num="1836" count="0" type="cond" truecount="0" falsecount="2"/>
      <line num="1837" count="0" type="stmt"/>
      <line num="1838" count="0" type="stmt"/>
      <line num="1841" count="0" type="stmt"/>
      <line num="1842" count="0" type="cond" truecount="0" falsecount="2"/>
      <line num="1843" count="0" type="stmt"/>
      <line num="1846" count="0" type="stmt"/>
      <line num="1854" count="0" type="stmt"/>
      <line num="1859" count="0" type="stmt"/>
      <line num="1864" count="0" type="stmt"/>
      <line num="1867" count="0" type="stmt"/>
      <line num="1869" count="0" type="stmt"/>
      <line num="1874" count="0" type="stmt"/>
      <line num="1877" count="0" type="stmt"/>
      <line num="1878" count="0" type="cond" truecount="0" falsecount="2"/>
      <line num="1879" count="0" type="stmt"/>
      <line num="1880" count="0" type="stmt"/>
      <line num="1883" count="0" type="cond" truecount="0" falsecount="2"/>
      <line num="1884" count="0" type="stmt"/>
      <line num="1885" count="0" type="stmt"/>
      <line num="1888" count="0" type="stmt"/>
      <line num="1889" count="0" type="stmt"/>
      <line num="1891" count="0" type="cond" truecount="0" falsecount="2"/>
      <line num="1892" count="0" type="stmt"/>
      <line num="1896" count="0" type="stmt"/>
      <line num="1899" count="0" type="stmt"/>
      <line num="1900" count="0" type="stmt"/>
      <line num="1908" count="0" type="cond" truecount="0" falsecount="2"/>
      <line num="1909" count="0" type="stmt"/>
      <line num="1910" count="0" type="cond" truecount="0" falsecount="3"/>
      <line num="1912" count="0" type="stmt"/>
      <line num="1918" count="0" type="stmt"/>
      <line num="1920" count="0" type="stmt"/>
      <line num="1924" count="0" type="stmt"/>
      <line num="1927" count="0" type="stmt"/>
      <line num="1934" count="0" type="stmt"/>
      <line num="1935" count="0" type="stmt"/>
      <line num="1940" count="0" type="stmt"/>
      <line num="1943" count="0" type="stmt"/>
      <line num="1944" count="0" type="cond" truecount="0" falsecount="2"/>
      <line num="1945" count="0" type="stmt"/>
      <line num="1946" count="0" type="stmt"/>
      <line num="1949" count="0" type="cond" truecount="0" falsecount="2"/>
      <line num="1950" count="0" type="stmt"/>
      <line num="1951" count="0" type="stmt"/>
      <line num="1954" count="0" type="stmt"/>
      <line num="1955" count="0" type="stmt"/>
      <line num="1957" count="0" type="cond" truecount="0" falsecount="4"/>
      <line num="1958" count="0" type="stmt"/>
      <line num="1962" count="0" type="stmt"/>
      <line num="1963" count="0" type="stmt"/>
      <line num="1965" count="0" type="cond" truecount="0" falsecount="2"/>
      <line num="1966" count="0" type="stmt"/>
      <line num="1969" count="0" type="stmt"/>
      <line num="1972" count="0" type="cond" truecount="0" falsecount="2"/>
      <line num="1973" count="0" type="cond" truecount="0" falsecount="2"/>
      <line num="1974" count="0" type="stmt"/>
      <line num="1975" count="0" type="stmt"/>
      <line num="1979" count="0" type="cond" truecount="0" falsecount="2"/>
      <line num="1980" count="0" type="stmt"/>
      <line num="1981" count="0" type="stmt"/>
      <line num="1985" count="0" type="cond" truecount="0" falsecount="2"/>
      <line num="1986" count="0" type="stmt"/>
      <line num="1987" count="0" type="stmt"/>
      <line num="1991" count="0" type="stmt"/>
      <line num="1993" count="0" type="stmt"/>
      <line num="1999" count="0" type="stmt"/>
      <line num="2000" count="0" type="stmt"/>
      <line num="2006" count="0" type="stmt"/>
      <line num="2009" count="0" type="stmt"/>
      <line num="2010" count="0" type="cond" truecount="0" falsecount="2"/>
      <line num="2011" count="0" type="stmt"/>
      <line num="2012" count="0" type="stmt"/>
      <line num="2015" count="0" type="cond" truecount="0" falsecount="2"/>
      <line num="2016" count="0" type="stmt"/>
      <line num="2017" count="0" type="stmt"/>
      <line num="2020" count="0" type="stmt"/>
      <line num="2021" count="0" type="stmt"/>
      <line num="2024" count="0" type="cond" truecount="0" falsecount="2"/>
      <line num="2027" count="0" type="cond" truecount="0" falsecount="2"/>
      <line num="2029" count="0" type="stmt"/>
      <line num="2031" count="0" type="stmt"/>
      <line num="2037" count="0" type="stmt"/>
      <line num="2038" count="0" type="stmt"/>
      <line num="2044" count="0" type="stmt"/>
      <line num="2045" count="0" type="stmt"/>
      <line num="2070" count="0" type="stmt"/>
      <line num="2073" count="0" type="stmt"/>
      <line num="2078" count="0" type="stmt"/>
      <line num="2083" count="0" type="stmt"/>
      <line num="2088" count="0" type="stmt"/>
      <line num="2093" count="0" type="stmt"/>
    </file>
    <file name="neo4j-sync.js" path="/Users/stefanpalsson/parentload copy/parentload-clean/functions/neo4j-sync.js">
      <metrics statements="124" coveredstatements="15" conditionals="81" coveredconditionals="10" methods="18" coveredmethods="2"/>
      <line num="21" count="2" type="stmt"/>
      <line num="22" count="2" type="stmt"/>
      <line num="26" count="2" type="stmt"/>
      <line num="27" count="2" type="stmt"/>
      <line num="34" count="0" type="cond" truecount="0" falsecount="4"/>
      <line num="37" count="0" type="cond" truecount="0" falsecount="3"/>
      <line num="38" count="0" type="cond" truecount="0" falsecount="3"/>
      <line num="39" count="0" type="cond" truecount="0" falsecount="2"/>
      <line num="41" count="0" type="cond" truecount="0" falsecount="2"/>
      <line num="42" count="0" type="stmt"/>
      <line num="45" count="0" type="stmt"/>
      <line num="56" count="0" type="stmt"/>
      <line num="57" count="0" type="stmt"/>
      <line num="58" count="0" type="stmt"/>
      <line num="59" count="0" type="stmt"/>
      <line num="60" count="0" type="stmt"/>
      <line num="61" count="0" type="stmt"/>
      <line num="63" count="0" type="stmt"/>
      <line num="64" count="0" type="stmt"/>
      <line num="72" count="0" type="cond" truecount="0" falsecount="2"/>
      <line num="75" count="0" type="stmt"/>
      <line num="76" count="0" type="stmt"/>
      <line num="78" count="0" type="stmt"/>
      <line num="79" count="0" type="stmt"/>
      <line num="80" count="0" type="stmt"/>
      <line num="81" count="0" type="stmt"/>
      <line num="83" count="0" type="stmt"/>
      <line num="84" count="0" type="stmt"/>
      <line num="86" count="0" type="cond" truecount="0" falsecount="2"/>
      <line num="88" count="0" type="stmt"/>
      <line num="91" count="0" type="stmt"/>
      <line num="95" count="0" type="stmt"/>
      <line num="102" count="0" type="stmt"/>
      <line num="104" count="0" type="cond" truecount="0" falsecount="2"/>
      <line num="107" count="0" type="stmt"/>
      <line num="108" count="0" type="stmt"/>
      <line num="131" count="0" type="stmt"/>
      <line num="143" count="0" type="stmt"/>
      <line num="150" count="0" type="stmt"/>
      <line num="152" count="0" type="stmt"/>
      <line num="174" count="0" type="stmt"/>
      <line num="176" count="0" type="stmt"/>
      <line num="190" count="0" type="stmt"/>
      <line num="197" count="0" type="stmt"/>
      <line num="199" count="0" type="stmt"/>
      <line num="204" count="0" type="stmt"/>
      <line num="205" count="0" type="stmt"/>
      <line num="212" count="0" type="stmt"/>
      <line num="214" count="0" type="stmt"/>
      <line num="231" count="0" type="stmt"/>
      <line num="241" count="0" type="stmt"/>
      <line num="248" count="0" type="stmt"/>
      <line num="250" count="0" type="stmt"/>
      <line num="255" count="0" type="stmt"/>
      <line num="256" count="0" type="stmt"/>
      <line num="263" count="0" type="stmt"/>
      <line num="266" count="0" type="stmt"/>
      <line num="282" count="0" type="stmt"/>
      <line num="283" count="0" type="stmt"/>
      <line num="289" count="0" type="stmt"/>
      <line num="292" count="0" type="stmt"/>
      <line num="300" count="0" type="stmt"/>
      <line num="303" count="0" type="stmt"/>
      <line num="322" count="0" type="stmt"/>
      <line num="331" count="0" type="stmt"/>
      <line num="339" count="9" type="stmt"/>
      <line num="342" count="9" type="stmt"/>
      <line num="347" count="9" type="cond" truecount="2" falsecount="0"/>
      <line num="350" count="9" type="stmt"/>
      <line num="357" count="9" type="cond" truecount="2" falsecount="0"/>
      <line num="360" count="9" type="cond" truecount="2" falsecount="0"/>
      <line num="361" count="9" type="cond" truecount="2" falsecount="0"/>
      <line num="362" count="8" type="cond" truecount="2" falsecount="0"/>
      <line num="364" count="9" type="stmt"/>
      <line num="371" count="0" type="cond" truecount="0" falsecount="2"/>
      <line num="372" count="0" type="stmt"/>
      <line num="373" count="0" type="stmt"/>
      <line num="374" count="0" type="stmt"/>
      <line num="380" count="2" type="stmt"/>
      <line num="382" count="2" type="stmt"/>
      <line num="389" count="0" type="stmt"/>
      <line num="390" count="0" type="stmt"/>
      <line num="391" count="0" type="stmt"/>
      <line num="393" count="0" type="cond" truecount="0" falsecount="2"/>
      <line num="394" count="0" type="stmt"/>
      <line num="395" count="0" type="stmt"/>
      <line num="398" count="0" type="stmt"/>
      <line num="399" count="0" type="stmt"/>
      <line num="401" count="0" type="stmt"/>
      <line num="403" count="0" type="stmt"/>
      <line num="411" count="0" type="stmt"/>
      <line num="412" count="0" type="stmt"/>
      <line num="413" count="0" type="stmt"/>
      <line num="415" count="0" type="cond" truecount="0" falsecount="2"/>
      <line num="417" count="0" type="stmt"/>
      <line num="418" count="0" type="stmt"/>
      <line num="421" count="0" type="stmt"/>
      <line num="422" count="0" type="stmt"/>
      <line num="424" count="0" type="stmt"/>
      <line num="425" count="0" type="stmt"/>
      <line num="433" count="0" type="stmt"/>
      <line num="434" count="0" type="stmt"/>
      <line num="435" count="0" type="stmt"/>
      <line num="437" count="0" type="cond" truecount="0" falsecount="2"/>
      <line num="439" count="0" type="stmt"/>
      <line num="440" count="0" type="stmt"/>
      <line num="443" count="0" type="stmt"/>
      <line num="444" count="0" type="stmt"/>
      <line num="446" count="0" type="stmt"/>
      <line num="447" count="0" type="stmt"/>
      <line num="455" count="0" type="stmt"/>
      <line num="456" count="0" type="stmt"/>
      <line num="457" count="0" type="stmt"/>
      <line num="459" count="0" type="stmt"/>
      <line num="460" count="0" type="stmt"/>
      <line num="462" count="0" type="stmt"/>
      <line num="463" count="0" type="stmt"/>
      <line num="471" count="0" type="stmt"/>
      <line num="472" count="0" type="stmt"/>
      <line num="473" count="0" type="stmt"/>
      <line num="475" count="0" type="stmt"/>
      <line num="476" count="0" type="stmt"/>
      <line num="478" count="0" type="stmt"/>
      <line num="479" count="0" type="stmt"/>
    </file>
    <file name="sendHabitReminders.js" path="/Users/stefanpalsson/parentload copy/parentload-clean/functions/sendHabitReminders.js">
      <metrics statements="77" coveredstatements="0" conditionals="30" coveredconditionals="0" methods="3" coveredmethods="0"/>
      <line num="2" count="0" type="stmt"/>
      <line num="3" count="0" type="stmt"/>
      <line num="6" count="0" type="stmt"/>
      <line num="7" count="0" type="stmt"/>
      <line num="9" count="0" type="stmt"/>
      <line num="10" count="0" type="stmt"/>
      <line num="11" count="0" type="cond" truecount="0" falsecount="6"/>
      <line num="12" count="0" type="stmt"/>
      <line num="13" count="0" type="stmt"/>
      <line num="14" count="0" type="stmt"/>
      <line num="15" count="0" type="stmt"/>
      <line num="16" count="0" type="stmt"/>
      <line num="18" count="0" type="stmt"/>
      <line num="21" count="0" type="stmt"/>
      <line num="22" count="0" type="stmt"/>
      <line num="25" count="0" type="stmt"/>
      <line num="29" count="0" type="stmt"/>
      <line num="30" count="0" type="stmt"/>
      <line num="32" count="0" type="stmt"/>
      <line num="34" count="0" type="stmt"/>
      <line num="41" count="0" type="stmt"/>
      <line num="42" count="0" type="stmt"/>
      <line num="44" count="0" type="stmt"/>
      <line num="46" count="0" type="cond" truecount="0" falsecount="2"/>
      <line num="47" count="0" type="stmt"/>
      <line num="48" count="0" type="stmt"/>
      <line num="52" count="0" type="stmt"/>
      <line num="59" count="0" type="stmt"/>
      <line num="64" count="0" type="stmt"/>
      <line num="66" count="0" type="stmt"/>
      <line num="69" count="0" type="stmt"/>
      <line num="77" count="0" type="stmt"/>
      <line num="79" count="0" type="stmt"/>
      <line num="80" count="0" type="stmt"/>
      <line num="82" count="0" type="stmt"/>
      <line num="83" count="0" type="stmt"/>
      <line num="88" count="0" type="stmt"/>
      <line num="93" count="0" type="stmt"/>
      <line num="94" count="0" type="stmt"/>
      <line num="97" count="0" type="cond" truecount="0" falsecount="2"/>
      <line num="98" count="0" type="stmt"/>
      <line num="101" count="0" type="stmt"/>
      <line num="103" count="0" type="stmt"/>
      <line num="108" count="0" type="cond" truecount="0" falsecount="2"/>
      <line num="109" count="0" type="stmt"/>
      <line num="110" count="0" type="stmt"/>
      <line num="113" count="0" type="stmt"/>
      <line num="116" count="0" type="cond" truecount="0" falsecount="4"/>
      <line num="117" count="0" type="stmt"/>
      <line num="118" count="0" type="stmt"/>
      <line num="122" count="0" type="stmt"/>
      <line num="129" count="0" type="cond" truecount="0" falsecount="2"/>
      <line num="130" count="0" type="stmt"/>
      <line num="131" count="0" type="cond" truecount="0" falsecount="2"/>
      <line num="132" count="0" type="stmt"/>
      <line num="133" count="0" type="stmt"/>
      <line num="138" count="0" type="stmt"/>
      <line num="140" count="0" type="stmt"/>
      <line num="141" count="0" type="stmt"/>
      <line num="142" count="0" type="stmt"/>
      <line num="145" count="0" type="stmt"/>
      <line num="146" count="0" type="cond" truecount="0" falsecount="2"/>
      <line num="147" count="0" type="stmt"/>
      <line num="151" count="0" type="stmt"/>
      <line num="152" count="0" type="stmt"/>
      <line num="155" count="0" type="cond" truecount="0" falsecount="2"/>
      <line num="158" count="0" type="cond" truecount="0" falsecount="2"/>
      <line num="159" count="0" type="stmt"/>
      <line num="163" count="0" type="stmt"/>
      <line num="164" count="0" type="stmt"/>
      <line num="170" count="0" type="stmt"/>
      <line num="185" count="0" type="stmt"/>
      <line num="188" count="0" type="stmt"/>
      <line num="189" count="0" type="stmt"/>
      <line num="191" count="0" type="stmt"/>
      <line num="193" count="0" type="stmt"/>
      <line num="194" count="0" type="stmt"/>
    </file>
  </project>
</coverage>
