{"/Users/stefanpalsson/parentload copy/parentload-clean/functions/index-complex.js": {"path":"/Users/stefanpalsson/parentload copy/parentload-clean/functions/index-complex.js","statementMap":{"0":{"start":{"line":1,"column":18},"end":{"line":1,"column":47}},"1":{"start":{"line":2,"column":16},"end":{"line":2,"column":34}},"2":{"start":{"line":3,"column":14},"end":{"line":3,"column":30}},"3":{"start":{"line":4,"column":13},"end":{"line":4,"column":28}},"4":{"start":{"line":7,"column":12},"end":{"line":7,"column":21}},"5":{"start":{"line":10,"column":20},"end":{"line":23,"column":1}},"6":{"start":{"line":25,"column":0},"end":{"line":25,"column":27}},"7":{"start":{"line":28,"column":26},"end":{"line":29,"column":62}},"8":{"start":{"line":32,"column":28},"end":{"line":32,"column":67}},"9":{"start":{"line":35,"column":0},"end":{"line":38,"column":3}},"10":{"start":{"line":36,"column":2},"end":{"line":36,"column":62}},"11":{"start":{"line":37,"column":2},"end":{"line":37,"column":9}},"12":{"start":{"line":41,"column":0},"end":{"line":51,"column":3}},"13":{"start":{"line":43,"column":2},"end":{"line":43,"column":46}},"14":{"start":{"line":44,"column":2},"end":{"line":44,"column":51}},"15":{"start":{"line":46,"column":2},"end":{"line":50,"column":5}},"16":{"start":{"line":54,"column":0},"end":{"line":124,"column":3}},"17":{"start":{"line":55,"column":2},"end":{"line":123,"column":3}},"18":{"start":{"line":57,"column":4},"end":{"line":57,"column":48}},"19":{"start":{"line":60,"column":4},"end":{"line":60,"column":56}},"20":{"start":{"line":63,"column":4},"end":{"line":69,"column":5}},"21":{"start":{"line":64,"column":6},"end":{"line":64,"column":59}},"22":{"start":{"line":65,"column":6},"end":{"line":68,"column":9}},"23":{"start":{"line":72,"column":65},"end":{"line":72,"column":73}},"24":{"start":{"line":75,"column":26},"end":{"line":81,"column":5}},"25":{"start":{"line":83,"column":4},"end":{"line":83,"column":92}},"26":{"start":{"line":86,"column":27},"end":{"line":92,"column":6}},"27":{"start":{"line":95,"column":4},"end":{"line":95,"column":53}},"28":{"start":{"line":97,"column":4},"end":{"line":97,"column":54}},"29":{"start":{"line":100,"column":4},"end":{"line":122,"column":5}},"30":{"start":{"line":102,"column":21},"end":{"line":102,"column":49}},"31":{"start":{"line":103,"column":24},"end":{"line":103,"column":73}},"32":{"start":{"line":105,"column":6},"end":{"line":109,"column":9}},"33":{"start":{"line":110,"column":11},"end":{"line":122,"column":5}},"34":{"start":{"line":112,"column":6},"end":{"line":115,"column":9}},"35":{"start":{"line":118,"column":6},"end":{"line":121,"column":9}},"36":{"start":{"line":127,"column":0},"end":{"line":133,"column":3}},"37":{"start":{"line":128,"column":2},"end":{"line":128,"column":60}},"38":{"start":{"line":129,"column":2},"end":{"line":132,"column":5}},"39":{"start":{"line":136,"column":0},"end":{"line":142,"column":24}}},"fnMap":{"0":{"name":"(anonymous_0)","decl":{"start":{"line":35,"column":8},"end":{"line":35,"column":9}},"loc":{"start":{"line":35,"column":28},"end":{"line":38,"column":1}},"line":35},"1":{"name":"(anonymous_1)","decl":{"start":{"line":41,"column":39},"end":{"line":41,"column":40}},"loc":{"start":{"line":41,"column":53},"end":{"line":51,"column":1}},"line":41},"2":{"name":"(anonymous_2)","decl":{"start":{"line":54,"column":31},"end":{"line":54,"column":32}},"loc":{"start":{"line":54,"column":51},"end":{"line":124,"column":1}},"line":54},"3":{"name":"(anonymous_3)","decl":{"start":{"line":127,"column":13},"end":{"line":127,"column":14}},"loc":{"start":{"line":127,"column":27},"end":{"line":133,"column":1}},"line":127}},"branchMap":{"0":{"loc":{"start":{"line":28,"column":26},"end":{"line":29,"column":62}},"type":"binary-expr","locations":[{"start":{"line":28,"column":26},"end":{"line":28,"column":55}},{"start":{"line":29,"column":26},"end":{"line":29,"column":62}}],"line":28},"1":{"loc":{"start":{"line":63,"column":4},"end":{"line":69,"column":5}},"type":"if","locations":[{"start":{"line":63,"column":4},"end":{"line":69,"column":5}},{"start":{},"end":{}}],"line":63},"2":{"loc":{"start":{"line":76,"column":13},"end":{"line":76,"column":48}},"type":"binary-expr","locations":[{"start":{"line":76,"column":13},"end":{"line":76,"column":18}},{"start":{"line":76,"column":22},"end":{"line":76,"column":48}}],"line":76},"3":{"loc":{"start":{"line":77,"column":18},"end":{"line":77,"column":36}},"type":"binary-expr","locations":[{"start":{"line":77,"column":18},"end":{"line":77,"column":28}},{"start":{"line":77,"column":32},"end":{"line":77,"column":36}}],"line":77},"4":{"loc":{"start":{"line":78,"column":19},"end":{"line":78,"column":37}},"type":"binary-expr","locations":[{"start":{"line":78,"column":19},"end":{"line":78,"column":30}},{"start":{"line":78,"column":34},"end":{"line":78,"column":37}}],"line":78},"5":{"loc":{"start":{"line":79,"column":16},"end":{"line":79,"column":30}},"type":"binary-expr","locations":[{"start":{"line":79,"column":16},"end":{"line":79,"column":24}},{"start":{"line":79,"column":28},"end":{"line":79,"column":30}}],"line":79},"6":{"loc":{"start":{"line":80,"column":14},"end":{"line":80,"column":26}},"type":"binary-expr","locations":[{"start":{"line":80,"column":14},"end":{"line":80,"column":20}},{"start":{"line":80,"column":24},"end":{"line":80,"column":26}}],"line":80},"7":{"loc":{"start":{"line":100,"column":4},"end":{"line":122,"column":5}},"type":"if","locations":[{"start":{"line":100,"column":4},"end":{"line":122,"column":5}},{"start":{"line":110,"column":11},"end":{"line":122,"column":5}}],"line":100},"8":{"loc":{"start":{"line":102,"column":21},"end":{"line":102,"column":49}},"type":"binary-expr","locations":[{"start":{"line":102,"column":21},"end":{"line":102,"column":42}},{"start":{"line":102,"column":46},"end":{"line":102,"column":49}}],"line":102},"9":{"loc":{"start":{"line":103,"column":24},"end":{"line":103,"column":73}},"type":"binary-expr","locations":[{"start":{"line":103,"column":24},"end":{"line":103,"column":43}},{"start":{"line":103,"column":47},"end":{"line":103,"column":73}}],"line":103},"10":{"loc":{"start":{"line":110,"column":11},"end":{"line":122,"column":5}},"type":"if","locations":[{"start":{"line":110,"column":11},"end":{"line":122,"column":5}},{"start":{"line":116,"column":11},"end":{"line":122,"column":5}}],"line":110},"11":{"loc":{"start":{"line":120,"column":17},"end":{"line":120,"column":58}},"type":"binary-expr","locations":[{"start":{"line":120,"column":17},"end":{"line":120,"column":30}},{"start":{"line":120,"column":34},"end":{"line":120,"column":58}}],"line":120}},"s":{"0":0,"1":0,"2":0,"3":0,"4":0,"5":0,"6":0,"7":0,"8":0,"9":0,"10":0,"11":0,"12":0,"13":0,"14":0,"15":0,"16":0,"17":0,"18":0,"19":0,"20":0,"21":0,"22":0,"23":0,"24":0,"25":0,"26":0,"27":0,"28":0,"29":0,"30":0,"31":0,"32":0,"33":0,"34":0,"35":0,"36":0,"37":0,"38":0,"39":0},"f":{"0":0,"1":0,"2":0,"3":0},"b":{"0":[0,0],"1":[0,0],"2":[0,0],"3":[0,0],"4":[0,0],"5":[0,0],"6":[0,0],"7":[0,0],"8":[0,0],"9":[0,0],"10":[0,0],"11":[0,0]}}
,"/Users/stefanpalsson/parentload copy/parentload-clean/functions/index.js": {"path":"/Users/stefanpalsson/parentload copy/parentload-clean/functions/index.js","statementMap":{"0":{"start":{"line":1,"column":18},"end":{"line":1,"column":47}},"1":{"start":{"line":2,"column":14},"end":{"line":2,"column":39}},"2":{"start":{"line":3,"column":13},"end":{"line":3,"column":46}},"3":{"start":{"line":4,"column":14},"end":{"line":4,"column":30}},"4":{"start":{"line":7,"column":0},"end":{"line":9,"column":1}},"5":{"start":{"line":8,"column":2},"end":{"line":8,"column":24}},"6":{"start":{"line":12,"column":15},"end":{"line":12,"column":40}},"7":{"start":{"line":13,"column":0},"end":{"line":17,"column":1}},"8":{"start":{"line":14,"column":2},"end":{"line":14,"column":56}},"9":{"start":{"line":15,"column":7},"end":{"line":17,"column":1}},"10":{"start":{"line":16,"column":2},"end":{"line":16,"column":49}},"11":{"start":{"line":20,"column":19},"end":{"line":20,"column":23}},"12":{"start":{"line":21,"column":0},"end":{"line":31,"column":1}},"13":{"start":{"line":22,"column":17},"end":{"line":22,"column":34}},"14":{"start":{"line":23,"column":23},"end":{"line":23,"column":48}},"15":{"start":{"line":24,"column":2},"end":{"line":28,"column":3}},"16":{"start":{"line":25,"column":4},"end":{"line":25,"column":77}},"17":{"start":{"line":26,"column":9},"end":{"line":28,"column":3}},"18":{"start":{"line":27,"column":4},"end":{"line":27,"column":89}},"19":{"start":{"line":30,"column":2},"end":{"line":30,"column":54}},"20":{"start":{"line":34,"column":0},"end":{"line":93,"column":5}},"21":{"start":{"line":41,"column":4},"end":{"line":92,"column":7}},"22":{"start":{"line":42,"column":6},"end":{"line":42,"column":67}},"23":{"start":{"line":44,"column":6},"end":{"line":47,"column":7}},"24":{"start":{"line":45,"column":8},"end":{"line":45,"column":33}},"25":{"start":{"line":46,"column":8},"end":{"line":46,"column":15}},"26":{"start":{"line":50,"column":6},"end":{"line":57,"column":7}},"27":{"start":{"line":51,"column":8},"end":{"line":55,"column":11}},"28":{"start":{"line":56,"column":8},"end":{"line":56,"column":15}},"29":{"start":{"line":59,"column":6},"end":{"line":62,"column":7}},"30":{"start":{"line":60,"column":8},"end":{"line":60,"column":62}},"31":{"start":{"line":61,"column":8},"end":{"line":61,"column":15}},"32":{"start":{"line":64,"column":6},"end":{"line":91,"column":7}},"33":{"start":{"line":65,"column":23},"end":{"line":65,"column":127}},"34":{"start":{"line":67,"column":8},"end":{"line":71,"column":9}},"35":{"start":{"line":68,"column":10},"end":{"line":68,"column":57}},"36":{"start":{"line":69,"column":10},"end":{"line":69,"column":75}},"37":{"start":{"line":70,"column":10},"end":{"line":70,"column":17}},"38":{"start":{"line":73,"column":34},"end":{"line":83,"column":9}},"39":{"start":{"line":85,"column":8},"end":{"line":85,"column":53}},"40":{"start":{"line":87,"column":8},"end":{"line":87,"column":82}},"41":{"start":{"line":88,"column":8},"end":{"line":90,"column":11}},"42":{"start":{"line":96,"column":0},"end":{"line":120,"column":5}},"43":{"start":{"line":103,"column":4},"end":{"line":119,"column":7}},"44":{"start":{"line":104,"column":6},"end":{"line":104,"column":57}},"45":{"start":{"line":106,"column":6},"end":{"line":109,"column":7}},"46":{"start":{"line":107,"column":8},"end":{"line":107,"column":33}},"47":{"start":{"line":108,"column":8},"end":{"line":108,"column":15}},"48":{"start":{"line":112,"column":6},"end":{"line":118,"column":7}},"49":{"start":{"line":113,"column":8},"end":{"line":113,"column":39}},"50":{"start":{"line":114,"column":13},"end":{"line":118,"column":7}},"51":{"start":{"line":115,"column":8},"end":{"line":115,"column":41}},"52":{"start":{"line":117,"column":8},"end":{"line":117,"column":62}},"53":{"start":{"line":124,"column":2},"end":{"line":124,"column":64}},"54":{"start":{"line":129,"column":2},"end":{"line":132,"column":3}},"55":{"start":{"line":130,"column":4},"end":{"line":130,"column":58}},"56":{"start":{"line":131,"column":4},"end":{"line":131,"column":11}},"57":{"start":{"line":134,"column":2},"end":{"line":267,"column":3}},"58":{"start":{"line":135,"column":32},"end":{"line":135,"column":40}},"59":{"start":{"line":137,"column":4},"end":{"line":140,"column":5}},"60":{"start":{"line":138,"column":6},"end":{"line":138,"column":59}},"61":{"start":{"line":139,"column":6},"end":{"line":139,"column":13}},"62":{"start":{"line":143,"column":21},"end":{"line":143,"column":26}},"63":{"start":{"line":144,"column":21},"end":{"line":144,"column":23}},"64":{"start":{"line":145,"column":15},"end":{"line":145,"column":32}},"65":{"start":{"line":146,"column":23},"end":{"line":146,"column":42}},"66":{"start":{"line":148,"column":4},"end":{"line":185,"column":5}},"67":{"start":{"line":150,"column":25},"end":{"line":150,"column":92}},"68":{"start":{"line":151,"column":32},"end":{"line":151,"column":106}},"69":{"start":{"line":153,"column":50},"end":{"line":156,"column":8}},"70":{"start":{"line":158,"column":6},"end":{"line":166,"column":7}},"71":{"start":{"line":159,"column":8},"end":{"line":159,"column":26}},"72":{"start":{"line":160,"column":26},"end":{"line":160,"column":53}},"73":{"start":{"line":161,"column":8},"end":{"line":161,"column":66}},"74":{"start":{"line":162,"column":13},"end":{"line":166,"column":7}},"75":{"start":{"line":163,"column":8},"end":{"line":163,"column":26}},"76":{"start":{"line":164,"column":26},"end":{"line":164,"column":60}},"77":{"start":{"line":165,"column":8},"end":{"line":165,"column":66}},"78":{"start":{"line":169,"column":6},"end":{"line":177,"column":7}},"79":{"start":{"line":170,"column":8},"end":{"line":170,"column":84}},"80":{"start":{"line":173,"column":8},"end":{"line":176,"column":9}},"81":{"start":{"line":174,"column":10},"end":{"line":174,"column":70}},"82":{"start":{"line":175,"column":10},"end":{"line":175,"column":28}},"83":{"start":{"line":179,"column":6},"end":{"line":179,"column":62}},"84":{"start":{"line":181,"column":6},"end":{"line":184,"column":7}},"85":{"start":{"line":182,"column":8},"end":{"line":182,"column":68}},"86":{"start":{"line":183,"column":8},"end":{"line":183,"column":26}},"87":{"start":{"line":187,"column":4},"end":{"line":193,"column":5}},"88":{"start":{"line":188,"column":6},"end":{"line":191,"column":9}},"89":{"start":{"line":192,"column":6},"end":{"line":192,"column":13}},"90":{"start":{"line":196,"column":16},"end":{"line":196,"column":29}},"91":{"start":{"line":199,"column":4},"end":{"line":210,"column":5}},"92":{"start":{"line":200,"column":6},"end":{"line":205,"column":9}},"93":{"start":{"line":206,"column":6},"end":{"line":206,"column":58}},"94":{"start":{"line":208,"column":6},"end":{"line":208,"column":73}},"95":{"start":{"line":212,"column":4},"end":{"line":212,"column":54}},"96":{"start":{"line":216,"column":26},"end":{"line":216,"column":54}},"97":{"start":{"line":219,"column":4},"end":{"line":223,"column":5}},"98":{"start":{"line":220,"column":26},"end":{"line":220,"column":45}},"99":{"start":{"line":222,"column":6},"end":{"line":222,"column":97}},"100":{"start":{"line":226,"column":4},"end":{"line":228,"column":5}},"101":{"start":{"line":227,"column":6},"end":{"line":227,"column":91}},"102":{"start":{"line":229,"column":20},"end":{"line":229,"column":25}},"103":{"start":{"line":232,"column":27},"end":{"line":232,"column":54}},"104":{"start":{"line":233,"column":4},"end":{"line":233,"column":64}},"105":{"start":{"line":234,"column":4},"end":{"line":234,"column":76}},"106":{"start":{"line":236,"column":4},"end":{"line":250,"column":5}},"107":{"start":{"line":237,"column":6},"end":{"line":247,"column":7}},"108":{"start":{"line":238,"column":8},"end":{"line":238,"column":56}},"109":{"start":{"line":239,"column":8},"end":{"line":239,"column":25}},"110":{"start":{"line":240,"column":8},"end":{"line":240,"column":62}},"111":{"start":{"line":242,"column":8},"end":{"line":242,"column":53}},"112":{"start":{"line":243,"column":8},"end":{"line":245,"column":9}},"113":{"start":{"line":244,"column":10},"end":{"line":244,"column":72}},"114":{"start":{"line":249,"column":6},"end":{"line":249,"column":69}},"115":{"start":{"line":253,"column":21},"end":{"line":256,"column":5}},"116":{"start":{"line":259,"column":4},"end":{"line":259,"column":23}},"117":{"start":{"line":260,"column":4},"end":{"line":260,"column":104}},"118":{"start":{"line":261,"column":4},"end":{"line":261,"column":35}},"119":{"start":{"line":263,"column":4},"end":{"line":263,"column":35}},"120":{"start":{"line":265,"column":4},"end":{"line":265,"column":44}},"121":{"start":{"line":266,"column":4},"end":{"line":266,"column":72}},"122":{"start":{"line":272,"column":2},"end":{"line":275,"column":3}},"123":{"start":{"line":273,"column":4},"end":{"line":273,"column":58}},"124":{"start":{"line":274,"column":4},"end":{"line":274,"column":11}},"125":{"start":{"line":277,"column":2},"end":{"line":543,"column":3}},"126":{"start":{"line":278,"column":27},"end":{"line":278,"column":35}},"127":{"start":{"line":280,"column":4},"end":{"line":283,"column":5}},"128":{"start":{"line":281,"column":6},"end":{"line":281,"column":68}},"129":{"start":{"line":282,"column":6},"end":{"line":282,"column":13}},"130":{"start":{"line":286,"column":15},"end":{"line":286,"column":32}},"131":{"start":{"line":287,"column":18},"end":{"line":287,"column":22}},"132":{"start":{"line":288,"column":27},"end":{"line":288,"column":32}},"133":{"start":{"line":290,"column":4},"end":{"line":303,"column":5}},"134":{"start":{"line":291,"column":21},"end":{"line":291,"column":69}},"135":{"start":{"line":293,"column":6},"end":{"line":299,"column":7}},"136":{"start":{"line":294,"column":8},"end":{"line":294,"column":32}},"137":{"start":{"line":295,"column":8},"end":{"line":295,"column":32}},"138":{"start":{"line":296,"column":8},"end":{"line":296,"column":65}},"139":{"start":{"line":298,"column":8},"end":{"line":298,"column":50}},"140":{"start":{"line":301,"column":6},"end":{"line":301,"column":88}},"141":{"start":{"line":302,"column":6},"end":{"line":302,"column":31}},"142":{"start":{"line":306,"column":4},"end":{"line":327,"column":5}},"143":{"start":{"line":307,"column":6},"end":{"line":307,"column":85}},"144":{"start":{"line":310,"column":6},"end":{"line":326,"column":7}},"145":{"start":{"line":311,"column":8},"end":{"line":311,"column":69}},"146":{"start":{"line":313,"column":8},"end":{"line":318,"column":11}},"147":{"start":{"line":319,"column":8},"end":{"line":319,"column":15}},"148":{"start":{"line":321,"column":8},"end":{"line":324,"column":11}},"149":{"start":{"line":325,"column":8},"end":{"line":325,"column":15}},"150":{"start":{"line":330,"column":4},"end":{"line":336,"column":5}},"151":{"start":{"line":331,"column":6},"end":{"line":334,"column":9}},"152":{"start":{"line":335,"column":6},"end":{"line":335,"column":13}},"153":{"start":{"line":339,"column":4},"end":{"line":350,"column":5}},"154":{"start":{"line":340,"column":6},"end":{"line":344,"column":7}},"155":{"start":{"line":341,"column":8},"end":{"line":341,"column":60}},"156":{"start":{"line":343,"column":8},"end":{"line":343,"column":67}},"157":{"start":{"line":345,"column":6},"end":{"line":348,"column":9}},"158":{"start":{"line":349,"column":6},"end":{"line":349,"column":13}},"159":{"start":{"line":353,"column":4},"end":{"line":382,"column":5}},"160":{"start":{"line":355,"column":6},"end":{"line":361,"column":7}},"161":{"start":{"line":356,"column":8},"end":{"line":358,"column":11}},"162":{"start":{"line":360,"column":8},"end":{"line":360,"column":67}},"163":{"start":{"line":364,"column":6},"end":{"line":375,"column":7}},"164":{"start":{"line":365,"column":8},"end":{"line":369,"column":9}},"165":{"start":{"line":366,"column":10},"end":{"line":366,"column":62}},"166":{"start":{"line":368,"column":10},"end":{"line":368,"column":80}},"167":{"start":{"line":370,"column":8},"end":{"line":373,"column":11}},"168":{"start":{"line":374,"column":8},"end":{"line":374,"column":15}},"169":{"start":{"line":377,"column":6},"end":{"line":380,"column":9}},"170":{"start":{"line":381,"column":6},"end":{"line":381,"column":13}},"171":{"start":{"line":385,"column":4},"end":{"line":390,"column":5}},"172":{"start":{"line":386,"column":6},"end":{"line":386,"column":58}},"173":{"start":{"line":387,"column":6},"end":{"line":387,"column":78}},"174":{"start":{"line":389,"column":6},"end":{"line":389,"column":90}},"175":{"start":{"line":393,"column":19},"end":{"line":393,"column":21}},"176":{"start":{"line":394,"column":4},"end":{"line":508,"column":5}},"177":{"start":{"line":396,"column":30},"end":{"line":398,"column":14}},"178":{"start":{"line":400,"column":6},"end":{"line":503,"column":7}},"179":{"start":{"line":402,"column":26},"end":{"line":402,"column":78}},"180":{"start":{"line":402,"column":58},"end":{"line":402,"column":77}},"181":{"start":{"line":403,"column":31},"end":{"line":405,"column":9}},"182":{"start":{"line":404,"column":10},"end":{"line":404,"column":49}},"183":{"start":{"line":406,"column":27},"end":{"line":406,"column":60}},"184":{"start":{"line":408,"column":8},"end":{"line":413,"column":14}},"185":{"start":{"line":409,"column":25},"end":{"line":409,"column":35}},"186":{"start":{"line":410,"column":23},"end":{"line":413,"column":11}},"187":{"start":{"line":415,"column":8},"end":{"line":415,"column":89}},"188":{"start":{"line":419,"column":31},"end":{"line":421,"column":16}},"189":{"start":{"line":423,"column":8},"end":{"line":428,"column":9}},"190":{"start":{"line":425,"column":10},"end":{"line":427,"column":19}},"191":{"start":{"line":430,"column":8},"end":{"line":435,"column":9}},"192":{"start":{"line":432,"column":10},"end":{"line":434,"column":19}},"193":{"start":{"line":437,"column":8},"end":{"line":485,"column":9}},"194":{"start":{"line":440,"column":38},"end":{"line":440,"column":75}},"195":{"start":{"line":441,"column":35},"end":{"line":441,"column":37}},"196":{"start":{"line":443,"column":10},"end":{"line":475,"column":13}},"197":{"start":{"line":444,"column":25},"end":{"line":444,"column":35}},"198":{"start":{"line":445,"column":31},"end":{"line":445,"column":50}},"199":{"start":{"line":448,"column":26},"end":{"line":448,"column":31}},"200":{"start":{"line":451,"column":12},"end":{"line":451,"column":86}},"201":{"start":{"line":451,"column":71},"end":{"line":451,"column":86}},"202":{"start":{"line":452,"column":12},"end":{"line":452,"column":100}},"203":{"start":{"line":452,"column":85},"end":{"line":452,"column":100}},"204":{"start":{"line":455,"column":12},"end":{"line":457,"column":13}},"205":{"start":{"line":456,"column":14},"end":{"line":456,"column":106}},"206":{"start":{"line":456,"column":41},"end":{"line":456,"column":88}},"207":{"start":{"line":456,"column":91},"end":{"line":456,"column":106}},"208":{"start":{"line":460,"column":12},"end":{"line":462,"column":13}},"209":{"start":{"line":461,"column":14},"end":{"line":461,"column":112}},"210":{"start":{"line":461,"column":47},"end":{"line":461,"column":94}},"211":{"start":{"line":461,"column":97},"end":{"line":461,"column":112}},"212":{"start":{"line":465,"column":12},"end":{"line":467,"column":13}},"213":{"start":{"line":466,"column":14},"end":{"line":466,"column":106}},"214":{"start":{"line":466,"column":41},"end":{"line":466,"column":88}},"215":{"start":{"line":466,"column":91},"end":{"line":466,"column":106}},"216":{"start":{"line":469,"column":12},"end":{"line":474,"column":13}},"217":{"start":{"line":470,"column":14},"end":{"line":473,"column":17}},"218":{"start":{"line":477,"column":10},"end":{"line":477,"column":38}},"219":{"start":{"line":478,"column":10},"end":{"line":478,"column":97}},"220":{"start":{"line":480,"column":10},"end":{"line":483,"column":14}},"221":{"start":{"line":480,"column":55},"end":{"line":483,"column":11}},"222":{"start":{"line":484,"column":10},"end":{"line":484,"column":88}},"223":{"start":{"line":488,"column":8},"end":{"line":500,"column":9}},"224":{"start":{"line":489,"column":24},"end":{"line":489,"column":34}},"225":{"start":{"line":490,"column":10},"end":{"line":497,"column":13}},"226":{"start":{"line":491,"column":31},"end":{"line":491,"column":67}},"227":{"start":{"line":492,"column":12},"end":{"line":496,"column":15}},"228":{"start":{"line":498,"column":10},"end":{"line":498,"column":31}},"229":{"start":{"line":499,"column":10},"end":{"line":499,"column":81}},"230":{"start":{"line":502,"column":8},"end":{"line":502,"column":87}},"231":{"start":{"line":505,"column":6},"end":{"line":505,"column":55}},"232":{"start":{"line":507,"column":6},"end":{"line":507,"column":20}},"233":{"start":{"line":510,"column":4},"end":{"line":510,"column":58}},"234":{"start":{"line":514,"column":16},"end":{"line":514,"column":60}},"235":{"start":{"line":517,"column":4},"end":{"line":527,"column":5}},"236":{"start":{"line":519,"column":6},"end":{"line":522,"column":9}},"237":{"start":{"line":523,"column":6},"end":{"line":523,"column":68}},"238":{"start":{"line":525,"column":6},"end":{"line":525,"column":66}},"239":{"start":{"line":529,"column":4},"end":{"line":535,"column":7}},"240":{"start":{"line":538,"column":4},"end":{"line":538,"column":46}},"241":{"start":{"line":539,"column":4},"end":{"line":542,"column":7}},"242":{"start":{"line":548,"column":14},"end":{"line":599,"column":3}},"243":{"start":{"line":601,"column":2},"end":{"line":601,"column":32}},"244":{"start":{"line":607,"column":0},"end":{"line":655,"column":5}},"245":{"start":{"line":610,"column":4},"end":{"line":654,"column":7}},"246":{"start":{"line":611,"column":6},"end":{"line":614,"column":7}},"247":{"start":{"line":612,"column":8},"end":{"line":612,"column":51}},"248":{"start":{"line":613,"column":8},"end":{"line":613,"column":15}},"249":{"start":{"line":616,"column":55},"end":{"line":616,"column":63}},"250":{"start":{"line":618,"column":6},"end":{"line":621,"column":7}},"251":{"start":{"line":619,"column":8},"end":{"line":619,"column":68}},"252":{"start":{"line":620,"column":8},"end":{"line":620,"column":15}},"253":{"start":{"line":623,"column":6},"end":{"line":653,"column":7}},"254":{"start":{"line":625,"column":28},"end":{"line":625,"column":81}},"255":{"start":{"line":627,"column":20},"end":{"line":636,"column":9}},"256":{"start":{"line":638,"column":8},"end":{"line":638,"column":31}},"257":{"start":{"line":639,"column":8},"end":{"line":639,"column":52}},"258":{"start":{"line":642,"column":8},"end":{"line":647,"column":9}},"259":{"start":{"line":643,"column":10},"end":{"line":646,"column":13}},"260":{"start":{"line":649,"column":8},"end":{"line":649,"column":85}},"261":{"start":{"line":651,"column":8},"end":{"line":651,"column":59}},"262":{"start":{"line":652,"column":8},"end":{"line":652,"column":65}},"263":{"start":{"line":660,"column":2},"end":{"line":663,"column":3}},"264":{"start":{"line":661,"column":4},"end":{"line":661,"column":58}},"265":{"start":{"line":662,"column":4},"end":{"line":662,"column":46}},"266":{"start":{"line":665,"column":27},"end":{"line":665,"column":114}},"267":{"start":{"line":666,"column":28},"end":{"line":668,"column":42}},"268":{"start":{"line":669,"column":27},"end":{"line":669,"column":111}},"269":{"start":{"line":672,"column":17},"end":{"line":672,"column":69}},"270":{"start":{"line":674,"column":2},"end":{"line":756,"column":4}},"271":{"start":{"line":731,"column":74},"end":{"line":738,"column":11}},"272":{"start":{"line":762,"column":0},"end":{"line":782,"column":5}},"273":{"start":{"line":767,"column":23},"end":{"line":767,"column":34}},"274":{"start":{"line":768,"column":21},"end":{"line":768,"column":44}},"275":{"start":{"line":770,"column":4},"end":{"line":770,"column":51}},"276":{"start":{"line":773,"column":4},"end":{"line":781,"column":5}},"277":{"start":{"line":774,"column":6},"end":{"line":777,"column":9}},"278":{"start":{"line":778,"column":6},"end":{"line":778,"column":72}},"279":{"start":{"line":780,"column":6},"end":{"line":780,"column":66}},"280":{"start":{"line":786,"column":13},"end":{"line":786,"column":30}},"281":{"start":{"line":789,"column":2},"end":{"line":800,"column":5}},"282":{"start":{"line":799,"column":77},"end":{"line":799,"column":83}},"283":{"start":{"line":803,"column":2},"end":{"line":803,"column":49}},"284":{"start":{"line":807,"column":24},"end":{"line":812,"column":3}},"285":{"start":{"line":814,"column":2},"end":{"line":822,"column":5}},"286":{"start":{"line":816,"column":41},"end":{"line":820,"column":5}},"287":{"start":{"line":827,"column":13},"end":{"line":827,"column":30}},"288":{"start":{"line":830,"column":20},"end":{"line":830,"column":71}},"289":{"start":{"line":831,"column":2},"end":{"line":833,"column":3}},"290":{"start":{"line":832,"column":4},"end":{"line":832,"column":40}},"291":{"start":{"line":835,"column":21},"end":{"line":835,"column":37}},"292":{"start":{"line":836,"column":24},"end":{"line":836,"column":86}},"293":{"start":{"line":837,"column":25},"end":{"line":837,"column":73}},"294":{"start":{"line":840,"column":24},"end":{"line":840,"column":73}},"295":{"start":{"line":842,"column":14},"end":{"line":851,"column":3}},"296":{"start":{"line":854,"column":2},"end":{"line":854,"column":25}},"297":{"start":{"line":857,"column":2},"end":{"line":864,"column":5}},"298":{"start":{"line":866,"column":2},"end":{"line":866,"column":63}},"299":{"start":{"line":871,"column":21},"end":{"line":871,"column":52}},"300":{"start":{"line":872,"column":21},"end":{"line":872,"column":53}},"301":{"start":{"line":874,"column":2},"end":{"line":931,"column":3}},"302":{"start":{"line":876,"column":6},"end":{"line":901,"column":8}},"303":{"start":{"line":904,"column":6},"end":{"line":923,"column":8}},"304":{"start":{"line":926,"column":6},"end":{"line":930,"column":8}},"305":{"start":{"line":935,"column":0},"end":{"line":977,"column":5}},"306":{"start":{"line":940,"column":4},"end":{"line":940,"column":56}},"307":{"start":{"line":942,"column":15},"end":{"line":942,"column":32}},"308":{"start":{"line":943,"column":16},"end":{"line":943,"column":26}},"309":{"start":{"line":946,"column":30},"end":{"line":946,"column":78}},"310":{"start":{"line":948,"column":4},"end":{"line":974,"column":5}},"311":{"start":{"line":949,"column":27},"end":{"line":949,"column":37}},"312":{"start":{"line":950,"column":23},"end":{"line":950,"column":29}},"313":{"start":{"line":953,"column":6},"end":{"line":973,"column":7}},"314":{"start":{"line":954,"column":8},"end":{"line":972,"column":9}},"315":{"start":{"line":955,"column":10},"end":{"line":971,"column":11}},"316":{"start":{"line":957,"column":12},"end":{"line":957,"column":58}},"317":{"start":{"line":960,"column":36},"end":{"line":962,"column":13}},"318":{"start":{"line":961,"column":14},"end":{"line":961,"column":90}},"319":{"start":{"line":964,"column":12},"end":{"line":966,"column":15}},"320":{"start":{"line":968,"column":12},"end":{"line":968,"column":72}},"321":{"start":{"line":970,"column":12},"end":{"line":970,"column":92}},"322":{"start":{"line":976,"column":4},"end":{"line":976,"column":56}},"323":{"start":{"line":980,"column":0},"end":{"line":1503,"column":5}},"324":{"start":{"line":988,"column":4},"end":{"line":994,"column":5}},"325":{"start":{"line":989,"column":6},"end":{"line":989,"column":50}},"326":{"start":{"line":990,"column":6},"end":{"line":990,"column":54}},"327":{"start":{"line":991,"column":6},"end":{"line":991,"column":62}},"328":{"start":{"line":992,"column":6},"end":{"line":992,"column":31}},"329":{"start":{"line":993,"column":6},"end":{"line":993,"column":13}},"330":{"start":{"line":996,"column":4},"end":{"line":999,"column":5}},"331":{"start":{"line":997,"column":6},"end":{"line":997,"column":49}},"332":{"start":{"line":998,"column":6},"end":{"line":998,"column":13}},"333":{"start":{"line":1001,"column":4},"end":{"line":1001,"column":66}},"334":{"start":{"line":1002,"column":4},"end":{"line":1002,"column":65}},"335":{"start":{"line":1003,"column":4},"end":{"line":1003,"column":59}},"336":{"start":{"line":1005,"column":4},"end":{"line":1502,"column":5}},"337":{"start":{"line":1013,"column":10},"end":{"line":1013,"column":18}},"338":{"start":{"line":1015,"column":6},"end":{"line":1015,"column":47}},"339":{"start":{"line":1018,"column":22},"end":{"line":1018,"column":45}},"340":{"start":{"line":1019,"column":6},"end":{"line":1019,"column":57}},"341":{"start":{"line":1020,"column":6},"end":{"line":1020,"column":66}},"342":{"start":{"line":1023,"column":26},"end":{"line":1023,"column":37}},"343":{"start":{"line":1024,"column":6},"end":{"line":1028,"column":7}},"344":{"start":{"line":1025,"column":8},"end":{"line":1025,"column":49}},"345":{"start":{"line":1026,"column":13},"end":{"line":1028,"column":7}},"346":{"start":{"line":1027,"column":8},"end":{"line":1027,"column":42}},"347":{"start":{"line":1032,"column":22},"end":{"line":1032,"column":31}},"348":{"start":{"line":1035,"column":6},"end":{"line":1037,"column":7}},"349":{"start":{"line":1036,"column":8},"end":{"line":1036,"column":43}},"350":{"start":{"line":1040,"column":6},"end":{"line":1042,"column":7}},"351":{"start":{"line":1041,"column":8},"end":{"line":1041,"column":43}},"352":{"start":{"line":1045,"column":30},"end":{"line":1052,"column":7}},"353":{"start":{"line":1054,"column":6},"end":{"line":1054,"column":81}},"354":{"start":{"line":1057,"column":17},"end":{"line":1057,"column":34}},"355":{"start":{"line":1058,"column":25},"end":{"line":1058,"column":29}},"356":{"start":{"line":1061,"column":28},"end":{"line":1063,"column":14}},"357":{"start":{"line":1065,"column":6},"end":{"line":1086,"column":7}},"358":{"start":{"line":1066,"column":25},"end":{"line":1066,"column":53}},"359":{"start":{"line":1067,"column":23},"end":{"line":1067,"column":47}},"360":{"start":{"line":1068,"column":8},"end":{"line":1068,"column":74}},"361":{"start":{"line":1071,"column":33},"end":{"line":1071,"column":70}},"362":{"start":{"line":1072,"column":8},"end":{"line":1085,"column":9}},"363":{"start":{"line":1073,"column":29},"end":{"line":1073,"column":45}},"364":{"start":{"line":1075,"column":10},"end":{"line":1084,"column":11}},"365":{"start":{"line":1076,"column":12},"end":{"line":1076,"column":57}},"366":{"start":{"line":1077,"column":12},"end":{"line":1077,"column":76}},"367":{"start":{"line":1078,"column":12},"end":{"line":1082,"column":14}},"368":{"start":{"line":1083,"column":12},"end":{"line":1083,"column":18}},"369":{"start":{"line":1089,"column":6},"end":{"line":1195,"column":7}},"370":{"start":{"line":1090,"column":33},"end":{"line":1090,"column":70}},"371":{"start":{"line":1092,"column":8},"end":{"line":1194,"column":7}},"372":{"start":{"line":1093,"column":27},"end":{"line":1093,"column":43}},"373":{"start":{"line":1096,"column":32},"end":{"line":1097,"column":38}},"374":{"start":{"line":1099,"column":8},"end":{"line":1153,"column":9}},"375":{"start":{"line":1100,"column":29},"end":{"line":1100,"column":45}},"376":{"start":{"line":1101,"column":30},"end":{"line":1101,"column":54}},"377":{"start":{"line":1103,"column":10},"end":{"line":1151,"column":11}},"378":{"start":{"line":1104,"column":12},"end":{"line":1150,"column":13}},"379":{"start":{"line":1105,"column":34},"end":{"line":1105,"column":78}},"380":{"start":{"line":1106,"column":14},"end":{"line":1106,"column":121}},"381":{"start":{"line":1109,"column":14},"end":{"line":1132,"column":15}},"382":{"start":{"line":1110,"column":16},"end":{"line":1119,"column":17}},"383":{"start":{"line":1111,"column":18},"end":{"line":1111,"column":127}},"384":{"start":{"line":1112,"column":18},"end":{"line":1112,"column":105}},"385":{"start":{"line":1113,"column":18},"end":{"line":1117,"column":20}},"386":{"start":{"line":1118,"column":18},"end":{"line":1118,"column":24}},"387":{"start":{"line":1122,"column":16},"end":{"line":1131,"column":17}},"388":{"start":{"line":1123,"column":18},"end":{"line":1123,"column":129}},"389":{"start":{"line":1124,"column":18},"end":{"line":1124,"column":91}},"390":{"start":{"line":1125,"column":18},"end":{"line":1129,"column":20}},"391":{"start":{"line":1130,"column":18},"end":{"line":1130,"column":24}},"392":{"start":{"line":1134,"column":14},"end":{"line":1134,"column":38}},"393":{"start":{"line":1134,"column":32},"end":{"line":1134,"column":38}},"394":{"start":{"line":1137,"column":14},"end":{"line":1149,"column":15}},"395":{"start":{"line":1138,"column":37},"end":{"line":1138,"column":59}},"396":{"start":{"line":1139,"column":35},"end":{"line":1139,"column":55}},"397":{"start":{"line":1140,"column":16},"end":{"line":1148,"column":17}},"398":{"start":{"line":1141,"column":18},"end":{"line":1141,"column":136}},"399":{"start":{"line":1142,"column":18},"end":{"line":1146,"column":20}},"400":{"start":{"line":1147,"column":18},"end":{"line":1147,"column":24}},"401":{"start":{"line":1152,"column":10},"end":{"line":1152,"column":34}},"402":{"start":{"line":1152,"column":28},"end":{"line":1152,"column":34}},"403":{"start":{"line":1156,"column":8},"end":{"line":1191,"column":9}},"404":{"start":{"line":1157,"column":10},"end":{"line":1190,"column":11}},"405":{"start":{"line":1158,"column":12},"end":{"line":1188,"column":13}},"406":{"start":{"line":1159,"column":34},"end":{"line":1159,"column":73}},"407":{"start":{"line":1160,"column":14},"end":{"line":1160,"column":93}},"408":{"start":{"line":1162,"column":14},"end":{"line":1172,"column":15}},"409":{"start":{"line":1163,"column":16},"end":{"line":1171,"column":17}},"410":{"start":{"line":1164,"column":18},"end":{"line":1164,"column":109}},"411":{"start":{"line":1165,"column":18},"end":{"line":1169,"column":20}},"412":{"start":{"line":1170,"column":18},"end":{"line":1170,"column":24}},"413":{"start":{"line":1175,"column":14},"end":{"line":1187,"column":15}},"414":{"start":{"line":1176,"column":37},"end":{"line":1176,"column":59}},"415":{"start":{"line":1177,"column":35},"end":{"line":1177,"column":55}},"416":{"start":{"line":1178,"column":16},"end":{"line":1186,"column":17}},"417":{"start":{"line":1179,"column":18},"end":{"line":1179,"column":111}},"418":{"start":{"line":1180,"column":18},"end":{"line":1184,"column":20}},"419":{"start":{"line":1185,"column":18},"end":{"line":1185,"column":24}},"420":{"start":{"line":1189,"column":12},"end":{"line":1189,"column":36}},"421":{"start":{"line":1189,"column":30},"end":{"line":1189,"column":36}},"422":{"start":{"line":1193,"column":8},"end":{"line":1193,"column":32}},"423":{"start":{"line":1193,"column":26},"end":{"line":1193,"column":32}},"424":{"start":{"line":1197,"column":6},"end":{"line":1228,"column":7}},"425":{"start":{"line":1198,"column":8},"end":{"line":1198,"column":58}},"426":{"start":{"line":1199,"column":8},"end":{"line":1199,"column":77}},"427":{"start":{"line":1202,"column":19},"end":{"line":1202,"column":36}},"428":{"start":{"line":1203,"column":32},"end":{"line":1220,"column":9}},"429":{"start":{"line":1222,"column":32},"end":{"line":1222,"column":84}},"430":{"start":{"line":1223,"column":8},"end":{"line":1223,"column":77}},"431":{"start":{"line":1226,"column":8},"end":{"line":1226,"column":92}},"432":{"start":{"line":1227,"column":8},"end":{"line":1227,"column":15}},"433":{"start":{"line":1231,"column":22},"end":{"line":1247,"column":7}},"434":{"start":{"line":1250,"column":6},"end":{"line":1263,"column":7}},"435":{"start":{"line":1251,"column":8},"end":{"line":1251,"column":27}},"436":{"start":{"line":1252,"column":8},"end":{"line":1262,"column":9}},"437":{"start":{"line":1252,"column":21},"end":{"line":1252,"column":22}},"438":{"start":{"line":1253,"column":27},"end":{"line":1253,"column":51}},"439":{"start":{"line":1254,"column":28},"end":{"line":1254,"column":60}},"440":{"start":{"line":1255,"column":10},"end":{"line":1261,"column":11}},"441":{"start":{"line":1256,"column":12},"end":{"line":1260,"column":15}},"442":{"start":{"line":1266,"column":21},"end":{"line":1266,"column":65}},"443":{"start":{"line":1267,"column":6},"end":{"line":1267,"column":53}},"444":{"start":{"line":1270,"column":6},"end":{"line":1270,"column":52}},"445":{"start":{"line":1271,"column":6},"end":{"line":1494,"column":7}},"446":{"start":{"line":1272,"column":23},"end":{"line":1272,"column":127}},"447":{"start":{"line":1273,"column":8},"end":{"line":1278,"column":11}},"448":{"start":{"line":1280,"column":8},"end":{"line":1491,"column":9}},"449":{"start":{"line":1281,"column":10},"end":{"line":1281,"column":68}},"450":{"start":{"line":1283,"column":30},"end":{"line":1283,"column":40}},"451":{"start":{"line":1284,"column":30},"end":{"line":1284,"column":55}},"452":{"start":{"line":1285,"column":31},"end":{"line":1285,"column":57}},"453":{"start":{"line":1286,"column":29},"end":{"line":1286,"column":50}},"454":{"start":{"line":1289,"column":34},"end":{"line":1289,"column":36}},"455":{"start":{"line":1290,"column":10},"end":{"line":1310,"column":11}},"456":{"start":{"line":1291,"column":30},"end":{"line":1291,"column":88}},"457":{"start":{"line":1292,"column":31},"end":{"line":1292,"column":47}},"458":{"start":{"line":1293,"column":12},"end":{"line":1307,"column":13}},"459":{"start":{"line":1295,"column":37},"end":{"line":1304,"column":16}},"460":{"start":{"line":1296,"column":34},"end":{"line":1299,"column":24}},"461":{"start":{"line":1300,"column":16},"end":{"line":1302,"column":17}},"462":{"start":{"line":1301,"column":18},"end":{"line":1301,"column":84}},"463":{"start":{"line":1303,"column":16},"end":{"line":1303,"column":49}},"464":{"start":{"line":1305,"column":36},"end":{"line":1305,"column":69}},"465":{"start":{"line":1306,"column":14},"end":{"line":1306,"column":48}},"466":{"start":{"line":1309,"column":12},"end":{"line":1309,"column":62}},"467":{"start":{"line":1312,"column":36},"end":{"line":1314,"column":16}},"468":{"start":{"line":1316,"column":27},"end":{"line":1414,"column":2}},"469":{"start":{"line":1416,"column":36},"end":{"line":1434,"column":11}},"470":{"start":{"line":1436,"column":10},"end":{"line":1488,"column":11}},"471":{"start":{"line":1437,"column":12},"end":{"line":1487,"column":13}},"472":{"start":{"line":1438,"column":33},"end":{"line":1438,"column":83}},"473":{"start":{"line":1441,"column":14},"end":{"line":1446,"column":17}},"474":{"start":{"line":1449,"column":14},"end":{"line":1453,"column":17}},"475":{"start":{"line":1455,"column":14},"end":{"line":1484,"column":15}},"476":{"start":{"line":1456,"column":16},"end":{"line":1483,"column":17}},"477":{"start":{"line":1458,"column":42},"end":{"line":1458,"column":111}},"478":{"start":{"line":1460,"column":18},"end":{"line":1480,"column":19}},"479":{"start":{"line":1461,"column":20},"end":{"line":1461,"column":107}},"480":{"start":{"line":1463,"column":37},"end":{"line":1463,"column":77}},"481":{"start":{"line":1464,"column":20},"end":{"line":1464,"column":64}},"482":{"start":{"line":1466,"column":35},"end":{"line":1470,"column":22}},"483":{"start":{"line":1471,"column":20},"end":{"line":1477,"column":23}},"484":{"start":{"line":1479,"column":20},"end":{"line":1479,"column":76}},"485":{"start":{"line":1482,"column":18},"end":{"line":1482,"column":90}},"486":{"start":{"line":1486,"column":14},"end":{"line":1486,"column":72}},"487":{"start":{"line":1490,"column":10},"end":{"line":1490,"column":69}},"488":{"start":{"line":1493,"column":8},"end":{"line":1493,"column":55}},"489":{"start":{"line":1497,"column":6},"end":{"line":1497,"column":90}},"490":{"start":{"line":1500,"column":6},"end":{"line":1500,"column":49}},"491":{"start":{"line":1501,"column":6},"end":{"line":1501,"column":51}},"492":{"start":{"line":1506,"column":0},"end":{"line":1871,"column":5}},"493":{"start":{"line":1514,"column":4},"end":{"line":1520,"column":5}},"494":{"start":{"line":1515,"column":6},"end":{"line":1515,"column":50}},"495":{"start":{"line":1516,"column":6},"end":{"line":1516,"column":54}},"496":{"start":{"line":1517,"column":6},"end":{"line":1517,"column":62}},"497":{"start":{"line":1518,"column":6},"end":{"line":1518,"column":31}},"498":{"start":{"line":1519,"column":6},"end":{"line":1519,"column":13}},"499":{"start":{"line":1522,"column":4},"end":{"line":1525,"column":5}},"500":{"start":{"line":1523,"column":6},"end":{"line":1523,"column":49}},"501":{"start":{"line":1524,"column":6},"end":{"line":1524,"column":13}},"502":{"start":{"line":1527,"column":4},"end":{"line":1527,"column":68}},"503":{"start":{"line":1528,"column":4},"end":{"line":1528,"column":65}},"504":{"start":{"line":1529,"column":4},"end":{"line":1529,"column":55}},"505":{"start":{"line":1530,"column":4},"end":{"line":1530,"column":62}},"506":{"start":{"line":1532,"column":4},"end":{"line":1870,"column":5}},"507":{"start":{"line":1534,"column":22},"end":{"line":1534,"column":24}},"508":{"start":{"line":1537,"column":6},"end":{"line":1588,"column":7}},"509":{"start":{"line":1538,"column":8},"end":{"line":1538,"column":71}},"510":{"start":{"line":1541,"column":23},"end":{"line":1541,"column":40}},"511":{"start":{"line":1542,"column":23},"end":{"line":1542,"column":55}},"512":{"start":{"line":1543,"column":23},"end":{"line":1543,"column":25}},"513":{"start":{"line":1546,"column":8},"end":{"line":1565,"column":11}},"514":{"start":{"line":1547,"column":10},"end":{"line":1550,"column":13}},"515":{"start":{"line":1548,"column":12},"end":{"line":1548,"column":88}},"516":{"start":{"line":1549,"column":12},"end":{"line":1549,"column":36}},"517":{"start":{"line":1552,"column":10},"end":{"line":1555,"column":13}},"518":{"start":{"line":1553,"column":12},"end":{"line":1553,"column":51}},"519":{"start":{"line":1554,"column":12},"end":{"line":1554,"column":22}},"520":{"start":{"line":1557,"column":10},"end":{"line":1557,"column":37}},"521":{"start":{"line":1560,"column":10},"end":{"line":1564,"column":11}},"522":{"start":{"line":1561,"column":12},"end":{"line":1561,"column":36}},"523":{"start":{"line":1563,"column":12},"end":{"line":1563,"column":29}},"524":{"start":{"line":1567,"column":8},"end":{"line":1567,"column":27}},"525":{"start":{"line":1568,"column":8},"end":{"line":1568,"column":62}},"526":{"start":{"line":1570,"column":13},"end":{"line":1588,"column":7}},"527":{"start":{"line":1572,"column":8},"end":{"line":1572,"column":48}},"528":{"start":{"line":1573,"column":8},"end":{"line":1573,"column":29}},"529":{"start":{"line":1574,"column":8},"end":{"line":1574,"column":58}},"530":{"start":{"line":1575,"column":13},"end":{"line":1588,"column":7}},"531":{"start":{"line":1577,"column":8},"end":{"line":1577,"column":51}},"532":{"start":{"line":1578,"column":23},"end":{"line":1578,"column":52}},"533":{"start":{"line":1579,"column":8},"end":{"line":1587,"column":10}},"534":{"start":{"line":1592,"column":23},"end":{"line":1592,"column":63}},"535":{"start":{"line":1595,"column":15},"end":{"line":1595,"column":49}},"536":{"start":{"line":1596,"column":17},"end":{"line":1596,"column":55}},"537":{"start":{"line":1597,"column":20},"end":{"line":1597,"column":76}},"538":{"start":{"line":1598,"column":17},"end":{"line":1598,"column":55}},"539":{"start":{"line":1599,"column":17},"end":{"line":1599,"column":55}},"540":{"start":{"line":1600,"column":23},"end":{"line":1600,"column":69}},"541":{"start":{"line":1601,"column":22},"end":{"line":1601,"column":66}},"542":{"start":{"line":1603,"column":6},"end":{"line":1603,"column":84}},"543":{"start":{"line":1604,"column":6},"end":{"line":1604,"column":98}},"544":{"start":{"line":1605,"column":6},"end":{"line":1605,"column":71}},"545":{"start":{"line":1608,"column":6},"end":{"line":1617,"column":7}},"546":{"start":{"line":1609,"column":8},"end":{"line":1609,"column":52}},"547":{"start":{"line":1611,"column":27},"end":{"line":1611,"column":55}},"548":{"start":{"line":1612,"column":8},"end":{"line":1616,"column":9}},"549":{"start":{"line":1614,"column":10},"end":{"line":1614,"column":50}},"550":{"start":{"line":1615,"column":10},"end":{"line":1615,"column":77}},"551":{"start":{"line":1620,"column":6},"end":{"line":1625,"column":7}},"552":{"start":{"line":1621,"column":27},"end":{"line":1621,"column":48}},"553":{"start":{"line":1622,"column":8},"end":{"line":1624,"column":9}},"554":{"start":{"line":1623,"column":10},"end":{"line":1623,"column":31}},"555":{"start":{"line":1628,"column":6},"end":{"line":1630,"column":7}},"556":{"start":{"line":1629,"column":8},"end":{"line":1629,"column":24}},"557":{"start":{"line":1632,"column":6},"end":{"line":1632,"column":61}},"558":{"start":{"line":1636,"column":25},"end":{"line":1636,"column":29}},"559":{"start":{"line":1637,"column":24},"end":{"line":1637,"column":32}},"560":{"start":{"line":1638,"column":26},"end":{"line":1638,"column":63}},"561":{"start":{"line":1640,"column":6},"end":{"line":1640,"column":74}},"562":{"start":{"line":1642,"column":17},"end":{"line":1642,"column":34}},"563":{"start":{"line":1645,"column":6},"end":{"line":1665,"column":7}},"564":{"start":{"line":1646,"column":33},"end":{"line":1646,"column":93}},"565":{"start":{"line":1648,"column":8},"end":{"line":1662,"column":9}},"566":{"start":{"line":1649,"column":31},"end":{"line":1649,"column":54}},"567":{"start":{"line":1650,"column":10},"end":{"line":1650,"column":85}},"568":{"start":{"line":1653,"column":28},"end":{"line":1653,"column":92}},"569":{"start":{"line":1655,"column":10},"end":{"line":1661,"column":11}},"570":{"start":{"line":1656,"column":12},"end":{"line":1659,"column":14}},"571":{"start":{"line":1660,"column":12},"end":{"line":1660,"column":85}},"572":{"start":{"line":1664,"column":8},"end":{"line":1664,"column":107}},"573":{"start":{"line":1668,"column":6},"end":{"line":1707,"column":7}},"574":{"start":{"line":1669,"column":8},"end":{"line":1669,"column":85}},"575":{"start":{"line":1670,"column":33},"end":{"line":1670,"column":70}},"576":{"start":{"line":1672,"column":8},"end":{"line":1706,"column":9}},"577":{"start":{"line":1673,"column":29},"end":{"line":1673,"column":45}},"578":{"start":{"line":1676,"column":30},"end":{"line":1676,"column":78}},"579":{"start":{"line":1678,"column":36},"end":{"line":1678,"column":96}},"580":{"start":{"line":1681,"column":31},"end":{"line":1681,"column":70}},"581":{"start":{"line":1683,"column":10},"end":{"line":1683,"column":108}},"582":{"start":{"line":1685,"column":10},"end":{"line":1692,"column":11}},"583":{"start":{"line":1686,"column":12},"end":{"line":1686,"column":102}},"584":{"start":{"line":1687,"column":12},"end":{"line":1690,"column":14}},"585":{"start":{"line":1691,"column":12},"end":{"line":1691,"column":18}},"586":{"start":{"line":1695,"column":10},"end":{"line":1705,"column":11}},"587":{"start":{"line":1699,"column":12},"end":{"line":1699,"column":67}},"588":{"start":{"line":1700,"column":12},"end":{"line":1703,"column":14}},"589":{"start":{"line":1704,"column":12},"end":{"line":1704,"column":18}},"590":{"start":{"line":1710,"column":21},"end":{"line":1710,"column":37}},"591":{"start":{"line":1711,"column":26},"end":{"line":1711,"column":28}},"592":{"start":{"line":1713,"column":6},"end":{"line":1727,"column":7}},"593":{"start":{"line":1714,"column":8},"end":{"line":1714,"column":35}},"594":{"start":{"line":1717,"column":8},"end":{"line":1721,"column":9}},"595":{"start":{"line":1718,"column":10},"end":{"line":1718,"column":58}},"596":{"start":{"line":1719,"column":15},"end":{"line":1721,"column":9}},"597":{"start":{"line":1720,"column":10},"end":{"line":1720,"column":52}},"598":{"start":{"line":1723,"column":8},"end":{"line":1723,"column":100}},"599":{"start":{"line":1725,"column":8},"end":{"line":1725,"column":79}},"600":{"start":{"line":1730,"column":26},"end":{"line":1746,"column":7}},"601":{"start":{"line":1749,"column":23},"end":{"line":1749,"column":73}},"602":{"start":{"line":1750,"column":6},"end":{"line":1750,"column":57}},"603":{"start":{"line":1753,"column":6},"end":{"line":1861,"column":7}},"604":{"start":{"line":1754,"column":8},"end":{"line":1754,"column":56}},"605":{"start":{"line":1756,"column":8},"end":{"line":1860,"column":9}},"606":{"start":{"line":1758,"column":34},"end":{"line":1758,"column":36}},"607":{"start":{"line":1759,"column":10},"end":{"line":1765,"column":11}},"608":{"start":{"line":1760,"column":32},"end":{"line":1763,"column":25}},"609":{"start":{"line":1761,"column":27},"end":{"line":1761,"column":38}},"610":{"start":{"line":1762,"column":24},"end":{"line":1762,"column":59}},"611":{"start":{"line":1764,"column":12},"end":{"line":1764,"column":69}},"612":{"start":{"line":1767,"column":27},"end":{"line":1811,"column":2}},"613":{"start":{"line":1813,"column":25},"end":{"line":1813,"column":129}},"614":{"start":{"line":1815,"column":10},"end":{"line":1857,"column":11}},"615":{"start":{"line":1816,"column":38},"end":{"line":1834,"column":13}},"616":{"start":{"line":1836,"column":12},"end":{"line":1856,"column":13}},"617":{"start":{"line":1837,"column":37},"end":{"line":1837,"column":75}},"618":{"start":{"line":1838,"column":14},"end":{"line":1838,"column":58}},"619":{"start":{"line":1841,"column":32},"end":{"line":1841,"column":67}},"620":{"start":{"line":1842,"column":14},"end":{"line":1855,"column":15}},"621":{"start":{"line":1843,"column":33},"end":{"line":1843,"column":57}},"622":{"start":{"line":1846,"column":16},"end":{"line":1852,"column":19}},"623":{"start":{"line":1854,"column":16},"end":{"line":1854,"column":64}},"624":{"start":{"line":1859,"column":10},"end":{"line":1859,"column":57}},"625":{"start":{"line":1864,"column":6},"end":{"line":1864,"column":33}},"626":{"start":{"line":1867,"column":6},"end":{"line":1867,"column":51}},"627":{"start":{"line":1869,"column":6},"end":{"line":1869,"column":33}},"628":{"start":{"line":1874,"column":0},"end":{"line":1938,"column":5}},"629":{"start":{"line":1877,"column":4},"end":{"line":1937,"column":7}},"630":{"start":{"line":1878,"column":6},"end":{"line":1881,"column":7}},"631":{"start":{"line":1879,"column":8},"end":{"line":1879,"column":33}},"632":{"start":{"line":1880,"column":8},"end":{"line":1880,"column":15}},"633":{"start":{"line":1883,"column":6},"end":{"line":1886,"column":7}},"634":{"start":{"line":1884,"column":8},"end":{"line":1884,"column":62}},"635":{"start":{"line":1885,"column":8},"end":{"line":1885,"column":15}},"636":{"start":{"line":1888,"column":6},"end":{"line":1936,"column":7}},"637":{"start":{"line":1889,"column":40},"end":{"line":1889,"column":48}},"638":{"start":{"line":1891,"column":8},"end":{"line":1893,"column":9}},"639":{"start":{"line":1892,"column":10},"end":{"line":1892,"column":74}},"640":{"start":{"line":1896,"column":21},"end":{"line":1896,"column":75}},"641":{"start":{"line":1899,"column":19},"end":{"line":1899,"column":36}},"642":{"start":{"line":1900,"column":8},"end":{"line":1905,"column":11}},"643":{"start":{"line":1908,"column":8},"end":{"line":1925,"column":9}},"644":{"start":{"line":1909,"column":10},"end":{"line":1922,"column":11}},"645":{"start":{"line":1910,"column":38},"end":{"line":1910,"column":130}},"646":{"start":{"line":1912,"column":12},"end":{"line":1916,"column":15}},"647":{"start":{"line":1918,"column":12},"end":{"line":1918,"column":67}},"648":{"start":{"line":1920,"column":12},"end":{"line":1920,"column":60}},"649":{"start":{"line":1924,"column":10},"end":{"line":1924,"column":95}},"650":{"start":{"line":1927,"column":8},"end":{"line":1932,"column":11}},"651":{"start":{"line":1934,"column":8},"end":{"line":1934,"column":51}},"652":{"start":{"line":1935,"column":8},"end":{"line":1935,"column":75}},"653":{"start":{"line":1940,"column":0},"end":{"line":2003,"column":5}},"654":{"start":{"line":1943,"column":4},"end":{"line":2002,"column":7}},"655":{"start":{"line":1944,"column":6},"end":{"line":1947,"column":7}},"656":{"start":{"line":1945,"column":8},"end":{"line":1945,"column":33}},"657":{"start":{"line":1946,"column":8},"end":{"line":1946,"column":15}},"658":{"start":{"line":1949,"column":6},"end":{"line":1952,"column":7}},"659":{"start":{"line":1950,"column":8},"end":{"line":1950,"column":62}},"660":{"start":{"line":1951,"column":8},"end":{"line":1951,"column":15}},"661":{"start":{"line":1954,"column":6},"end":{"line":2001,"column":7}},"662":{"start":{"line":1955,"column":38},"end":{"line":1955,"column":46}},"663":{"start":{"line":1957,"column":8},"end":{"line":1959,"column":9}},"664":{"start":{"line":1958,"column":10},"end":{"line":1958,"column":83}},"665":{"start":{"line":1962,"column":19},"end":{"line":1962,"column":36}},"666":{"start":{"line":1963,"column":23},"end":{"line":1963,"column":86}},"667":{"start":{"line":1965,"column":8},"end":{"line":1967,"column":9}},"668":{"start":{"line":1966,"column":10},"end":{"line":1966,"column":79}},"669":{"start":{"line":1969,"column":27},"end":{"line":1969,"column":40}},"670":{"start":{"line":1972,"column":26},"end":{"line":1972,"column":63}},"671":{"start":{"line":1973,"column":8},"end":{"line":1976,"column":9}},"672":{"start":{"line":1974,"column":10},"end":{"line":1974,"column":36}},"673":{"start":{"line":1975,"column":10},"end":{"line":1975,"column":78}},"674":{"start":{"line":1979,"column":8},"end":{"line":1982,"column":9}},"675":{"start":{"line":1980,"column":10},"end":{"line":1980,"column":36}},"676":{"start":{"line":1981,"column":10},"end":{"line":1981,"column":98}},"677":{"start":{"line":1985,"column":8},"end":{"line":1988,"column":9}},"678":{"start":{"line":1986,"column":10},"end":{"line":1986,"column":73}},"679":{"start":{"line":1987,"column":10},"end":{"line":1987,"column":78}},"680":{"start":{"line":1991,"column":8},"end":{"line":1991,"column":34}},"681":{"start":{"line":1993,"column":8},"end":{"line":1997,"column":11}},"682":{"start":{"line":1999,"column":8},"end":{"line":1999,"column":54}},"683":{"start":{"line":2000,"column":8},"end":{"line":2000,"column":65}},"684":{"start":{"line":2006,"column":0},"end":{"line":2051,"column":5}},"685":{"start":{"line":2009,"column":4},"end":{"line":2050,"column":7}},"686":{"start":{"line":2010,"column":6},"end":{"line":2013,"column":7}},"687":{"start":{"line":2011,"column":8},"end":{"line":2011,"column":33}},"688":{"start":{"line":2012,"column":8},"end":{"line":2012,"column":15}},"689":{"start":{"line":2015,"column":6},"end":{"line":2018,"column":7}},"690":{"start":{"line":2016,"column":8},"end":{"line":2016,"column":62}},"691":{"start":{"line":2017,"column":8},"end":{"line":2017,"column":15}},"692":{"start":{"line":2020,"column":6},"end":{"line":2049,"column":7}},"693":{"start":{"line":2021,"column":29},"end":{"line":2021,"column":37}},"694":{"start":{"line":2024,"column":34},"end":{"line":2024,"column":90}},"695":{"start":{"line":2027,"column":8},"end":{"line":2042,"column":9}},"696":{"start":{"line":2029,"column":31},"end":{"line":2029,"column":84}},"697":{"start":{"line":2031,"column":10},"end":{"line":2034,"column":13}},"698":{"start":{"line":2037,"column":10},"end":{"line":2037,"column":66}},"699":{"start":{"line":2037,"column":39},"end":{"line":2037,"column":64}},"700":{"start":{"line":2038,"column":10},"end":{"line":2041,"column":13}},"701":{"start":{"line":2044,"column":8},"end":{"line":2044,"column":70}},"702":{"start":{"line":2045,"column":8},"end":{"line":2048,"column":11}},"703":{"start":{"line":2070,"column":24},"end":{"line":2070,"column":47}},"704":{"start":{"line":2073,"column":0},"end":{"line":2075,"column":42}},"705":{"start":{"line":2078,"column":0},"end":{"line":2080,"column":40}},"706":{"start":{"line":2083,"column":0},"end":{"line":2085,"column":41}},"707":{"start":{"line":2088,"column":0},"end":{"line":2090,"column":43}},"708":{"start":{"line":2093,"column":0},"end":{"line":2095,"column":54}}},"fnMap":{"0":{"name":"(anonymous_0)","decl":{"start":{"line":40,"column":19},"end":{"line":40,"column":20}},"loc":{"start":{"line":40,"column":33},"end":{"line":93,"column":3}},"line":40},"1":{"name":"(anonymous_1)","decl":{"start":{"line":41,"column":19},"end":{"line":41,"column":20}},"loc":{"start":{"line":41,"column":31},"end":{"line":92,"column":5}},"line":41},"2":{"name":"(anonymous_2)","decl":{"start":{"line":102,"column":19},"end":{"line":102,"column":20}},"loc":{"start":{"line":102,"column":33},"end":{"line":120,"column":3}},"line":102},"3":{"name":"(anonymous_3)","decl":{"start":{"line":103,"column":19},"end":{"line":103,"column":20}},"loc":{"start":{"line":103,"column":31},"end":{"line":119,"column":5}},"line":103},"4":{"name":"generateOTP","decl":{"start":{"line":123,"column":9},"end":{"line":123,"column":20}},"loc":{"start":{"line":123,"column":23},"end":{"line":125,"column":1}},"line":123},"5":{"name":"handleSendOTP","decl":{"start":{"line":128,"column":15},"end":{"line":128,"column":28}},"loc":{"start":{"line":128,"column":39},"end":{"line":268,"column":1}},"line":128},"6":{"name":"handleVerifyOTP","decl":{"start":{"line":271,"column":15},"end":{"line":271,"column":30}},"loc":{"start":{"line":271,"column":41},"end":{"line":544,"column":1}},"line":271},"7":{"name":"(anonymous_7)","decl":{"start":{"line":402,"column":51},"end":{"line":402,"column":52}},"loc":{"start":{"line":402,"column":58},"end":{"line":402,"column":77}},"line":402},"8":{"name":"(anonymous_8)","decl":{"start":{"line":403,"column":45},"end":{"line":403,"column":46}},"loc":{"start":{"line":404,"column":10},"end":{"line":404,"column":49}},"line":404},"9":{"name":"(anonymous_9)","decl":{"start":{"line":409,"column":18},"end":{"line":409,"column":19}},"loc":{"start":{"line":409,"column":25},"end":{"line":409,"column":35}},"line":409},"10":{"name":"(anonymous_10)","decl":{"start":{"line":410,"column":15},"end":{"line":410,"column":16}},"loc":{"start":{"line":410,"column":23},"end":{"line":413,"column":11}},"line":410},"11":{"name":"(anonymous_11)","decl":{"start":{"line":443,"column":43},"end":{"line":443,"column":44}},"loc":{"start":{"line":443,"column":50},"end":{"line":475,"column":11}},"line":443},"12":{"name":"(anonymous_12)","decl":{"start":{"line":456,"column":36},"end":{"line":456,"column":37}},"loc":{"start":{"line":456,"column":41},"end":{"line":456,"column":88}},"line":456},"13":{"name":"(anonymous_13)","decl":{"start":{"line":461,"column":42},"end":{"line":461,"column":43}},"loc":{"start":{"line":461,"column":47},"end":{"line":461,"column":94}},"line":461},"14":{"name":"(anonymous_14)","decl":{"start":{"line":466,"column":36},"end":{"line":466,"column":37}},"loc":{"start":{"line":466,"column":41},"end":{"line":466,"column":88}},"line":466},"15":{"name":"(anonymous_15)","decl":{"start":{"line":480,"column":47},"end":{"line":480,"column":48}},"loc":{"start":{"line":480,"column":55},"end":{"line":483,"column":11}},"line":480},"16":{"name":"(anonymous_16)","decl":{"start":{"line":490,"column":27},"end":{"line":490,"column":28}},"loc":{"start":{"line":490,"column":37},"end":{"line":497,"column":11}},"line":490},"17":{"name":"sendOTPEmail","decl":{"start":{"line":547,"column":15},"end":{"line":547,"column":27}},"loc":{"start":{"line":547,"column":55},"end":{"line":602,"column":1}},"line":547},"18":{"name":"(anonymous_18)","decl":{"start":{"line":609,"column":19},"end":{"line":609,"column":20}},"loc":{"start":{"line":609,"column":33},"end":{"line":655,"column":3}},"line":609},"19":{"name":"(anonymous_19)","decl":{"start":{"line":610,"column":19},"end":{"line":610,"column":20}},"loc":{"start":{"line":610,"column":31},"end":{"line":654,"column":5}},"line":610},"20":{"name":"generateQuizReportHTML","decl":{"start":{"line":658,"column":9},"end":{"line":658,"column":31}},"loc":{"start":{"line":658,"column":63},"end":{"line":757,"column":1}},"line":658},"21":{"name":"(anonymous_21)","decl":{"start":{"line":731,"column":65},"end":{"line":731,"column":66}},"loc":{"start":{"line":731,"column":74},"end":{"line":738,"column":11}},"line":731},"22":{"name":"(anonymous_22)","decl":{"start":{"line":766,"column":12},"end":{"line":766,"column":13}},"loc":{"start":{"line":766,"column":37},"end":{"line":782,"column":3}},"line":766},"23":{"name":"startOnboardingSequence","decl":{"start":{"line":785,"column":15},"end":{"line":785,"column":38}},"loc":{"start":{"line":785,"column":65},"end":{"line":823,"column":1}},"line":785},"24":{"name":"(anonymous_24)","decl":{"start":{"line":799,"column":72},"end":{"line":799,"column":73}},"loc":{"start":{"line":799,"column":77},"end":{"line":799,"column":83}},"line":799},"25":{"name":"(anonymous_25)","decl":{"start":{"line":816,"column":32},"end":{"line":816,"column":33}},"loc":{"start":{"line":816,"column":41},"end":{"line":820,"column":5}},"line":816},"26":{"name":"sendOnboardingEmail","decl":{"start":{"line":826,"column":15},"end":{"line":826,"column":34}},"loc":{"start":{"line":826,"column":56},"end":{"line":867,"column":1}},"line":826},"27":{"name":"getOnboardingEmailTemplate","decl":{"start":{"line":870,"column":9},"end":{"line":870,"column":35}},"loc":{"start":{"line":870,"column":54},"end":{"line":932,"column":1}},"line":870},"28":{"name":"(anonymous_28)","decl":{"start":{"line":939,"column":9},"end":{"line":939,"column":10}},"loc":{"start":{"line":939,"column":28},"end":{"line":977,"column":3}},"line":939},"29":{"name":"(anonymous_29)","decl":{"start":{"line":960,"column":62},"end":{"line":960,"column":63}},"loc":{"start":{"line":961,"column":14},"end":{"line":961,"column":90}},"line":961},"30":{"name":"(anonymous_30)","decl":{"start":{"line":986,"column":19},"end":{"line":986,"column":20}},"loc":{"start":{"line":986,"column":39},"end":{"line":1503,"column":3}},"line":986},"31":{"name":"(anonymous_31)","decl":{"start":{"line":1075,"column":72},"end":{"line":1075,"column":73}},"loc":{"start":{"line":1076,"column":12},"end":{"line":1076,"column":57}},"line":1076},"32":{"name":"(anonymous_32)","decl":{"start":{"line":1295,"column":60},"end":{"line":1295,"column":61}},"loc":{"start":{"line":1295,"column":83},"end":{"line":1304,"column":15}},"line":1295},"33":{"name":"(anonymous_33)","decl":{"start":{"line":1512,"column":19},"end":{"line":1512,"column":20}},"loc":{"start":{"line":1512,"column":39},"end":{"line":1871,"column":3}},"line":1512},"34":{"name":"(anonymous_34)","decl":{"start":{"line":1546,"column":26},"end":{"line":1546,"column":27}},"loc":{"start":{"line":1546,"column":47},"end":{"line":1565,"column":9}},"line":1546},"35":{"name":"(anonymous_35)","decl":{"start":{"line":1547,"column":29},"end":{"line":1547,"column":30}},"loc":{"start":{"line":1547,"column":49},"end":{"line":1550,"column":11}},"line":1547},"36":{"name":"(anonymous_36)","decl":{"start":{"line":1552,"column":30},"end":{"line":1552,"column":31}},"loc":{"start":{"line":1552,"column":36},"end":{"line":1555,"column":11}},"line":1552},"37":{"name":"(anonymous_37)","decl":{"start":{"line":1761,"column":22},"end":{"line":1761,"column":23}},"loc":{"start":{"line":1761,"column":27},"end":{"line":1761,"column":38}},"line":1761},"38":{"name":"(anonymous_38)","decl":{"start":{"line":1762,"column":19},"end":{"line":1762,"column":20}},"loc":{"start":{"line":1762,"column":24},"end":{"line":1762,"column":59}},"line":1762},"39":{"name":"(anonymous_39)","decl":{"start":{"line":1876,"column":19},"end":{"line":1876,"column":20}},"loc":{"start":{"line":1876,"column":33},"end":{"line":1938,"column":3}},"line":1876},"40":{"name":"(anonymous_40)","decl":{"start":{"line":1877,"column":19},"end":{"line":1877,"column":20}},"loc":{"start":{"line":1877,"column":31},"end":{"line":1937,"column":5}},"line":1877},"41":{"name":"(anonymous_41)","decl":{"start":{"line":1942,"column":19},"end":{"line":1942,"column":20}},"loc":{"start":{"line":1942,"column":33},"end":{"line":2003,"column":3}},"line":1942},"42":{"name":"(anonymous_42)","decl":{"start":{"line":1943,"column":19},"end":{"line":1943,"column":20}},"loc":{"start":{"line":1943,"column":31},"end":{"line":2002,"column":5}},"line":1943},"43":{"name":"(anonymous_43)","decl":{"start":{"line":2008,"column":19},"end":{"line":2008,"column":20}},"loc":{"start":{"line":2008,"column":33},"end":{"line":2051,"column":3}},"line":2008},"44":{"name":"(anonymous_44)","decl":{"start":{"line":2009,"column":19},"end":{"line":2009,"column":20}},"loc":{"start":{"line":2009,"column":31},"end":{"line":2050,"column":5}},"line":2009},"45":{"name":"(anonymous_45)","decl":{"start":{"line":2037,"column":28},"end":{"line":2037,"column":29}},"loc":{"start":{"line":2037,"column":39},"end":{"line":2037,"column":64}},"line":2037}},"branchMap":{"0":{"loc":{"start":{"line":7,"column":0},"end":{"line":9,"column":1}},"type":"if","locations":[{"start":{"line":7,"column":0},"end":{"line":9,"column":1}},{"start":{},"end":{}}],"line":7},"1":{"loc":{"start":{"line":13,"column":0},"end":{"line":17,"column":1}},"type":"if","locations":[{"start":{"line":13,"column":0},"end":{"line":17,"column":1}},{"start":{"line":15,"column":7},"end":{"line":17,"column":1}}],"line":13},"2":{"loc":{"start":{"line":15,"column":7},"end":{"line":17,"column":1}},"type":"if","locations":[{"start":{"line":15,"column":7},"end":{"line":17,"column":1}},{"start":{},"end":{}}],"line":15},"3":{"loc":{"start":{"line":24,"column":2},"end":{"line":28,"column":3}},"type":"if","locations":[{"start":{"line":24,"column":2},"end":{"line":28,"column":3}},{"start":{"line":26,"column":9},"end":{"line":28,"column":3}}],"line":24},"4":{"loc":{"start":{"line":24,"column":6},"end":{"line":24,"column":59}},"type":"binary-expr","locations":[{"start":{"line":24,"column":6},"end":{"line":24,"column":31}},{"start":{"line":24,"column":35},"end":{"line":24,"column":59}}],"line":24},"5":{"loc":{"start":{"line":26,"column":9},"end":{"line":28,"column":3}},"type":"if","locations":[{"start":{"line":26,"column":9},"end":{"line":28,"column":3}},{"start":{},"end":{}}],"line":26},"6":{"loc":{"start":{"line":26,"column":13},"end":{"line":26,"column":76}},"type":"binary-expr","locations":[{"start":{"line":26,"column":13},"end":{"line":26,"column":43}},{"start":{"line":26,"column":47},"end":{"line":26,"column":76}}],"line":26},"7":{"loc":{"start":{"line":44,"column":6},"end":{"line":47,"column":7}},"type":"if","locations":[{"start":{"line":44,"column":6},"end":{"line":47,"column":7}},{"start":{},"end":{}}],"line":44},"8":{"loc":{"start":{"line":50,"column":6},"end":{"line":57,"column":7}},"type":"if","locations":[{"start":{"line":50,"column":6},"end":{"line":57,"column":7}},{"start":{},"end":{}}],"line":50},"9":{"loc":{"start":{"line":50,"column":10},"end":{"line":50,"column":79}},"type":"binary-expr","locations":[{"start":{"line":50,"column":10},"end":{"line":50,"column":30}},{"start":{"line":50,"column":35},"end":{"line":50,"column":55}},{"start":{"line":50,"column":59},"end":{"line":50,"column":78}}],"line":50},"10":{"loc":{"start":{"line":59,"column":6},"end":{"line":62,"column":7}},"type":"if","locations":[{"start":{"line":59,"column":6},"end":{"line":62,"column":7}},{"start":{},"end":{}}],"line":59},"11":{"loc":{"start":{"line":65,"column":23},"end":{"line":65,"column":127}},"type":"binary-expr","locations":[{"start":{"line":65,"column":23},"end":{"line":65,"column":59}},{"start":{"line":65,"column":63},"end":{"line":65,"column":97}},{"start":{"line":65,"column":101},"end":{"line":65,"column":127}}],"line":65},"12":{"loc":{"start":{"line":67,"column":8},"end":{"line":71,"column":9}},"type":"if","locations":[{"start":{"line":67,"column":8},"end":{"line":71,"column":9}},{"start":{},"end":{}}],"line":67},"13":{"loc":{"start":{"line":87,"column":43},"end":{"line":87,"column":80}},"type":"binary-expr","locations":[{"start":{"line":87,"column":43},"end":{"line":87,"column":63}},{"start":{"line":87,"column":67},"end":{"line":87,"column":80}}],"line":87},"14":{"loc":{"start":{"line":88,"column":19},"end":{"line":88,"column":48}},"type":"binary-expr","locations":[{"start":{"line":88,"column":19},"end":{"line":88,"column":41}},{"start":{"line":88,"column":45},"end":{"line":88,"column":48}}],"line":88},"15":{"loc":{"start":{"line":89,"column":17},"end":{"line":89,"column":67}},"type":"binary-expr","locations":[{"start":{"line":89,"column":17},"end":{"line":89,"column":37}},{"start":{"line":89,"column":41},"end":{"line":89,"column":67}}],"line":89},"16":{"loc":{"start":{"line":106,"column":6},"end":{"line":109,"column":7}},"type":"if","locations":[{"start":{"line":106,"column":6},"end":{"line":109,"column":7}},{"start":{},"end":{}}],"line":106},"17":{"loc":{"start":{"line":112,"column":6},"end":{"line":118,"column":7}},"type":"if","locations":[{"start":{"line":112,"column":6},"end":{"line":118,"column":7}},{"start":{"line":114,"column":13},"end":{"line":118,"column":7}}],"line":112},"18":{"loc":{"start":{"line":112,"column":10},"end":{"line":112,"column":61}},"type":"binary-expr","locations":[{"start":{"line":112,"column":10},"end":{"line":112,"column":34}},{"start":{"line":112,"column":38},"end":{"line":112,"column":61}}],"line":112},"19":{"loc":{"start":{"line":114,"column":13},"end":{"line":118,"column":7}},"type":"if","locations":[{"start":{"line":114,"column":13},"end":{"line":118,"column":7}},{"start":{"line":116,"column":13},"end":{"line":118,"column":7}}],"line":114},"20":{"loc":{"start":{"line":114,"column":17},"end":{"line":114,"column":72}},"type":"binary-expr","locations":[{"start":{"line":114,"column":17},"end":{"line":114,"column":43}},{"start":{"line":114,"column":47},"end":{"line":114,"column":72}}],"line":114},"21":{"loc":{"start":{"line":129,"column":2},"end":{"line":132,"column":3}},"type":"if","locations":[{"start":{"line":129,"column":2},"end":{"line":132,"column":3}},{"start":{},"end":{}}],"line":129},"22":{"loc":{"start":{"line":137,"column":4},"end":{"line":140,"column":5}},"type":"if","locations":[{"start":{"line":137,"column":4},"end":{"line":140,"column":5}},{"start":{},"end":{}}],"line":137},"23":{"loc":{"start":{"line":158,"column":6},"end":{"line":166,"column":7}},"type":"if","locations":[{"start":{"line":158,"column":6},"end":{"line":166,"column":7}},{"start":{"line":162,"column":13},"end":{"line":166,"column":7}}],"line":158},"24":{"loc":{"start":{"line":161,"column":21},"end":{"line":161,"column":65}},"type":"binary-expr","locations":[{"start":{"line":161,"column":21},"end":{"line":161,"column":41}},{"start":{"line":161,"column":45},"end":{"line":161,"column":59}},{"start":{"line":161,"column":63},"end":{"line":161,"column":65}}],"line":161},"25":{"loc":{"start":{"line":162,"column":13},"end":{"line":166,"column":7}},"type":"if","locations":[{"start":{"line":162,"column":13},"end":{"line":166,"column":7}},{"start":{},"end":{}}],"line":162},"26":{"loc":{"start":{"line":165,"column":21},"end":{"line":165,"column":65}},"type":"binary-expr","locations":[{"start":{"line":165,"column":21},"end":{"line":165,"column":41}},{"start":{"line":165,"column":45},"end":{"line":165,"column":59}},{"start":{"line":165,"column":63},"end":{"line":165,"column":65}}],"line":165},"27":{"loc":{"start":{"line":169,"column":6},"end":{"line":177,"column":7}},"type":"if","locations":[{"start":{"line":169,"column":6},"end":{"line":177,"column":7}},{"start":{},"end":{}}],"line":169},"28":{"loc":{"start":{"line":173,"column":8},"end":{"line":176,"column":9}},"type":"if","locations":[{"start":{"line":173,"column":8},"end":{"line":176,"column":9}},{"start":{},"end":{}}],"line":173},"29":{"loc":{"start":{"line":173,"column":12},"end":{"line":173,"column":64}},"type":"binary-expr","locations":[{"start":{"line":173,"column":12},"end":{"line":173,"column":36}},{"start":{"line":173,"column":40},"end":{"line":173,"column":64}}],"line":173},"30":{"loc":{"start":{"line":181,"column":6},"end":{"line":184,"column":7}},"type":"if","locations":[{"start":{"line":181,"column":6},"end":{"line":184,"column":7}},{"start":{},"end":{}}],"line":181},"31":{"loc":{"start":{"line":181,"column":10},"end":{"line":181,"column":62}},"type":"binary-expr","locations":[{"start":{"line":181,"column":10},"end":{"line":181,"column":34}},{"start":{"line":181,"column":38},"end":{"line":181,"column":62}}],"line":181},"32":{"loc":{"start":{"line":187,"column":4},"end":{"line":193,"column":5}},"type":"if","locations":[{"start":{"line":187,"column":4},"end":{"line":193,"column":5}},{"start":{},"end":{}}],"line":187},"33":{"loc":{"start":{"line":216,"column":26},"end":{"line":216,"column":54}},"type":"binary-expr","locations":[{"start":{"line":216,"column":26},"end":{"line":216,"column":36}},{"start":{"line":216,"column":40},"end":{"line":216,"column":48}},{"start":{"line":216,"column":52},"end":{"line":216,"column":54}}],"line":216},"34":{"loc":{"start":{"line":219,"column":4},"end":{"line":223,"column":5}},"type":"if","locations":[{"start":{"line":219,"column":4},"end":{"line":223,"column":5}},{"start":{},"end":{}}],"line":219},"35":{"loc":{"start":{"line":226,"column":4},"end":{"line":228,"column":5}},"type":"if","locations":[{"start":{"line":226,"column":4},"end":{"line":228,"column":5}},{"start":{},"end":{}}],"line":226},"36":{"loc":{"start":{"line":226,"column":8},"end":{"line":226,"column":76}},"type":"binary-expr","locations":[{"start":{"line":226,"column":8},"end":{"line":226,"column":23}},{"start":{"line":226,"column":27},"end":{"line":226,"column":76}}],"line":226},"37":{"loc":{"start":{"line":236,"column":4},"end":{"line":250,"column":5}},"type":"if","locations":[{"start":{"line":236,"column":4},"end":{"line":250,"column":5}},{"start":{"line":248,"column":11},"end":{"line":250,"column":5}}],"line":236},"38":{"loc":{"start":{"line":236,"column":8},"end":{"line":236,"column":41}},"type":"binary-expr","locations":[{"start":{"line":236,"column":8},"end":{"line":236,"column":14}},{"start":{"line":236,"column":18},"end":{"line":236,"column":41}}],"line":236},"39":{"loc":{"start":{"line":243,"column":8},"end":{"line":245,"column":9}},"type":"if","locations":[{"start":{"line":243,"column":8},"end":{"line":245,"column":9}},{"start":{},"end":{}}],"line":243},"40":{"loc":{"start":{"line":255,"column":15},"end":{"line":255,"column":98}},"type":"cond-expr","locations":[{"start":{"line":255,"column":27},"end":{"line":255,"column":66}},{"start":{"line":255,"column":69},"end":{"line":255,"column":98}}],"line":255},"41":{"loc":{"start":{"line":260,"column":24},"end":{"line":260,"column":103}},"type":"cond-expr","locations":[{"start":{"line":260,"column":36},"end":{"line":260,"column":65}},{"start":{"line":260,"column":68},"end":{"line":260,"column":103}}],"line":260},"42":{"loc":{"start":{"line":272,"column":2},"end":{"line":275,"column":3}},"type":"if","locations":[{"start":{"line":272,"column":2},"end":{"line":275,"column":3}},{"start":{},"end":{}}],"line":272},"43":{"loc":{"start":{"line":280,"column":4},"end":{"line":283,"column":5}},"type":"if","locations":[{"start":{"line":280,"column":4},"end":{"line":283,"column":5}},{"start":{},"end":{}}],"line":280},"44":{"loc":{"start":{"line":280,"column":8},"end":{"line":280,"column":22}},"type":"binary-expr","locations":[{"start":{"line":280,"column":8},"end":{"line":280,"column":14}},{"start":{"line":280,"column":18},"end":{"line":280,"column":22}}],"line":280},"45":{"loc":{"start":{"line":293,"column":6},"end":{"line":299,"column":7}},"type":"if","locations":[{"start":{"line":293,"column":6},"end":{"line":299,"column":7}},{"start":{"line":297,"column":13},"end":{"line":299,"column":7}}],"line":293},"46":{"loc":{"start":{"line":306,"column":4},"end":{"line":327,"column":5}},"type":"if","locations":[{"start":{"line":306,"column":4},"end":{"line":327,"column":5}},{"start":{},"end":{}}],"line":306},"47":{"loc":{"start":{"line":310,"column":6},"end":{"line":326,"column":7}},"type":"if","locations":[{"start":{"line":310,"column":6},"end":{"line":326,"column":7}},{"start":{"line":320,"column":13},"end":{"line":326,"column":7}}],"line":310},"48":{"loc":{"start":{"line":310,"column":10},"end":{"line":310,"column":56}},"type":"binary-expr","locations":[{"start":{"line":310,"column":10},"end":{"line":310,"column":13}},{"start":{"line":310,"column":17},"end":{"line":310,"column":33}},{"start":{"line":310,"column":37},"end":{"line":310,"column":56}}],"line":310},"49":{"loc":{"start":{"line":330,"column":4},"end":{"line":336,"column":5}},"type":"if","locations":[{"start":{"line":330,"column":4},"end":{"line":336,"column":5}},{"start":{},"end":{}}],"line":330},"50":{"loc":{"start":{"line":339,"column":4},"end":{"line":350,"column":5}},"type":"if","locations":[{"start":{"line":339,"column":4},"end":{"line":350,"column":5}},{"start":{},"end":{}}],"line":339},"51":{"loc":{"start":{"line":353,"column":4},"end":{"line":382,"column":5}},"type":"if","locations":[{"start":{"line":353,"column":4},"end":{"line":382,"column":5}},{"start":{},"end":{}}],"line":353},"52":{"loc":{"start":{"line":364,"column":6},"end":{"line":375,"column":7}},"type":"if","locations":[{"start":{"line":364,"column":6},"end":{"line":375,"column":7}},{"start":{},"end":{}}],"line":364},"53":{"loc":{"start":{"line":400,"column":6},"end":{"line":503,"column":7}},"type":"if","locations":[{"start":{"line":400,"column":6},"end":{"line":503,"column":7}},{"start":{"line":416,"column":13},"end":{"line":503,"column":7}}],"line":400},"54":{"loc":{"start":{"line":423,"column":8},"end":{"line":428,"column":9}},"type":"if","locations":[{"start":{"line":423,"column":8},"end":{"line":428,"column":9}},{"start":{},"end":{}}],"line":423},"55":{"loc":{"start":{"line":430,"column":8},"end":{"line":435,"column":9}},"type":"if","locations":[{"start":{"line":430,"column":8},"end":{"line":435,"column":9}},{"start":{},"end":{}}],"line":430},"56":{"l
[...]
"start":{"line":41,"column":4},"end":{"line":43,"column":5}},"type":"if","locations":[{"start":{"line":41,"column":4},"end":{"line":43,"column":5}},{"start":{},"end":{}}],"line":41},"6":{"loc":{"start":{"line":71,"column":29},"end":{"line":71,"column":40}},"type":"default-arg","locations":[{"start":{"line":71,"column":38},"end":{"line":71,"column":40}}],"line":71},"7":{"loc":{"start":{"line":71,"column":42},"end":{"line":71,"column":53}},"type":"default-arg","locations":[{"start":{"line":71,"column":52},"end":{"line":71,"column":53}}],"line":71},"8":{"loc":{"start":{"line":72,"column":4},"end":{"line":72,"column":46}},"type":"if","locations":[{"start":{"line":72,"column":4},"end":{"line":72,"column":46}},{"start":{},"end":{}}],"line":72},"9":{"loc":{"start":{"line":86,"column":8},"end":{"line":89,"column":9}},"type":"if","locations":[{"start":{"line":86,"column":8},"end":{"line":89,"column":9}},{"start":{},"end":{}}],"line":86},"10":{"loc":{"start":{"line":104,"column":26},"end":{"line":104,"column":56}},"type":"binary-expr","locations":[{"start":{"line":104,"column":26},"end":{"line":104,"column":50}},{"start":{"line":104,"column":54},"end":{"line":104,"column":56}}],"line":104},"11":{"loc":{"start":{"line":134,"column":14},"end":{"line":134,"column":36}},"type":"binary-expr","locations":[{"start":{"line":134,"column":14},"end":{"line":134,"column":25}},{"start":{"line":134,"column":29},"end":{"line":134,"column":36}}],"line":134},"12":{"loc":{"start":{"line":135,"column":18},"end":{"line":135,"column":42}},"type":"binary-expr","locations":[{"start":{"line":135,"column":18},"end":{"line":135,"column":33}},{"start":{"line":135,"column":37},"end":{"line":135,"column":42}}],"line":135},"13":{"loc":{"start":{"line":136,"column":13},"end":{"line":136,"column":31}},"type":"binary-expr","locations":[{"start":{"line":136,"column":13},"end":{"line":136,"column":23}},{"start":{"line":136,"column":27},"end":{"line":136,"column":31}}],"line":136},"14":{"loc":{"start":{"line":178,"column":13},"end":{"line":178,"column":46}},"type":"binary-expr","locations":[{"start":{"line":178,"column":13},"end":{"line":178,"column":27}},{"start":{"line":178,"column":31},"end":{"line":178,"column":46}}],"line":178},"15":{"loc":{"start":{"line":179,"column":19},"end":{"line":179,"column":45}},"type":"binary-expr","locations":[{"start":{"line":179,"column":19},"end":{"line":179,"column":39}},{"start":{"line":179,"column":43},"end":{"line":179,"column":45}}],"line":179},"16":{"loc":{"start":{"line":180,"column":16},"end":{"line":180,"column":52}},"type":"binary-expr","locations":[{"start":{"line":180,"column":16},"end":{"line":180,"column":33}},{"start":{"line":180,"column":37},"end":{"line":180,"column":52}}],"line":180},"17":{"loc":{"start":{"line":181,"column":16},"end":{"line":181,"column":45}},"type":"binary-expr","locations":[{"start":{"line":181,"column":16},"end":{"line":181,"column":33}},{"start":{"line":181,"column":37},"end":{"line":181,"column":45}}],"line":181},"18":{"loc":{"start":{"line":182,"column":14},"end":{"line":182,"column":41}},"type":"binary-expr","locations":[{"start":{"line":182,"column":14},"end":{"line":182,"column":29}},{"start":{"line":182,"column":33},"end":{"line":182,"column":41}}],"line":182},"19":{"loc":{"start":{"line":185,"column":16},"end":{"line":185,"column":65}},"type":"binary-expr","locations":[{"start":{"line":185,"column":16},"end":{"line":185,"column":33}},{"start":{"line":185,"column":37},"end":{"line":185,"column":52}},{"start":{"line":185,"column":56},"end":{"line":185,"column":65}}],"line":185},"20":{"loc":{"start":{"line":186,"column":17},"end":{"line":186,"column":90}},"type":"binary-expr","locations":[{"start":{"line":186,"column":17},"end":{"line":186,"column":62}},{"start":{"line":186,"column":66},"end":{"line":186,"column":90}}],"line":186},"21":{"loc":{"start":{"line":187,"column":19},"end":{"line":187,"column":74}},"type":"binary-expr","locations":[{"start":{"line":187,"column":19},"end":{"line":187,"column":66}},{"start":{"line":187,"column":70},"end":{"line":187,"column":74}}],"line":187},"22":{"loc":{"start":{"line":233,"column":13},"end":{"line":233,"column":48}},"type":"binary-expr","locations":[{"start":{"line":233,"column":13},"end":{"line":233,"column":28}},{"start":{"line":233,"column":32},"end":{"line":233,"column":48}}],"line":233},"23":{"loc":{"start":{"line":234,"column":17},"end":{"line":234,"column":114}},"type":"binary-expr","locations":[{"start":{"line":234,"column":17},"end":{"line":234,"column":63}},{"start":{"line":234,"column":67},"end":{"line":234,"column":86}},{"start":{"line":234,"column":90},"end":{"line":234,"column":114}}],"line":234},"24":{"loc":{"start":{"line":235,"column":15},"end":{"line":235,"column":108}},"type":"binary-expr","locations":[{"start":{"line":235,"column":15},"end":{"line":235,"column":59}},{"start":{"line":235,"column":63},"end":{"line":235,"column":80}},{"start":{"line":235,"column":84},"end":{"line":235,"column":108}}],"line":235},"25":{"loc":{"start":{"line":236,"column":14},"end":{"line":236,"column":42}},"type":"binary-expr","locations":[{"start":{"line":236,"column":14},"end":{"line":236,"column":30}},{"start":{"line":236,"column":34},"end":{"line":236,"column":42}}],"line":236},"26":{"loc":{"start":{"line":238,"column":14},"end":{"line":238,"column":43}},"type":"binary-expr","locations":[{"start":{"line":238,"column":14},"end":{"line":238,"column":30}},{"start":{"line":238,"column":34},"end":{"line":238,"column":43}}],"line":238},"27":{"loc":{"start":{"line":323,"column":16},"end":{"line":323,"column":55}},"type":"binary-expr","locations":[{"start":{"line":323,"column":16},"end":{"line":323,"column":37}},{"start":{"line":323,"column":41},"end":{"line":323,"column":55}}],"line":323},"28":{"loc":{"start":{"line":324,"column":16},"end":{"line":324,"column":56}},"type":"binary-expr","locations":[{"start":{"line":324,"column":16},"end":{"line":324,"column":37}},{"start":{"line":324,"column":41},"end":{"line":324,"column":56}}],"line":324},"29":{"loc":{"start":{"line":325,"column":23},"end":{"line":325,"column":57}},"type":"binary-expr","locations":[{"start":{"line":325,"column":23},"end":{"line":325,"column":51}},{"start":{"line":325,"column":55},"end":{"line":325,"column":57}}],"line":325},"30":{"loc":{"start":{"line":347,"column":12},"end":{"line":347,"column":52}},"type":"binary-expr","locations":[{"start":{"line":347,"column":12},"end":{"line":347,"column":45}},{"start":{"line":347,"column":49},"end":{"line":347,"column":52}}],"line":347},"31":{"loc":{"start":{"line":357,"column":12},"end":{"line":357,"column":53}},"type":"binary-expr","locations":[{"start":{"line":357,"column":12},"end":{"line":357,"column":45}},{"start":{"line":357,"column":49},"end":{"line":357,"column":53}}],"line":357},"32":{"loc":{"start":{"line":360,"column":24},"end":{"line":360,"column":50}},"type":"binary-expr","locations":[{"start":{"line":360,"column":24},"end":{"line":360,"column":44}},{"start":{"line":360,"column":48},"end":{"line":360,"column":50}}],"line":360},"33":{"loc":{"start":{"line":361,"column":4},"end":{"line":362,"column":43}},"type":"if","locations":[{"start":{"line":361,"column":4},"end":{"line":362,"column":43}},{"start":{"line":362,"column":9},"end":{"line":362,"column":43}}],"line":361},"34":{"loc":{"start":{"line":362,"column":9},"end":{"line":362,"column":43}},"type":"if","locations":[{"start":{"line":362,"column":9},"end":{"line":362,"column":43}},{"start":{},"end":{}}],"line":362},"35":{"loc":{"start":{"line":371,"column":4},"end":{"line":375,"column":5}},"type":"if","locations":[{"start":{"line":371,"column":4},"end":{"line":375,"column":5}},{"start":{},"end":{}}],"line":371},"36":{"loc":{"start":{"line":393,"column":6},"end":{"line":396,"column":7}},"type":"if","locations":[{"start":{"line":393,"column":6},"end":{"line":396,"column":7}},{"start":{},"end":{}}],"line":393},"37":{"loc":{"start":{"line":415,"column":6},"end":{"line":419,"column":7}},"type":"if","locations":[{"start":{"line":415,"column":6},"end":{"line":419,"column":7}},{"start":{},"end":{}}],"line":415},"38":{"loc":{"start":{"line":437,"column":6},"end":{"line":441,"column":7}},"type":"if","locations":[{"start":{"line":437,"column":6},"end":{"line":441,"column":7}},{"start":{},"end":{}}],"line":437}},"s":{"0":2,"1":2,"2":2,"3":2,"4":0,"5":0,"6":0,"7":0,"8":0,"9":0,"10":0,"11":0,"12":0,"13":0,"14":0,"15":0,"16":0,"17":0,"18":0,"19":0,"20":0,"21":0,"22":0,"23":0,"24":0,"25":0,"26":0,"27":0,"28":0,"29":0,"30":0,"31":0,"32":0,"33":0,"34":0,"35":0,"36":0,"37":0,"38":0,"39":0,"40":0,"41":0,"42":0,"43":0,"44":0,"45":0,"46":0,"47":0,"48":0,"49":0,"50":0,"51":0,"52":0,"53":0,"54":0,"55":0,"56":0,"57":0,"58":0,"59":0,"60":0,"61":0,"62":0,"63":0,"64":0,"65":0,"66":0,"67":0,"68":0,"69":9,"70":9,"71":9,"72":9,"73":9,"74":9,"75":9,"76":1,"77":8,"78":2,"79":9,"80":0,"81":0,"82":0,"83":0,"84":2,"85":2,"86":0,"87":0,"88":0,"89":0,"90":0,"91":0,"92":0,"93":0,"94":0,"95":0,"96":0,"97":0,"98":0,"99":0,"100":0,"101":0,"102":0,"103":0,"104":0,"105":0,"106":0,"107":0,"108":0,"109":0,"110":0,"111":0,"112":0,"113":0,"114":0,"115":0,"116":0,"117":0,"118":0,"119":0,"120":0,"121":0,"122":0,"123":0,"124":0,"125":0,"126":0,"127":0,"128":0,"129":0},"f":{"0":2,"1":0,"2":0,"3":0,"4":0,"5":0,"6":0,"7":0,"8":0,"9":0,"10":0,"11":9,"12":0,"13":0,"14":0,"15":0,"16":0,"17":0},"b":{"0":[0,0],"1":[0,0],"2":[0,0,0],"3":[0,0,0],"4":[0,0],"5":[0,0],"6":[0],"7":[0],"8":[0,0],"9":[0,0],"10":[0,0],"11":[0,0],"12":[0,0],"13":[0,0],"14":[0,0],"15":[0,0],"16":[0,0],"17":[0,0],"18":[0,0],"19":[0,0,0],"20":[0,0],"21":[0,0],"22":[0,0],"23":[0,0,0],"24":[0,0,0],"25":[0,0],"26":[0,0],"27":[0,0],"28":[0,0],"29":[0,0],"30":[9,2],"31":[9,2],"32":[9,2],"33":[1,8],"34":[2,6],"35":[0,0],"36":[0,0],"37":[0,0],"38":[0,0]},"_coverageSchema":"1a1c01bbd47fc00a2c39e90264f33305004495a9","hash":"ef6f0d5e28d1f17b8c1a71b980e56aa96afe8197"}
,"/Users/stefanpalsson/parentload copy/parentload-clean/functions/sendHabitReminders.js": {"path":"/Users/stefanpalsson/parentload copy/parentload-clean/functions/sendHabitReminders.js","statementMap":{"0":{"start":{"line":2,"column":18},"end":{"line":2,"column":47}},"1":{"start":{"line":3,"column":14},"end":{"line":3,"column":39}},"2":{"start":{"line":6,"column":19},"end":{"line":6,"column":23}},"3":{"start":{"line":7,"column":24},"end":{"line":7,"column":28}},"4":{"start":{"line":9,"column":0},"end":{"line":23,"column":1}},"5":{"start":{"line":10,"column":23},"end":{"line":10,"column":48}},"6":{"start":{"line":11,"column":2},"end":{"line":19,"column":3}},"7":{"start":{"line":12,"column":23},"end":{"line":12,"column":47}},"8":{"start":{"line":13,"column":22},"end":{"line":13,"column":45}},"9":{"start":{"line":14,"column":4},"end":{"line":14,"column":50}},"10":{"start":{"line":15,"column":4},"end":{"line":15,"column":60}},"11":{"start":{"line":16,"column":4},"end":{"line":16,"column":51}},"12":{"start":{"line":18,"column":4},"end":{"line":18,"column":83}},"13":{"start":{"line":21,"column":2},"end":{"line":21,"column":53}},"14":{"start":{"line":22,"column":2},"end":{"line":22,"column":48}},"15":{"start":{"line":25,"column":0},"end":{"line":85,"column":5}},"16":{"start":{"line":29,"column":16},"end":{"line":29,"column":26}},"17":{"start":{"line":30,"column":34},"end":{"line":30,"column":70}},"18":{"start":{"line":32,"column":4},"end":{"line":84,"column":5}},"19":{"start":{"line":34,"column":32},"end":{"line":39,"column":14}},"20":{"start":{"line":41,"column":27},"end":{"line":75,"column":8}},"21":{"start":{"line":42,"column":25},"end":{"line":42,"column":43}},"22":{"start":{"line":44,"column":8},"end":{"line":74,"column":9}},"23":{"start":{"line":46,"column":10},"end":{"line":49,"column":11}},"24":{"start":{"line":47,"column":12},"end":{"line":47,"column":100}},"25":{"start":{"line":48,"column":12},"end":{"line":48,"column":19}},"26":{"start":{"line":52,"column":10},"end":{"line":56,"column":13}},"27":{"start":{"line":59,"column":10},"end":{"line":62,"column":13}},"28":{"start":{"line":64,"column":10},"end":{"line":64,"column":96}},"29":{"start":{"line":66,"column":10},"end":{"line":66,"column":82}},"30":{"start":{"line":69,"column":10},"end":{"line":73,"column":13}},"31":{"start":{"line":77,"column":6},"end":{"line":77,"column":38}},"32":{"start":{"line":79,"column":6},"end":{"line":79,"column":67}},"33":{"start":{"line":80,"column":6},"end":{"line":80,"column":18}},"34":{"start":{"line":82,"column":6},"end":{"line":82,"column":68}},"35":{"start":{"line":83,"column":6},"end":{"line":83,"column":18}},"36":{"start":{"line":88,"column":0},"end":{"line":196,"column":5}},"37":{"start":{"line":93,"column":18},"end":{"line":93,"column":29}},"38":{"start":{"line":94,"column":34},"end":{"line":94,"column":48}},"39":{"start":{"line":97,"column":4},"end":{"line":99,"column":5}},"40":{"start":{"line":98,"column":6},"end":{"line":98,"column":18}},"41":{"start":{"line":101,"column":4},"end":{"line":195,"column":5}},"42":{"start":{"line":103,"column":22},"end":{"line":106,"column":14}},"43":{"start":{"line":108,"column":6},"end":{"line":111,"column":7}},"44":{"start":{"line":109,"column":8},"end":{"line":109,"column":56}},"45":{"start":{"line":110,"column":8},"end":{"line":110,"column":20}},"46":{"start":{"line":113,"column":23},"end":{"line":113,"column":37}},"47":{"start":{"line":116,"column":6},"end":{"line":119,"column":7}},"48":{"start":{"line":117,"column":8},"end":{"line":117,"column":57}},"49":{"start":{"line":118,"column":8},"end":{"line":118,"column":20}},"50":{"start":{"line":122,"column":23},"end":{"line":127,"column":14}},"51":{"start":{"line":129,"column":6},"end":{"line":135,"column":7}},"52":{"start":{"line":130,"column":22},"end":{"line":130,"column":37}},"53":{"start":{"line":131,"column":8},"end":{"line":134,"column":9}},"54":{"start":{"line":132,"column":10},"end":{"line":132,"column":63}},"55":{"start":{"line":133,"column":10},"end":{"line":133,"column":22}},"56":{"start":{"line":138,"column":20},"end":{"line":138,"column":45}},"57":{"start":{"line":140,"column":6},"end":{"line":186,"column":7}},"58":{"start":{"line":140,"column":19},"end":{"line":140,"column":20}},"59":{"start":{"line":141,"column":21},"end":{"line":141,"column":31}},"60":{"start":{"line":142,"column":8},"end":{"line":142,"column":41}},"61":{"start":{"line":145,"column":26},"end":{"line":145,"column":39}},"62":{"start":{"line":146,"column":8},"end":{"line":148,"column":9}},"63":{"start":{"line":147,"column":10},"end":{"line":147,"column":19}},"64":{"start":{"line":151,"column":33},"end":{"line":151,"column":80}},"65":{"start":{"line":152,"column":8},"end":{"line":152,"column":44}},"66":{"start":{"line":155,"column":29},"end":{"line":155,"column":108}},"67":{"start":{"line":158,"column":8},"end":{"line":160,"column":9}},"68":{"start":{"line":159,"column":10},"end":{"line":159,"column":19}},"69":{"start":{"line":163,"column":27},"end":{"line":163,"column":84}},"70":{"start":{"line":164,"column":28},"end":{"line":168,"column":26}},"71":{"start":{"line":170,"column":29},"end":{"line":183,"column":9}},"72":{"start":{"line":185,"column":8},"end":{"line":185,"column":45}},"73":{"start":{"line":188,"column":6},"end":{"line":188,"column":27}},"74":{"start":{"line":189,"column":6},"end":{"line":189,"column":60}},"75":{"start":{"line":191,"column":6},"end":{"line":191,"column":18}},"76":{"start":{"line":193,"column":6},"end":{"line":193,"column":64}},"77":{"start":{"line":194,"column":6},"end":{"line":194,"column":18}}},"fnMap":{"0":{"name":"(anonymous_0)","decl":{"start":{"line":28,"column":9},"end":{"line":28,"column":10}},"loc":{"start":{"line":28,"column":28},"end":{"line":85,"column":3}},"line":28},"1":{"name":"(anonymous_1)","decl":{"start":{"line":41,"column":54},"end":{"line":41,"column":55}},"loc":{"start":{"line":41,"column":77},"end":{"line":75,"column":7}},"line":41},"2":{"name":"(anonymous_2)","decl":{"start":{"line":92,"column":12},"end":{"line":92,"column":13}},"loc":{"start":{"line":92,"column":37},"end":{"line":196,"column":3}},"line":92}},"branchMap":{"0":{"loc":{"start":{"line":11,"column":2},"end":{"line":19,"column":3}},"type":"if","locations":[{"start":{"line":11,"column":2},"end":{"line":19,"column":3}},{"start":{"line":17,"column":9},"end":{"line":19,"column":3}}],"line":11},"1":{"loc":{"start":{"line":11,"column":6},"end":{"line":11,"column":102}},"type":"binary-expr","locations":[{"start":{"line":11,"column":6},"end":{"line":11,"column":18}},{"start":{"line":11,"column":22},"end":{"line":11,"column":46}},{"start":{"line":11,"column":50},"end":{"line":11,"column":73}},{"start":{"line":11,"column":77},"end":{"line":11,"column":102}}],"line":11},"2":{"loc":{"start":{"line":46,"column":10},"end":{"line":49,"column":11}},"type":"if","locations":[{"start":{"line":46,"column":10},"end":{"line":49,"column":11}},{"start":{},"end":{}}],"line":46},"3":{"loc":{"start":{"line":97,"column":4},"end":{"line":99,"column":5}},"type":"if","locations":[{"start":{"line":97,"column":4},"end":{"line":99,"column":5}},{"start":{},"end":{}}],"line":97},"4":{"loc":{"start":{"line":108,"column":6},"end":{"line":111,"column":7}},"type":"if","locations":[{"start":{"line":108,"column":6},"end":{"line":111,"column":7}},{"start":{},"end":{}}],"line":108},"5":{"loc":{"start":{"line":116,"column":6},"end":{"line":119,"column":7}},"type":"if","locations":[{"start":{"line":116,"column":6},"end":{"line":119,"column":7}},{"start":{},"end":{}}],"line":116},"6":{"loc":{"start":{"line":116,"column":10},"end":{"line":116,"column":58}},"type":"binary-expr","locations":[{"start":{"line":116,"column":10},"end":{"line":116,"column":33}},{"start":{"line":116,"column":37},"end":{"line":116,"column":58}}],"line":116},"7":{"loc":{"start":{"line":129,"column":6},"end":{"line":135,"column":7}},"type":"if","locations":[{"start":{"line":129,"column":6},"end":{"line":135,"column":7}},{"start":{},"end":{}}],"line":129},"8":{"loc":{"start":{"line":131,"column":8},"end":{"line":134,"column":9}},"type":"if","locations":[{"start":{"line":131,"column":8},"end":{"line":134,"column":9}},{"start":{},"end":{}}],"line":131},"9":{"loc":{"start":{"line":146,"column":8},"end":{"line":148,"column":9}},"type":"if","locations":[{"start":{"line":146,"column":8},"end":{"line":148,"column":9}},{"start":{},"end":{}}],"line":146},"10":{"loc":{"start":{"line":155,"column":56},"end":{"line":155,"column":98}},"type":"binary-expr","locations":[{"start":{"line":155,"column":56},"end":{"line":155,"column":92}},{"start":{"line":155,"column":96},"end":{"line":155,"column":98}}],"line":155},"11":{"loc":{"start":{"line":158,"column":8},"end":{"line":160,"column":9}},"type":"if","locations":[{"start":{"line":158,"column":8},"end":{"line":160,"column":9}},{"start":{},"end":{}}],"line":158},"12":{"loc":{"start":{"line":176,"column":22},"end":{"line":176,"column":59}},"type":"binary-expr","locations":[{"start":{"line":176,"column":22},"end":{"line":176,"column":44}},{"start":{"line":176,"column":48},"end":{"line":176,"column":59}}],"line":176},"13":{"loc":{"start":{"line":177,"column":20},"end":{"line":177,"column":75}},"type":"binary-expr","locations":[{"start":{"line":177,"column":20},"end":{"line":177,"column":45}},{"start":{"line":177,"column":49},"end":{"line":177,"column":75}}],"line":177}},"s":{"0":0,"1":0,"2":0,"3":0,"4":0,"5":0,"6":0,"7":0,"8":0,"9":0,"10":0,"11":0,"12":0,"13":0,"14":0,"15":0,"16":0,"17":0,"18":0,"19":0,"20":0,"21":0,"22":0,"23":0,"24":0,"25":0,"26":0,"27":0,"28":0,"29":0,"30":0,"31":0,"32":0,"33":0,"34":0,"35":0,"36":0,"37":0,"38":0,"39":0,"40":0,"41":0,"42":0,"43":0,"44":0,"45":0,"46":0,"47":0,"48":0,"49":0,"50":0,"51":0,"52":0,"53":0,"54":0,"55":0,"56":0,"57":0,"58":0,"59":0,"60":0,"61":0,"62":0,"63":0,"64":0,"65":0,"66":0,"67":0,"68":0,"69":0,"70":0,"71":0,"72":0,"73":0,"74":0,"75":0,"76":0,"77":0},"f":{"0":0,"1":0,"2":0},"b":{"0":[0,0],"1":[0,0,0,0],"2":[0,0],"3":[0,0],"4":[0,0],"5":[0,0],"6":[0,0],"7":[0,0],"8":[0,0],"9":[0,0],"10":[0,0],"11":[0,0],"12":[0,0],"13":[0,0]}}
}
