TN:
SF:index-complex.js
FN:35,(anonymous_0)
FN:41,(anonymous_1)
FN:54,(anonymous_2)
FN:127,(anonymous_3)
FNF:4
FNH:0
FNDA:0,(anonymous_0)
FNDA:0,(anonymous_1)
FNDA:0,(anonymous_2)
FNDA:0,(anonymous_3)
DA:1,0
DA:2,0
DA:3,0
DA:4,0
DA:7,0
DA:10,0
DA:25,0
DA:28,0
DA:32,0
DA:35,0
DA:36,0
DA:37,0
DA:41,0
DA:43,0
DA:44,0
DA:46,0
DA:54,0
DA:55,0
DA:57,0
DA:60,0
DA:63,0
DA:64,0
DA:65,0
DA:72,0
DA:75,0
DA:83,0
DA:86,0
DA:95,0
DA:97,0
DA:100,0
DA:102,0
DA:103,0
DA:105,0
DA:110,0
DA:112,0
DA:118,0
DA:127,0
DA:128,0
DA:129,0
DA:136,0
LF:40
LH:0
BRDA:28,0,0,0
BRDA:28,0,1,0
BRDA:63,1,0,0
BRDA:63,1,1,0
BRDA:76,2,0,0
BRDA:76,2,1,0
BRDA:77,3,0,0
BRDA:77,3,1,0
BRDA:78,4,0,0
BRDA:78,4,1,0
BRDA:79,5,0,0
BRDA:79,5,1,0
BRDA:80,6,0,0
BRDA:80,6,1,0
BRDA:100,7,0,0
BRDA:100,7,1,0
BRDA:102,8,0,0
BRDA:102,8,1,0
BRDA:103,9,0,0
BRDA:103,9,1,0
BRDA:110,10,0,0
BRDA:110,10,1,0
BRDA:120,11,0,0
BRDA:120,11,1,0
BRF:24
BRH:0
end_of_record
TN:
SF:index.js
FN:40,(anonymous_0)
FN:41,(anonymous_1)
FN:102,(anonymous_2)
FN:103,(anonymous_3)
FN:123,generateOTP
FN:128,handleSendOTP
FN:271,handleVerifyOTP
FN:402,(anonymous_7)
FN:403,(anonymous_8)
FN:409,(anonymous_9)
FN:410,(anonymous_10)
FN:443,(anonymous_11)
FN:456,(anonymous_12)
FN:461,(anonymous_13)
FN:466,(anonymous_14)
FN:480,(anonymous_15)
FN:490,(anonymous_16)
FN:547,sendOTPEmail
FN:609,(anonymous_18)
FN:610,(anonymous_19)
FN:658,generateQuizReportHTML
FN:731,(anonymous_21)
FN:766,(anonymous_22)
FN:785,startOnboardingSequence
FN:799,(anonymous_24)
FN:816,(anonymous_25)
FN:826,sendOnboardingEmail
FN:870,getOnboardingEmailTemplate
FN:939,(anonymous_28)
FN:960,(anonymous_29)
FN:986,(anonymous_30)
FN:1075,(anonymous_31)
FN:1295,(anonymous_32)
FN:1512,(anonymous_33)
FN:1546,(anonymous_34)
FN:1547,(anonymous_35)
FN:1552,(anonymous_36)
FN:1761,(anonymous_37)
FN:1762,(anonymous_38)
FN:1876,(anonymous_39)
FN:1877,(anonymous_40)
FN:1942,(anonymous_41)
FN:1943,(anonymous_42)
FN:2008,(anonymous_43)
FN:2009,(anonymous_44)
FN:2037,(anonymous_45)
FNF:46
FNH:0
FNDA:0,(anonymous_0)
FNDA:0,(anonymous_1)
FNDA:0,(anonymous_2)
FNDA:0,(anonymous_3)
FNDA:0,generateOTP
FNDA:0,handleSendOTP
FNDA:0,handleVerifyOTP
FNDA:0,(anonymous_7)
FNDA:0,(anonymous_8)
FNDA:0,(anonymous_9)
FNDA:0,(anonymous_10)
FNDA:0,(anonymous_11)
FNDA:0,(anonymous_12)
FNDA:0,(anonymous_13)
FNDA:0,(anonymous_14)
FNDA:0,(anonymous_15)
FNDA:0,(anonymous_16)
FNDA:0,sendOTPEmail
FNDA:0,(anonymous_18)
FNDA:0,(anonymous_19)
FNDA:0,generateQuizReportHTML
FNDA:0,(anonymous_21)
FNDA:0,(anonymous_22)
FNDA:0,startOnboardingSequence
FNDA:0,(anonymous_24)
FNDA:0,(anonymous_25)
FNDA:0,sendOnboardingEmail
FNDA:0,getOnboardingEmailTemplate
FNDA:0,(anonymous_28)
FNDA:0,(anonymous_29)
FNDA:0,(anonymous_30)
FNDA:0,(anonymous_31)
FNDA:0,(anonymous_32)
FNDA:0,(anonymous_33)
FNDA:0,(anonymous_34)
FNDA:0,(anonymous_35)
FNDA:0,(anonymous_36)
FNDA:0,(anonymous_37)
FNDA:0,(anonymous_38)
FNDA:0,(anonymous_39)
FNDA:0,(anonymous_40)
FNDA:0,(anonymous_41)
FNDA:0,(anonymous_42)
FNDA:0,(anonymous_43)
FNDA:0,(anonymous_44)
FNDA:0,(anonymous_45)
DA:1,0
DA:2,0
DA:3,0
DA:4,0
DA:7,0
DA:8,0
DA:12,0
DA:13,0
DA:14,0
DA:15,0
DA:16,0
DA:20,0
DA:21,0
DA:22,0
DA:23,0
DA:24,0
DA:25,0
DA:26,0
DA:27,0
DA:30,0
DA:34,0
DA:41,0
DA:42,0
DA:44,0
DA:45,0
DA:46,0
DA:50,0
DA:51,0
DA:56,0
DA:59,0
DA:60,0
DA:61,0
DA:64,0
DA:65,0
DA:67,0
DA:68,0
DA:69,0
DA:70,0
DA:73,0
DA:85,0
DA:87,0
DA:88,0
DA:96,0
DA:103,0
DA:104,0
DA:106,0
DA:107,0
DA:108,0
DA:112,0
DA:113,0
DA:114,0
DA:115,0
DA:117,0
DA:124,0
DA:129,0
DA:130,0
DA:131,0
DA:134,0
DA:135,0
DA:137,0
DA:138,0
DA:139,0
DA:143,0
DA:144,0
DA:145,0
DA:146,0
DA:148,0
DA:150,0
DA:151,0
DA:153,0
DA:158,0
DA:159,0
DA:160,0
DA:161,0
DA:162,0
DA:163,0
DA:164,0
DA:165,0
DA:169,0
DA:170,0
DA:173,0
DA:174,0
DA:175,0
DA:179,0
DA:181,0
DA:182,0
DA:183,0
DA:187,0
DA:188,0
DA:192,0
DA:196,0
DA:199,0
DA:200,0
DA:206,0
DA:208,0
DA:212,0
DA:216,0
DA:219,0
DA:220,0
DA:222,0
DA:226,0
DA:227,0
DA:229,0
DA:232,0
DA:233,0
DA:234,0
DA:236,0
DA:237,0
DA:238,0
DA:239,0
DA:240,0
DA:242,0
DA:243,0
DA:244,0
DA:249,0
DA:253,0
DA:259,0
DA:260,0
DA:261,0
DA:263,0
DA:265,0
DA:266,0
DA:272,0
DA:273,0
DA:274,0
DA:277,0
DA:278,0
DA:280,0
DA:281,0
DA:282,0
DA:286,0
DA:287,0
DA:288,0
DA:290,0
DA:291,0
DA:293,0
DA:294,0
DA:295,0
DA:296,0
DA:298,0
DA:301,0
DA:302,0
DA:306,0
DA:307,0
DA:310,0
DA:311,0
DA:313,0
DA:319,0
DA:321,0
DA:325,0
DA:330,0
DA:331,0
DA:335,0
DA:339,0
DA:340,0
DA:341,0
DA:343,0
DA:345,0
DA:349,0
DA:353,0
DA:355,0
DA:356,0
DA:360,0
DA:364,0
DA:365,0
DA:366,0
DA:368,0
DA:370,0
DA:374,0
DA:377,0
DA:381,0
DA:385,0
DA:386,0
DA:387,0
DA:389,0
DA:393,0
DA:394,0
DA:396,0
DA:400,0
DA:402,0
DA:403,0
DA:404,0
DA:406,0
DA:408,0
DA:409,0
DA:410,0
DA:415,0
DA:419,0
DA:423,0
DA:425,0
DA:430,0
DA:432,0
DA:437,0
DA:440,0
DA:441,0
DA:443,0
DA:444,0
DA:445,0
DA:448,0
DA:451,0
DA:452,0
DA:455,0
DA:456,0
DA:460,0
DA:461,0
DA:465,0
DA:466,0
DA:469,0
DA:470,0
DA:477,0
DA:478,0
DA:480,0
DA:484,0
DA:488,0
DA:489,0
DA:490,0
DA:491,0
DA:492,0
DA:498,0
DA:499,0
DA:502,0
DA:505,0
DA:507,0
DA:510,0
DA:514,0
DA:517,0
DA:519,0
DA:523,0
DA:525,0
DA:529,0
DA:538,0
DA:539,0
DA:548,0
DA:601,0
DA:607,0
DA:610,0
DA:611,0
DA:612,0
DA:613,0
DA:616,0
DA:618,0
DA:619,0
DA:620,0
DA:623,0
DA:625,0
DA:627,0
DA:638,0
DA:639,0
DA:642,0
DA:643,0
DA:649,0
DA:651,0
DA:652,0
DA:660,0
DA:661,0
DA:662,0
DA:665,0
DA:666,0
DA:669,0
DA:672,0
DA:674,0
DA:731,0
DA:762,0
DA:767,0
DA:768,0
DA:770,0
DA:773,0
DA:774,0
DA:778,0
DA:780,0
DA:786,0
DA:789,0
DA:799,0
DA:803,0
DA:807,0
DA:814,0
DA:816,0
DA:827,0
DA:830,0
DA:831,0
DA:832,0
DA:835,0
DA:836,0
DA:837,0
DA:840,0
DA:842,0
DA:854,0
DA:857,0
DA:866,0
DA:871,0
DA:872,0
DA:874,0
DA:876,0
DA:904,0
DA:926,0
DA:935,0
DA:940,0
DA:942,0
DA:943,0
DA:946,0
DA:948,0
DA:949,0
DA:950,0
DA:953,0
DA:954,0
DA:955,0
DA:957,0
DA:960,0
DA:961,0
DA:964,0
DA:968,0
DA:970,0
DA:976,0
DA:980,0
DA:988,0
DA:989,0
DA:990,0
DA:991,0
DA:992,0
DA:993,0
DA:996,0
DA:997,0
DA:998,0
DA:1001,0
DA:1002,0
DA:1003,0
DA:1005,0
DA:1013,0
DA:1015,0
DA:1018,0
DA:1019,0
DA:1020,0
DA:1023,0
DA:1024,0
DA:1025,0
DA:1026,0
DA:1027,0
DA:1032,0
DA:1035,0
DA:1036,0
DA:1040,0
DA:1041,0
DA:1045,0
DA:1054,0
DA:1057,0
DA:1058,0
DA:1061,0
DA:1065,0
DA:1066,0
DA:1067,0
DA:1068,0
DA:1071,0
DA:1072,0
DA:1073,0
DA:1075,0
DA:1076,0
DA:1077,0
DA:1078,0
DA:1083,0
DA:1089,0
DA:1090,0
DA:1092,0
DA:1093,0
DA:1096,0
DA:1099,0
DA:1100,0
DA:1101,0
DA:1103,0
DA:1104,0
DA:1105,0
DA:1106,0
DA:1109,0
DA:1110,0
DA:1111,0
DA:1112,0
DA:1113,0
DA:1118,0
DA:1122,0
DA:1123,0
DA:1124,0
DA:1125,0
DA:1130,0
DA:1134,0
DA:1137,0
DA:1138,0
DA:1139,0
DA:1140,0
DA:1141,0
DA:1142,0
DA:1147,0
DA:1152,0
DA:1156,0
DA:1157,0
DA:1158,0
DA:1159,0
DA:1160,0
DA:1162,0
DA:1163,0
DA:1164,0
DA:1165,0
DA:1170,0
DA:1175,0
DA:1176,0
DA:1177,0
DA:1178,0
DA:1179,0
DA:1180,0
DA:1185,0
DA:1189,0
DA:1193,0
DA:1197,0
DA:1198,0
DA:1199,0
DA:1202,0
DA:1203,0
DA:1222,0
DA:1223,0
DA:1226,0
DA:1227,0
DA:1231,0
DA:1250,0
DA:1251,0
DA:1252,0
DA:1253,0
DA:1254,0
DA:1255,0
DA:1256,0
DA:1266,0
DA:1267,0
DA:1270,0
DA:1271,0
DA:1272,0
DA:1273,0
DA:1280,0
DA:1281,0
DA:1283,0
DA:1284,0
DA:1285,0
DA:1286,0
DA:1289,0
DA:1290,0
DA:1291,0
DA:1292,0
DA:1293,0
DA:1295,0
DA:1296,0
DA:1300,0
DA:1301,0
DA:1303,0
DA:1305,0
DA:1306,0
DA:1309,0
DA:1312,0
DA:1316,0
DA:1416,0
DA:1436,0
DA:1437,0
DA:1438,0
DA:1441,0
DA:1449,0
DA:1455,0
DA:1456,0
DA:1458,0
DA:1460,0
DA:1461,0
DA:1463,0
DA:1464,0
DA:1466,0
DA:1471,0
DA:1479,0
DA:1482,0
DA:1486,0
DA:1490,0
DA:1493,0
DA:1497,0
DA:1500,0
DA:1501,0
DA:1506,0
DA:1514,0
DA:1515,0
DA:1516,0
DA:1517,0
DA:1518,0
DA:1519,0
DA:1522,0
DA:1523,0
DA:1524,0
DA:1527,0
DA:1528,0
DA:1529,0
DA:1530,0
DA:1532,0
DA:1534,0
DA:1537,0
DA:1538,0
DA:1541,0
DA:1542,0
DA:1543,0
DA:1546,0
DA:1547,0
DA:1548,0
DA:1549,0
DA:1552,0
DA:1553,0
DA:1554,0
DA:1557,0
DA:1560,0
DA:1561,0
DA:1563,0
DA:1567,0
DA:1568,0
DA:1570,0
DA:1572,0
DA:1573,0
DA:1574,0
DA:1575,0
DA:1577,0
DA:1578,0
DA:1579,0
DA:1592,0
DA:1595,0
DA:1596,0
DA:1597,0
DA:1598,0
DA:1599,0
DA:1600,0
DA:1601,0
DA:1603,0
DA:1604,0
DA:1605,0
DA:1608,0
DA:1609,0
DA:1611,0
DA:1612,0
DA:1614,0
DA:1615,0
DA:1620,0
DA:1621,0
DA:1622,0
DA:1623,0
DA:1628,0
DA:1629,0
DA:1632,0
DA:1636,0
DA:1637,0
DA:1638,0
DA:1640,0
DA:1642,0
DA:1645,0
DA:1646,0
DA:1648,0
DA:1649,0
DA:1650,0
DA:1653,0
DA:1655,0
DA:1656,0
DA:1660,0
DA:1664,0
DA:1668,0
DA:1669,0
DA:1670,0
DA:1672,0
DA:1673,0
DA:1676,0
DA:1678,0
DA:1681,0
DA:1683,0
DA:1685,0
DA:1686,0
DA:1687,0
DA:1691,0
DA:1695,0
DA:1699,0
DA:1700,0
DA:1704,0
DA:1710,0
DA:1711,0
DA:1713,0
DA:1714,0
DA:1717,0
DA:1718,0
DA:1719,0
DA:1720,0
DA:1723,0
DA:1725,0
DA:1730,0
DA:1749,0
DA:1750,0
DA:1753,0
DA:1754,0
DA:1756,0
DA:1758,0
DA:1759,0
DA:1760,0
DA:1761,0
DA:1762,0
DA:1764,0
DA:1767,0
DA:1813,0
DA:1815,0
DA:1816,0
DA:1836,0
DA:1837,0
DA:1838,0
DA:1841,0
DA:1842,0
DA:1843,0
DA:1846,0
DA:1854,0
DA:1859,0
DA:1864,0
DA:1867,0
DA:1869,0
DA:1874,0
DA:1877,0
DA:1878,0
DA:1879,0
DA:1880,0
DA:1883,0
DA:1884,0
DA:1885,0
DA:1888,0
DA:1889,0
DA:1891,0
DA:1892,0
DA:1896,0
DA:1899,0
DA:1900,0
DA:1908,0
DA:1909,0
DA:1910,0
DA:1912,0
DA:1918,0
DA:1920,0
DA:1924,0
DA:1927,0
DA:1934,0
DA:1935,0
DA:1940,0
DA:1943,0
DA:1944,0
DA:1945,0
DA:1946,0
DA:1949,0
DA:1950,0
DA:1951,0
DA:1954,0
DA:1955,0
DA:1957,0
DA:1958,0
DA:1962,0
DA:1963,0
DA:1965,0
DA:1966,0
DA:1969,0
DA:1972,0
DA:1973,0
DA:1974,0
DA:1975,0
DA:1979,0
DA:1980,0
DA:1981,0
DA:1985,0
DA:1986,0
DA:1987,0
DA:1991,0
DA:1993,0
DA:1999,0
DA:2000,0
DA:2006,0
DA:2009,0
DA:2010,0
DA:2011,0
DA:2012,0
DA:2015,0
DA:2016,0
DA:2017,0
DA:2020,0
DA:2021,0
DA:2024,0
DA:2027,0
DA:2029,0
DA:2031,0
DA:2037,0
DA:2038,0
DA:2044,0
DA:2045,0
DA:2070,0
DA:2073,0
DA:2078,0
DA:2083,0
DA:2088,0
DA:2093,0
LF:693
LH:0
BRDA:7,0,0,0
BRDA:7,0,1,0
BRDA:13,1,0,0
BRDA:13,1,1,0
BRDA:15,2,0,0
BRDA:15,2,1,0
BRDA:24,3,0,0
BRDA:24,3,1,0
BRDA:24,4,0,0
BRDA:24,4,1,0
BRDA:26,5,0,0
BRDA:26,5,1,0
BRDA:26,6,0,0
BRDA:26,6,1,0
BRDA:44,7,0,0
BRDA:44,7,1,0
BRDA:50,8,0,0
BRDA:50,8,1,0
BRDA:50,9,0,0
BRDA:50,9,1,0
BRDA:50,9,2,0
BRDA:59,10,0,0
BRDA:59,10,1,0
BRDA:65,11,0,0
BRDA:65,11,1,0
BRDA:65,11,2,0
BRDA:67,12,0,0
BRDA:67,12,1,0
BRDA:87,13,0,0
BRDA:87,13,1,0
BRDA:88,14,0,0
BRDA:88,14,1,0
BRDA:89,15,0,0
BRDA:89,15,1,0
BRDA:106,16,0,0
BRDA:106,16,1,0
BRDA:112,17,0,0
BRDA:112,17,1,0
BRDA:112,18,0,0
BRDA:112,18,1,0
BRDA:114,19,0,0
BRDA:114,19,1,0
BRDA:114,20,0,0
BRDA:114,20,1,0
BRDA:129,21,0,0
BRDA:129,21,1,0
BRDA:137,22,0,0
BRDA:137,22,1,0
BRDA:158,23,0,0
BRDA:158,23,1,0
BRDA:161,24,0,0
BRDA:161,24,1,0
BRDA:161,24,2,0
BRDA:162,25,0,0
BRDA:162,25,1,0
BRDA:165,26,0,0
BRDA:165,26,1,0
BRDA:165,26,2,0
BRDA:169,27,0,0
BRDA:169,27,1,0
BRDA:173,28,0,0
BRDA:173,28,1,0
BRDA:173,29,0,0
BRDA:173,29,1,0
BRDA:181,30,0,0
BRDA:181,30,1,0
BRDA:181,31,0,0
BRDA:181,31,1,0
BRDA:187,32,0,0
BRDA:187,32,1,0
BRDA:216,33,0,0
BRDA:216,33,1,0
BRDA:216,33,2,0
BRDA:219,34,0,0
BRDA:219,34,1,0
BRDA:226,35,0,0
BRDA:226,35,1,0
BRDA:226,36,0,0
BRDA:226,36,1,0
BRDA:236,37,0,0
BRDA:236,37,1,0
BRDA:236,38,0,0
BRDA:236,38,1,0
BRDA:243,39,0,0
BRDA:243,39,1,0
BRDA:255,40,0,0
BRDA:255,40,1,0
BRDA:260,41,0,0
BRDA:260,41,1,0
BRDA:272,42,0,0
BRDA:272,42,1,0
BRDA:280,43,0,0
BRDA:280,43,1,0
BRDA:280,44,0,0
BRDA:280,44,1,0
BRDA:293,45,0,0
BRDA:293,45,1,0
BRDA:306,46,0,0
BRDA:306,46,1,0
BRDA:310,47,0,0
BRDA:310,47,1,0
BRDA:310,48,0,0
BRDA:310,48,1,0
BRDA:310,48,2,0
BRDA:330,49,0,0
BRDA:330,49,1,0
BRDA:339,50,0,0
BRDA:339,50,1,0
BRDA:353,51,0,0
BRDA:353,51,1,0
BRDA:364,52,0,0
BRDA:364,52,1,0
BRDA:400,53,0,0
BRDA:400,53,1,0
BRDA:423,54,0,0
BRDA:423,54,1,0
BRDA:430,55,0,0
BRDA:430,55,1,0
BRDA:437,56,0,0
BRDA:437,56,1,0
BRDA:451,57,0,0
BRDA:451,57,1,0
BRDA:451,58,0,0
BRDA:451,58,1,0
BRDA:452,59,0,0
BRDA:452,59,1,0
BRDA:452,60,0,0
BRDA:452,60,1,0
BRDA:455,61,0,0
BRDA:455,61,1,0
BRDA:455,62,0,0
BRDA:455,62,1,0
BRDA:456,63,0,0
BRDA:456,63,1,0
BRDA:456,64,0,0
BRDA:456,64,1,0
BRDA:460,65,0,0
BRDA:460,65,1,0
BRDA:460,66,0,0
BRDA:460,66,1,0
BRDA:461,67,0,0
BRDA:461,67,1,0
BRDA:461,68,0,0
BRDA:461,68,1,0
BRDA:465,69,0,0
BRDA:465,69,1,0
BRDA:465,70,0,0
BRDA:465,70,1,0
BRDA:466,71,0,0
BRDA:466,71,1,0
BRDA:466,72,0,0
BRDA:466,72,1,0
BRDA:469,73,0,0
BRDA:469,73,1,0
BRDA:488,74,0,0
BRDA:488,74,1,0
BRDA:547,75,0,0
BRDA:551,76,0,0
BRDA:551,76,1,0
BRDA:551,76,2,0
BRDA:555,77,0,0
BRDA:555,77,1,0
BRDA:555,78,0,0
BRDA:555,78,1,0
BRDA:555,79,0,0
BRDA:555,79,1,0
BRDA:567,80,0,0
BRDA:567,80,1,0
BRDA:567,81,0,0
BRDA:567,81,1,0
BRDA:567,82,0,0
BRDA:567,82,1,0
BRDA:611,83,0,0
BRDA:611,83,1,0
BRDA:618,84,0,0
BRDA:618,84,1,0
BRDA:618,85,0,0
BRDA:618,85,1,0
BRDA:642,86,0,0
BRDA:642,86,1,0
BRDA:660,87,0,0
BRDA:660,87,1,0
BRDA:660,88,0,0
BRDA:660,88,1,0
BRDA:665,89,0,0
BRDA:665,89,1,0
BRDA:666,90,0,0
BRDA:666,90,1,0
BRDA:667,91,0,0
BRDA:667,91,1,0
BRDA:668,92,0,0
BRDA:668,92,1,0
BRDA:669,93,0,0
BRDA:669,93,1,0
BRDA:669,94,0,0
BRDA:669,94,1,0
BRDA:672,95,0,0
BRDA:672,95,1,0
BRDA:672,95,2,0
BRDA:684,96,0,0
BRDA:684,96,1,0
BRDA:684,97,0,0
BRDA:684,97,1,0
BRDA:701,98,0,0
BRDA:701,98,1,0
BRDA:709,99,0,0
BRDA:709,99,1,0
BRDA:709,100,0,0
BRDA:709,100,1,0
BRDA:711,101,0,0
BRDA:711,101,1,0
BRDA:712,102,0,0
BRDA:712,102,1,0
BRDA:712,103,0,0
BRDA:712,103,1,0
BRDA:714,104,0,0
BRDA:714,104,1,0
BRDA:714,105,0,0
BRDA:714,105,1,0
BRDA:716,106,0,0
BRDA:716,106,1,0
BRDA:717,107,0,0
BRDA:717,107,1,0
BRDA:717,108,0,0
BRDA:717,108,1,0
BRDA:719,109,0,0
BRDA:719,109,1,0
BRDA:719,110,0,0
BRDA:719,110,1,0
BRDA:721,111,0,0
BRDA:721,111,1,0
BRDA:722,112,0,0
BRDA:722,112,1,0
BRDA:722,113,0,0
BRDA:722,113,1,0
BRDA:724,114,0,0
BRDA:724,114,1,0
BRDA:724,115,0,0
BRDA:724,115,1,0
BRDA:726,116,0,0
BRDA:726,116,1,0
BRDA:727,117,0,0
BRDA:727,117,1,0
BRDA:727,118,0,0
BRDA:727,118,1,0
BRDA:731,119,0,0
BRDA:731,119,1,0
BRDA:731,120,0,0
BRDA:731,120,1,0
BRDA:734,121,0,0
BRDA:734,121,1,0
BRDA:735,122,0,0
BRDA:735,122,1,0
BRDA:736,123,0,0
BRDA:736,123,1,0
BRDA:791,124,0,0
BRDA:791,124,1,0
BRDA:791,124,2,0
BRDA:792,125,0,0
BRDA:792,125,1,0
BRDA:793,126,0,0
BRDA:793,126,1,0
BRDA:793,126,2,0
BRDA:798,127,0,0
BRDA:798,127,1,0
BRDA:798,127,2,0
BRDA:799,128,0,0
BRDA:799,128,1,0
BRDA:799,128,2,0
BRDA:831,129,0,0
BRDA:831,129,1,0
BRDA:837,130,0,0
BRDA:837,130,1,0
BRDA:843,131,0,0
BRDA:843,131,1,0
BRDA:845,132,0,0
BRDA:845,132,1,0
BRDA:871,133,0,0
BRDA:871,133,1,0
BRDA:872,134,0,0
BRDA:872,134,1,0
BRDA:874,135,0,0
BRDA:874,135,1,0
BRDA:874,135,2,0
BRDA:888,136,0,0
BRDA:888,136,1,0
BRDA:892,137,0,0
BRDA:892,137,1,0
BRDA:900,138,0,0
BRDA:900,138,1,0
BRDA:954,139,0,0
BRDA:954,139,1,0
BRDA:954,140,0,0
BRDA:954,140,1,0
BRDA:961,141,0,0
BRDA:961,141,1,0
BRDA:988,142,0,0
BRDA:988,142,1,0
BRDA:996,143,0,0
BRDA:996,143,1,0
BRDA:1024,144,0,0
BRDA:1024,144,1,0
BRDA:1024,145,0,0
BRDA:1024,145,1,0
BRDA:1026,146,0,0
BRDA:1026,146,1,0
BRDA:1035,147,0,0
BRDA:1035,147,1,0
BRDA:1040,148,0,0
BRDA:1040,148,1,0
BRDA:1040,149,0,0
BRDA:1040,149,1,0
BRDA:1065,150,0,0
BRDA:1065,150,1,0
BRDA:1068,151,0,0
BRDA:1068,151,1,0
BRDA:1075,152,0,0
BRDA:1075,152,1,0
BRDA:1075,153,0,0
BRDA:1075,153,1,0
BRDA:1076,154,0,0
BRDA:1076,154,1,0
BRDA:1089,155,0,0
BRDA:1089,155,1,0
BRDA:1104,156,0,0
BRDA:1104,156,1,0
BRDA:1106,157,0,0
BRDA:1106,157,1,0
BRDA:1110,158,0,0
BRDA:1110,158,1,0
BRDA:1110,159,0,0
BRDA:1110,159,1,0
BRDA:1111,160,0,0
BRDA:1111,160,1,0
BRDA:1122,161,0,0
BRDA:1122,161,1,0
BRDA:1122,162,0,0
BRDA:1122,162,1,0
BRDA:1122,162,2,0
BRDA:1123,163,0,0
BRDA:1123,163,1,0
BRDA:1134,164,0,0
BRDA:1134,164,1,0
BRDA:1137,165,0,0
BRDA:1137,165,1,0
BRDA:1137,166,0,0
BRDA:1137,166,1,0
BRDA:1137,166,2,0
BRDA:1140,167,0,0
BRDA:1140,167,1,0
BRDA:1141,168,0,0
BRDA:1141,168,1,0
BRDA:1152,169,0,0
BRDA:1152,169,1,0
BRDA:1156,170,0,0
BRDA:1156,170,1,0
BRDA:1156,171,0,0
BRDA:1156,171,1,0
BRDA:1156,171,2,0
BRDA:1158,172,0,0
BRDA:1158,172,1,0
BRDA:1163,173,0,0
BRDA:1163,173,1,0
BRDA:1175,174,0,0
BRDA:1175,174,1,0
BRDA:1175,175,0,0
BRDA:1175,175,1,0
BRDA:1175,175,2,0
BRDA:1178,176,0,0
BRDA:1178,176,1,0
BRDA:1189,177,0,0
BRDA:1189,177,1,0
BRDA:1193,178,0,0
BRDA:1193,178,1,0
BRDA:1197,179,0,0
BRDA:1197,179,1,0
BRDA:1218,180,0,0
BRDA:1218,180,1,0
BRDA:1244,181,0,0
BRDA:1244,181,1,0
BRDA:1246,182,0,0
BRDA:1246,182,1,0
BRDA:1250,183,0,0
BRDA:1250,183,1,0
BRDA:1255,184,0,0
BRDA:1255,184,1,0
BRDA:1272,185,0,0
BRDA:1272,185,1,0
BRDA:1272,185,2,0
BRDA:1280,186,0,0
BRDA:1280,186,1,0
BRDA:1293,187,0,0
BRDA:1293,187,1,0
BRDA:1293,188,0,0
BRDA:1293,188,1,0
BRDA:1300,189,0,0
BRDA:1300,189,1,0
BRDA:1301,190,0,0
BRDA:1301,190,1,0
BRDA:1312,191,0,0
BRDA:1312,191,1,0
BRDA:1436,192,0,0
BRDA:1436,192,1,0
BRDA:1455,193,0,0
BRDA:1455,193,1,0
BRDA:1455,194,0,0
BRDA:1455,194,1,0
BRDA:1456,195,0,0
BRDA:1456,195,1,0
BRDA:1463,196,0,0
BRDA:1463,196,1,0
BRDA:1514,197,0,0
BRDA:1514,197,1,0
BRDA:1522,198,0,0
BRDA:1522,198,1,0
BRDA:1537,199,0,0
BRDA:1537,199,1,0
BRDA:1537,200,0,0
BRDA:1537,200,1,0
BRDA:1548,201,0,0
BRDA:1548,201,1,0
BRDA:1560,202,0,0
BRDA:1560,202,1,0
BRDA:1570,203,0,0
BRDA:1570,203,1,0
BRDA:1575,204,0,0
BRDA:1575,204,1,0
BRDA:1592,205,0,0
BRDA:1592,205,1,0
BRDA:1592,205,2,0
BRDA:1595,206,0,0
BRDA:1595,206,1,0
BRDA:1595,206,2,0
BRDA:1596,207,0,0
BRDA:1596,207,1,0
BRDA:1596,207,2,0
BRDA:1597,208,0,0
BRDA:1597,208,1,0
BRDA:1597,208,2,0
BRDA:1598,209,0,0
BRDA:1598,209,1,0
BRDA:1598,209,2,0
BRDA:1599,210,0,0
BRDA:1599,210,1,0
BRDA:1599,210,2,0
BRDA:1600,211,0,0
BRDA:1600,211,1,0
BRDA:1600,211,2,0
BRDA:1601,212,0,0
BRDA:1601,212,1,0
BRDA:1601,212,2,0
BRDA:1604,213,0,0
BRDA:1604,213,1,0
BRDA:1604,214,0,0
BRDA:1604,214,1,0
BRDA:1605,215,0,0
BRDA:1605,215,1,0
BRDA:1608,216,0,0
BRDA:1608,216,1,0
BRDA:1608,217,0,0
BRDA:1608,217,1,0
BRDA:1608,217,2,0
BRDA:1612,218,0,0
BRDA:1612,218,1,0
BRDA:1620,219,0,0
BRDA:1620,219,1,0
BRDA:1622,220,0,0
BRDA:1622,220,1,0
BRDA:1628,221,0,0
BRDA:1628,221,1,0
BRDA:1628,222,0,0
BRDA:1628,222,1,0
BRDA:1628,222,2,0
BRDA:1637,223,0,0
BRDA:1637,223,1,0
BRDA:1648,224,0,0
BRDA:1648,224,1,0
BRDA:1655,225,0,0
BRDA:1655,225,1,0
BRDA:1668,226,0,0
BRDA:1668,226,1,0
BRDA:1676,227,0,0
BRDA:1676,227,1,0
BRDA:1676,227,2,0
BRDA:1678,228,0,0
BRDA:1678,228,1,0
BRDA:1678,228,2,0
BRDA:1685,229,0,0
BRDA:1685,229,1,0
BRDA:1685,230,0,0
BRDA:1685,230,1,0
BRDA:1695,231,0,0
BRDA:1695,231,1,0
BRDA:1695,232,0,0
BRDA:1695,232,1,0
BRDA:1695,232,2,0
BRDA:1695,232,3,0
BRDA:1713,233,0,0
BRDA:1713,233,1,0
BRDA:1717,234,0,0
BRDA:1717,234,1,0
BRDA:1719,235,0,0
BRDA:1719,235,1,0
BRDA:1731,236,0,0
BRDA:1731,236,1,0
BRDA:1734,237,0,0
BRDA:1734,237,1,0
BRDA:1735,238,0,0
BRDA:1735,238,1,0
BRDA:1736,239,0,0
BRDA:1736,239,1,0
BRDA:1738,240,0,0
BRDA:1738,240,1,0
BRDA:1738,240,2,0
BRDA:1739,241,0,0
BRDA:1739,241,1,0
BRDA:1740,242,0,0
BRDA:1740,242,1,0
BRDA:1753,243,0,0
BRDA:1753,243,1,0
BRDA:1753,244,0,0
BRDA:1753,244,1,0
BRDA:1759,245,0,0
BRDA:1759,245,1,0
BRDA:1759,246,0,0
BRDA:1759,246,1,0
BRDA:1761,247,0,0
BRDA:1761,247,1,0
BRDA:1762,248,0,0
BRDA:1762,248,1,0
BRDA:1785,249,0,0
BRDA:1785,249,1,0
BRDA:1785,249,2,0
BRDA:1813,250,0,0
BRDA:1813,250,1,0
BRDA:1813,250,2,0
BRDA:1815,251,0,0
BRDA:1815,251,1,0
BRDA:1836,252,0,0
BRDA:1836,252,1,0
BRDA:1842,253,0,0
BRDA:1842,253,1,0
BRDA:1850,254,0,0
BRDA:1850,254,1,0
BRDA:1851,255,0,0
BRDA:1851,255,1,0
BRDA:1878,256,0,0
BRDA:1878,256,1,0
BRDA:1883,257,0,0
BRDA:1883,257,1,0
BRDA:1891,258,0,0
BRDA:1891,258,1,0
BRDA:1902,259,0,0
BRDA:1902,259,1,0
BRDA:1908,260,0,0
BRDA:1908,260,1,0
BRDA:1910,261,0,0
BRDA:1910,261,1,0
BRDA:1910,261,2,0
BRDA:1931,262,0,0
BRDA:1931,262,1,0
BRDA:1944,263,0,0
BRDA:1944,263,1,0
BRDA:1949,264,0,0
BRDA:1949,264,1,0
BRDA:1957,265,0,0
BRDA:1957,265,1,0
BRDA:1957,266,0,0
BRDA:1957,266,1,0
BRDA:1965,267,0,0
BRDA:1965,267,1,0
BRDA:1972,268,0,0
BRDA:1972,268,1,0
BRDA:1973,269,0,0
BRDA:1973,269,1,0
BRDA:1979,270,0,0
BRDA:1979,270,1,0
BRDA:1985,271,0,0
BRDA:1985,271,1,0
BRDA:2010,272,0,0
BRDA:2010,272,1,0
BRDA:2015,273,0,0
BRDA:2015,273,1,0
BRDA:2024,274,0,0
BRDA:2024,274,1,0
BRDA:2027,275,0,0
BRDA:2027,275,1,0
BRF:587
BRH:0
end_of_record
TN:
SF:neo4j-sync.js
FN:25,(anonymous_0)
FN:33,(anonymous_1)
FN:71,(anonymous_2)
FN:88,(anonymous_3)
FN:101,(anonymous_4)
FN:149,(anonymous_5)
FN:196,(anonymous_6)
FN:211,(anonymous_7)
FN:247,(anonymous_8)
FN:262,(anonymous_9)
FN:299,(anonymous_10)
FN:338,(anonymous_11)
FN:370,(anonymous_12)
FN:388,(anonymous_13)
FN:410,(anonymous_14)
FN:432,(anonymous_15)
FN:454,(anonymous_16)
FN:470,(anonymous_17)
FNF:18
FNH:2
FNDA:2,(anonymous_0)
FNDA:0,(anonymous_1)
FNDA:0,(anonymous_2)
FNDA:0,(anonymous_3)
FNDA:0,(anonymous_4)
FNDA:0,(anonymous_5)
FNDA:0,(anonymous_6)
FNDA:0,(anonymous_7)
FNDA:0,(anonymous_8)
FNDA:0,(anonymous_9)
FNDA:0,(anonymous_10)
FNDA:9,(anonymous_11)
FNDA:0,(anonymous_12)
FNDA:0,(anonymous_13)
FNDA:0,(anonymous_14)
FNDA:0,(anonymous_15)
FNDA:0,(anonymous_16)
FNDA:0,(anonymous_17)
DA:21,2
DA:22,2
DA:26,2
DA:27,2
DA:34,0
DA:37,0
DA:38,0
DA:39,0
DA:41,0
DA:42,0
DA:45,0
DA:56,0
DA:57,0
DA:58,0
DA:59,0
DA:60,0
DA:61,0
DA:63,0
DA:64,0
DA:72,0
DA:75,0
DA:76,0
DA:78,0
DA:79,0
DA:80,0
DA:81,0
DA:83,0
DA:84,0
DA:86,0
DA:88,0
DA:91,0
DA:95,0
DA:102,0
DA:104,0
DA:107,0
DA:108,0
DA:131,0
DA:143,0
DA:150,0
DA:152,0
DA:174,0
DA:176,0
DA:190,0
DA:197,0
DA:199,0
DA:204,0
DA:205,0
DA:212,0
DA:214,0
DA:231,0
DA:241,0
DA:248,0
DA:250,0
DA:255,0
DA:256,0
DA:263,0
DA:266,0
DA:282,0
DA:283,0
DA:289,0
DA:292,0
DA:300,0
DA:303,0
DA:322,0
DA:331,0
DA:339,9
DA:342,9
DA:347,9
DA:350,9
DA:357,9
DA:360,9
DA:361,9
DA:362,8
DA:364,9
DA:371,0
DA:372,0
DA:373,0
DA:374,0
DA:380,2
DA:382,2
DA:389,0
DA:390,0
DA:391,0
DA:393,0
DA:394,0
DA:395,0
DA:398,0
DA:399,0
DA:401,0
DA:403,0
DA:411,0
DA:412,0
DA:413,0
DA:415,0
DA:417,0
DA:418,0
DA:421,0
DA:422,0
DA:424,0
DA:425,0
DA:433,0
DA:434,0
DA:435,0
DA:437,0
DA:439,0
DA:440,0
DA:443,0
DA:444,0
DA:446,0
DA:447,0
DA:455,0
DA:456,0
DA:457,0
DA:459,0
DA:460,0
DA:462,0
DA:463,0
DA:471,0
DA:472,0
DA:473,0
DA:475,0
DA:476,0
DA:478,0
DA:479,0
LF:124
LH:15
BRDA:34,0,0,0
BRDA:34,0,1,0
BRDA:34,1,0,0
BRDA:34,1,1,0
BRDA:37,2,0,0
BRDA:37,2,1,0
BRDA:37,2,2,0
BRDA:38,3,0,0
BRDA:38,3,1,0
BRDA:38,3,2,0
BRDA:39,4,0,0
BRDA:39,4,1,0
BRDA:41,5,0,0
BRDA:41,5,1,0
BRDA:71,6,0,0
BRDA:71,7,0,0
BRDA:72,8,0,0
BRDA:72,8,1,0
BRDA:86,9,0,0
BRDA:86,9,1,0
BRDA:104,10,0,0
BRDA:104,10,1,0
BRDA:134,11,0,0
BRDA:134,11,1,0
BRDA:135,12,0,0
BRDA:135,12,1,0
BRDA:136,13,0,0
BRDA:136,13,1,0
BRDA:178,14,0,0
BRDA:178,14,1,0
BRDA:179,15,0,0
BRDA:179,15,1,0
BRDA:180,16,0,0
BRDA:180,16,1,0
BRDA:181,17,0,0
BRDA:181,17,1,0
BRDA:182,18,0,0
BRDA:182,18,1,0
BRDA:185,19,0,0
BRDA:185,19,1,0
BRDA:185,19,2,0
BRDA:186,20,0,0
BRDA:186,20,1,0
BRDA:187,21,0,0
BRDA:187,21,1,0
BRDA:233,22,0,0
BRDA:233,22,1,0
BRDA:234,23,0,0
BRDA:234,23,1,0
BRDA:234,23,2,0
BRDA:235,24,0,0
BRDA:235,24,1,0
BRDA:235,24,2,0
BRDA:236,25,0,0
BRDA:236,25,1,0
BRDA:238,26,0,0
BRDA:238,26,1,0
BRDA:323,27,0,0
BRDA:323,27,1,0
BRDA:324,28,0,0
BRDA:324,28,1,0
BRDA:325,29,0,0
BRDA:325,29,1,0
BRDA:347,30,0,9
BRDA:347,30,1,2
BRDA:357,31,0,9
BRDA:357,31,1,2
BRDA:360,32,0,9
BRDA:360,32,1,2
BRDA:361,33,0,1
BRDA:361,33,1,8
BRDA:362,34,0,2
BRDA:362,34,1,6
BRDA:371,35,0,0
BRDA:371,35,1,0
BRDA:393,36,0,0
BRDA:393,36,1,0
BRDA:415,37,0,0
BRDA:415,37,1,0
BRDA:437,38,0,0
BRDA:437,38,1,0
BRF:81
BRH:10
end_of_record
TN:
SF:sendHabitReminders.js
FN:28,(anonymous_0)
FN:41,(anonymous_1)
FN:92,(anonymous_2)
FNF:3
FNH:0
FNDA:0,(anonymous_0)
FNDA:0,(anonymous_1)
FNDA:0,(anonymous_2)
DA:2,0
DA:3,0
DA:6,0
DA:7,0
DA:9,0
DA:10,0
DA:11,0
DA:12,0
DA:13,0
DA:14,0
DA:15,0
DA:16,0
DA:18,0
DA:21,0
DA:22,0
DA:25,0
DA:29,0
DA:30,0
DA:32,0
DA:34,0
DA:41,0
DA:42,0
DA:44,0
DA:46,0
DA:47,0
DA:48,0
DA:52,0
DA:59,0
DA:64,0
DA:66,0
DA:69,0
DA:77,0
DA:79,0
DA:80,0
DA:82,0
DA:83,0
DA:88,0
DA:93,0
DA:94,0
DA:97,0
DA:98,0
DA:101,0
DA:103,0
DA:108,0
DA:109,0
DA:110,0
DA:113,0
DA:116,0
DA:117,0
DA:118,0
DA:122,0
DA:129,0
DA:130,0
DA:131,0
DA:132,0
DA:133,0
DA:138,0
DA:140,0
DA:141,0
DA:142,0
DA:145,0
DA:146,0
DA:147,0
DA:151,0
DA:152,0
DA:155,0
DA:158,0
DA:159,0
DA:163,0
DA:164,0
DA:170,0
DA:185,0
DA:188,0
DA:189,0
DA:191,0
DA:193,0
DA:194,0
LF:77
LH:0
BRDA:11,0,0,0
BRDA:11,0,1,0
BRDA:11,1,0,0
BRDA:11,1,1,0
BRDA:11,1,2,0
BRDA:11,1,3,0
BRDA:46,2,0,0
BRDA:46,2,1,0
BRDA:97,3,0,0
BRDA:97,3,1,0
BRDA:108,4,0,0
BRDA:108,4,1,0
BRDA:116,5,0,0
BRDA:116,5,1,0
BRDA:116,6,0,0
BRDA:116,6,1,0
BRDA:129,7,0,0
BRDA:129,7,1,0
BRDA:131,8,0,0
BRDA:131,8,1,0
BRDA:146,9,0,0
BRDA:146,9,1,0
BRDA:155,10,0,0
BRDA:155,10,1,0
BRDA:158,11,0,0
BRDA:158,11,1,0
BRDA:176,12,0,0
BRDA:176,12,1,0
BRDA:177,13,0,0
BRDA:177,13,1,0
BRF:30
BRH:0
end_of_record
